{"/Users/ghenry/Documents/github/substreamer-rn/src/hooks/useCachedCoverArt.ts": {"path":"/Users/ghenry/Documents/github/substreamer-rn/src/hooks/useCachedCoverArt.ts","statementMap":{"0":{"start":{"line":22,"column":2},"end":{"line":22,"column":31}},"1":{"start":{"line":22,"column":19},"end":{"line":22,"column":31}},"2":{"start":{"line":23,"column":17},"end":{"line":23,"column":52}},"3":{"start":{"line":24,"column":2},"end":{"line":24,"column":28}},"4":{"start":{"line":24,"column":14},"end":{"line":24,"column":28}},"5":{"start":{"line":25,"column":2},"end":{"line":25,"column":42}},"6":{"start":{"line":36,"column":24},"end":{"line":38,"column":3}},"7":{"start":{"line":37,"column":4},"end":{"line":37,"column":32}},"8":{"start":{"line":41,"column":2},"end":{"line":43,"column":25}},"9":{"start":{"line":42,"column":4},"end":{"line":42,"column":41}},"10":{"start":{"line":46,"column":2},"end":{"line":62,"column":25}},"11":{"start":{"line":47,"column":4},"end":{"line":47,"column":28}},"12":{"start":{"line":47,"column":21},"end":{"line":47,"column":28}},"13":{"start":{"line":48,"column":20},"end":{"line":48,"column":25}},"14":{"start":{"line":50,"column":19},"end":{"line":50,"column":54}},"15":{"start":{"line":51,"column":4},"end":{"line":59,"column":5}},"16":{"start":{"line":52,"column":6},"end":{"line":58,"column":88}},"17":{"start":{"line":54,"column":10},"end":{"line":54,"column":32}},"18":{"start":{"line":54,"column":25},"end":{"line":54,"column":32}},"19":{"start":{"line":55,"column":28},"end":{"line":55,"column":63}},"20":{"start":{"line":56,"column":10},"end":{"line":56,"column":43}},"21":{"start":{"line":56,"column":25},"end":{"line":56,"column":43}},"22":{"start":{"line":61,"column":4},"end":{"line":61,"column":39}},"23":{"start":{"line":61,"column":19},"end":{"line":61,"column":36}},"24":{"start":{"line":64,"column":2},"end":{"line":64,"column":13}}},"fnMap":{"0":{"name":"resolveUri","decl":{"start":{"line":18,"column":9},"end":{"line":18,"column":19}},"loc":{"start":{"line":21,"column":17},"end":{"line":26,"column":1}},"line":21},"1":{"name":"useCachedCoverArt","decl":{"start":{"line":32,"column":16},"end":{"line":32,"column":33}},"loc":{"start":{"line":35,"column":17},"end":{"line":65,"column":1}},"line":35},"2":{"name":"(anonymous_2)","decl":{"start":{"line":36,"column":48},"end":{"line":36,"column":49}},"loc":{"start":{"line":37,"column":4},"end":{"line":37,"column":32}},"line":37},"3":{"name":"(anonymous_3)","decl":{"start":{"line":41,"column":12},"end":{"line":41,"column":13}},"loc":{"start":{"line":41,"column":18},"end":{"line":43,"column":3}},"line":41},"4":{"name":"(anonymous_4)","decl":{"start":{"line":46,"column":12},"end":{"line":46,"column":13}},"loc":{"start":{"line":46,"column":18},"end":{"line":62,"column":3}},"line":46},"5":{"name":"(anonymous_5)","decl":{"start":{"line":53,"column":14},"end":{"line":53,"column":15}},"loc":{"start":{"line":53,"column":20},"end":{"line":57,"column":9}},"line":53},"6":{"name":"(anonymous_6)","decl":{"start":{"line":58,"column":15},"end":{"line":58,"column":16}},"loc":{"start":{"line":58,"column":21},"end":{"line":58,"column":86}},"line":58},"7":{"name":"(anonymous_7)","decl":{"start":{"line":61,"column":11},"end":{"line":61,"column":12}},"loc":{"start":{"line":61,"column":17},"end":{"line":61,"column":38}},"line":61}},"branchMap":{"0":{"loc":{"start":{"line":22,"column":2},"end":{"line":22,"column":31}},"type":"if","locations":[{"start":{"line":22,"column":2},"end":{"line":22,"column":31}},{"start":{},"end":{}}],"line":22},"1":{"loc":{"start":{"line":24,"column":2},"end":{"line":24,"column":28}},"type":"if","locations":[{"start":{"line":24,"column":2},"end":{"line":24,"column":28}},{"start":{},"end":{}}],"line":24},"2":{"loc":{"start":{"line":47,"column":4},"end":{"line":47,"column":28}},"type":"if","locations":[{"start":{"line":47,"column":4},"end":{"line":47,"column":28}},{"start":{},"end":{}}],"line":47},"3":{"loc":{"start":{"line":51,"column":4},"end":{"line":59,"column":5}},"type":"if","locations":[{"start":{"line":51,"column":4},"end":{"line":59,"column":5}},{"start":{},"end":{}}],"line":51},"4":{"loc":{"start":{"line":54,"column":10},"end":{"line":54,"column":32}},"type":"if","locations":[{"start":{"line":54,"column":10},"end":{"line":54,"column":32}},{"start":{},"end":{}}],"line":54},"5":{"loc":{"start":{"line":56,"column":10},"end":{"line":56,"column":43}},"type":"if","locations":[{"start":{"line":56,"column":10},"end":{"line":56,"column":43}},{"start":{},"end":{}}],"line":56}},"s":{"0":0,"1":0,"2":0,"3":0,"4":0,"5":0,"6":0,"7":0,"8":0,"9":0,"10":0,"11":0,"12":0,"13":0,"14":0,"15":0,"16":0,"17":0,"18":0,"19":0,"20":0,"21":0,"22":0,"23":0,"24":0},"f":{"0":0,"1":0,"2":0,"3":0,"4":0,"5":0,"6":0,"7":0},"b":{"0":[0,0],"1":[0,0],"2":[0,0],"3":[0,0],"4":[0,0],"5":[0,0]}}
,"/Users/ghenry/Documents/github/substreamer-rn/src/hooks/useColorExtraction.ts": {"path":"/Users/ghenry/Documents/github/substreamer-rn/src/hooks/useColorExtraction.ts","statementMap":{"0":{"start":{"line":33,"column":20},"end":{"line":33,"column":53}},"1":{"start":{"line":34,"column":58},"end":{"line":34,"column":87}},"2":{"start":{"line":35,"column":26},"end":{"line":35,"column":43}},"3":{"start":{"line":38,"column":2},"end":{"line":75,"column":45}},"4":{"start":{"line":39,"column":4},"end":{"line":42,"column":5}},"5":{"start":{"line":40,"column":6},"end":{"line":40,"column":36}},"6":{"start":{"line":41,"column":6},"end":{"line":41,"column":13}},"7":{"start":{"line":43,"column":4},"end":{"line":46,"column":5}},"8":{"start":{"line":44,"column":6},"end":{"line":44,"column":36}},"9":{"start":{"line":45,"column":6},"end":{"line":45,"column":13}},"10":{"start":{"line":47,"column":16},"end":{"line":47,"column":25}},"11":{"start":{"line":48,"column":4},"end":{"line":51,"column":5}},"12":{"start":{"line":49,"column":6},"end":{"line":49,"column":36}},"13":{"start":{"line":50,"column":6},"end":{"line":50,"column":13}},"14":{"start":{"line":52,"column":20},"end":{"line":52,"column":25}},"15":{"start":{"line":53,"column":15},"end":{"line":70,"column":6}},"16":{"start":{"line":54,"column":6},"end":{"line":69,"column":11}},"17":{"start":{"line":55,"column":8},"end":{"line":68,"column":9}},"18":{"start":{"line":56,"column":10},"end":{"line":56,"column":68}},"19":{"start":{"line":56,"column":41},"end":{"line":56,"column":66}},"20":{"start":{"line":57,"column":10},"end":{"line":57,"column":32}},"21":{"start":{"line":57,"column":25},"end":{"line":57,"column":32}},"22":{"start":{"line":58,"column":32},"end":{"line":58,"column":73}},"23":{"start":{"line":59,"column":25},"end":{"line":62,"column":12}},"24":{"start":{"line":63,"column":10},"end":{"line":63,"column":32}},"25":{"start":{"line":63,"column":25},"end":{"line":63,"column":32}},"26":{"start":{"line":64,"column":28},"end":{"line":64,"column":72}},"27":{"start":{"line":65,"column":10},"end":{"line":65,"column":53}},"28":{"start":{"line":67,"column":10},"end":{"line":67,"column":56}},"29":{"start":{"line":67,"column":26},"end":{"line":67,"column":56}},"30":{"start":{"line":71,"column":4},"end":{"line":74,"column":6}},"31":{"start":{"line":72,"column":6},"end":{"line":72,"column":23}},"32":{"start":{"line":73,"column":6},"end":{"line":73,"column":29}},"33":{"start":{"line":78,"column":2},"end":{"line":85,"column":46}},"34":{"start":{"line":79,"column":4},"end":{"line":84,"column":5}},"35":{"start":{"line":80,"column":6},"end":{"line":80,"column":32}},"36":{"start":{"line":81,"column":6},"end":{"line":81,"column":63}},"37":{"start":{"line":83,"column":6},"end":{"line":83,"column":63}},"38":{"start":{"line":87,"column":2},"end":{"line":87,"column":51}}},"fnMap":{"0":{"name":"useColorExtraction","decl":{"start":{"line":29,"column":16},"end":{"line":29,"column":34}},"loc":{"start":{"line":32,"column":25},"end":{"line":88,"column":1}},"line":32},"1":{"name":"(anonymous_1)","decl":{"start":{"line":38,"column":12},"end":{"line":38,"column":13}},"loc":{"start":{"line":38,"column":18},"end":{"line":75,"column":3}},"line":38},"2":{"name":"(anonymous_2)","decl":{"start":{"line":53,"column":35},"end":{"line":53,"column":36}},"loc":{"start":{"line":53,"column":41},"end":{"line":70,"column":5}},"line":53},"3":{"name":"(anonymous_3)","decl":{"start":{"line":54,"column":7},"end":{"line":54,"column":8}},"loc":{"start":{"line":54,"column":19},"end":{"line":69,"column":7}},"line":54},"4":{"name":"(anonymous_4)","decl":{"start":{"line":56,"column":28},"end":{"line":56,"column":29}},"loc":{"start":{"line":56,"column":41},"end":{"line":56,"column":66}},"line":56},"5":{"name":"(anonymous_5)","decl":{"start":{"line":71,"column":11},"end":{"line":71,"column":12}},"loc":{"start":{"line":71,"column":17},"end":{"line":74,"column":5}},"line":71},"6":{"name":"(anonymous_6)","decl":{"start":{"line":78,"column":12},"end":{"line":78,"column":13}},"loc":{"start":{"line":78,"column":18},"end":{"line":85,"column":3}},"line":78}},"branchMap":{"0":{"loc":{"start":{"line":39,"column":4},"end":{"line":42,"column":5}},"type":"if","locations":[{"start":{"line":39,"column":4},"end":{"line":42,"column":5}},{"start":{},"end":{}}],"line":39},"1":{"loc":{"start":{"line":43,"column":4},"end":{"line":46,"column":5}},"type":"if","locations":[{"start":{"line":43,"column":4},"end":{"line":46,"column":5}},{"start":{},"end":{}}],"line":43},"2":{"loc":{"start":{"line":48,"column":4},"end":{"line":51,"column":5}},"type":"if","locations":[{"start":{"line":48,"column":4},"end":{"line":51,"column":5}},{"start":{},"end":{}}],"line":48},"3":{"loc":{"start":{"line":57,"column":10},"end":{"line":57,"column":32}},"type":"if","locations":[{"start":{"line":57,"column":10},"end":{"line":57,"column":32}},{"start":{},"end":{}}],"line":57},"4":{"loc":{"start":{"line":63,"column":10},"end":{"line":63,"column":32}},"type":"if","locations":[{"start":{"line":63,"column":10},"end":{"line":63,"column":32}},{"start":{},"end":{}}],"line":63},"5":{"loc":{"start":{"line":65,"column":34},"end":{"line":65,"column":51}},"type":"binary-expr","locations":[{"start":{"line":65,"column":34},"end":{"line":65,"column":43}},{"start":{"line":65,"column":47},"end":{"line":65,"column":51}}],"line":65},"6":{"loc":{"start":{"line":67,"column":10},"end":{"line":67,"column":56}},"type":"if","locations":[{"start":{"line":67,"column":10},"end":{"line":67,"column":56}},{"start":{},"end":{}}],"line":67},"7":{"loc":{"start":{"line":79,"column":4},"end":{"line":84,"column":5}},"type":"if","locations":[{"start":{"line":79,"column":4},"end":{"line":84,"column":5}},{"start":{"line":82,"column":11},"end":{"line":84,"column":5}}],"line":79}},"s":{"0":0,"1":0,"2":0,"3":0,"4":0,"5":0,"6":0,"7":0,"8":0,"9":0,"10":0,"11":0,"12":0,"13":0,"14":0,"15":0,"16":0,"17":0,"18":0,"19":0,"20":0,"21":0,"22":0,"23":0,"24":0,"25":0,"26":0,"27":0,"28":0,"29":0,"30":0,"31":0,"32":0,"33":0,"34":0,"35":0,"36":0,"37":0,"38":0},"f":{"0":0,"1":0,"2":0,"3":0,"4":0,"5":0,"6":0},"b":{"0":[0,0],"1":[0,0],"2":[0,0],"3":[0,0],"4":[0,0],"5":[0,0],"6":[0,0],"7":[0,0]}}
,"/Users/ghenry/Documents/github/substreamer-rn/src/hooks/useDownloadBackgroundNotification.ts": {"path":"/Users/ghenry/Documents/github/substreamer-rn/src/hooks/useDownloadBackgroundNotification.ts","statementMap":{"0":{"start":{"line":7,"column":19},"end":{"line":7,"column":30}},"1":{"start":{"line":9,"column":0},"end":{"line":15,"column":1}},"2":{"start":{"line":10,"column":2},"end":{"line":14,"column":5}},"3":{"start":{"line":17,"column":0},"end":{"line":25,"column":3}},"4":{"start":{"line":18,"column":35},"end":{"line":24,"column":3}},"5":{"start":{"line":28,"column":25},"end":{"line":28,"column":52}},"6":{"start":{"line":30,"column":2},"end":{"line":54,"column":9}},"7":{"start":{"line":31,"column":16},"end":{"line":51,"column":6}},"8":{"start":{"line":32,"column":24},"end":{"line":33,"column":73}},"9":{"start":{"line":33,"column":21},"end":{"line":33,"column":72}},"10":{"start":{"line":35,"column":6},"end":{"line":50,"column":7}},"11":{"start":{"line":36,"column":28},"end":{"line":36,"column":73}},"12":{"start":{"line":37,"column":8},"end":{"line":37,"column":29}},"13":{"start":{"line":37,"column":22},"end":{"line":37,"column":29}},"14":{"start":{"line":39,"column":8},"end":{"line":46,"column":11}},"15":{"start":{"line":47,"column":13},"end":{"line":50,"column":7}},"16":{"start":{"line":48,"column":8},"end":{"line":48,"column":77}},"17":{"start":{"line":49,"column":8},"end":{"line":49,"column":38}},"18":{"start":{"line":53,"column":4},"end":{"line":53,"column":30}},"19":{"start":{"line":53,"column":17},"end":{"line":53,"column":29}}},"fnMap":{"0":{"name":"(anonymous_0)","decl":{"start":{"line":18,"column":22},"end":{"line":18,"column":23}},"loc":{"start":{"line":18,"column":35},"end":{"line":24,"column":3}},"line":18},"1":{"name":"useDownloadBackgroundNotification","decl":{"start":{"line":27,"column":16},"end":{"line":27,"column":49}},"loc":{"start":{"line":27,"column":52},"end":{"line":55,"column":1}},"line":27},"2":{"name":"(anonymous_2)","decl":{"start":{"line":30,"column":12},"end":{"line":30,"column":13}},"loc":{"start":{"line":30,"column":18},"end":{"line":54,"column":3}},"line":30},"3":{"name":"(anonymous_3)","decl":{"start":{"line":31,"column":52},"end":{"line":31,"column":53}},"loc":{"start":{"line":31,"column":68},"end":{"line":51,"column":5}},"line":31},"4":{"name":"(anonymous_4)","decl":{"start":{"line":33,"column":14},"end":{"line":33,"column":15}},"loc":{"start":{"line":33,"column":21},"end":{"line":33,"column":72}},"line":33},"5":{"name":"(anonymous_5)","decl":{"start":{"line":53,"column":11},"end":{"line":53,"column":12}},"loc":{"start":{"line":53,"column":17},"end":{"line":53,"column":29}},"line":53}},"branchMap":{"0":{"loc":{"start":{"line":9,"column":0},"end":{"line":15,"column":1}},"type":"if","locations":[{"start":{"line":9,"column":0},"end":{"line":15,"column":1}},{"start":{},"end":{}}],"line":9},"1":{"loc":{"start":{"line":33,"column":21},"end":{"line":33,"column":72}},"type":"binary-expr","locations":[{"start":{"line":33,"column":21},"end":{"line":33,"column":42}},{"start":{"line":33,"column":46},"end":{"line":33,"column":72}}],"line":33},"2":{"loc":{"start":{"line":35,"column":6},"end":{"line":50,"column":7}},"type":"if","locations":[{"start":{"line":35,"column":6},"end":{"line":50,"column":7}},{"start":{"line":47,"column":13},"end":{"line":50,"column":7}}],"line":35},"3":{"loc":{"start":{"line":35,"column":10},"end":{"line":35,"column":44}},"type":"binary-expr","locations":[{"start":{"line":35,"column":10},"end":{"line":35,"column":31}},{"start":{"line":35,"column":35},"end":{"line":35,"column":44}}],"line":35},"4":{"loc":{"start":{"line":37,"column":8},"end":{"line":37,"column":29}},"type":"if","locations":[{"start":{"line":37,"column":8},"end":{"line":37,"column":29}},{"start":{},"end":{}}],"line":37},"5":{"loc":{"start":{"line":43,"column":16},"end":{"line":43,"column":70}},"type":"binary-expr","locations":[{"start":{"line":43,"column":16},"end":{"line":43,"column":41}},{"start":{"line":43,"column":45},"end":{"line":43,"column":70}}],"line":43},"6":{"loc":{"start":{"line":47,"column":13},"end":{"line":50,"column":7}},"type":"if","locations":[{"start":{"line":47,"column":13},"end":{"line":50,"column":7}},{"start":{},"end":{}}],"line":47},"7":{"loc":{"start":{"line":47,"column":17},"end":{"line":47,"column":60}},"type":"binary-expr","locations":[{"start":{"line":47,"column":17},"end":{"line":47,"column":34}},{"start":{"line":47,"column":38},"end":{"line":47,"column":60}}],"line":47}},"s":{"0":0,"1":0,"2":0,"3":0,"4":0,"5":0,"6":0,"7":0,"8":0,"9":0,"10":0,"11":0,"12":0,"13":0,"14":0,"15":0,"16":0,"17":0,"18":0,"19":0},"f":{"0":0,"1":0,"2":0,"3":0,"4":0,"5":0},"b":{"0":[0,0],"1":[0,0],"2":[0,0],"3":[0,0],"4":[0,0],"5":[0,0],"6":[0,0],"7":[0,0]}}
,"/Users/ghenry/Documents/github/substreamer-rn/src/hooks/useDownloadKeepAwake.ts": {"path":"/Users/ghenry/Documents/github/substreamer-rn/src/hooks/useDownloadKeepAwake.ts","statementMap":{"0":{"start":{"line":6,"column":12},"end":{"line":6,"column":23}},"1":{"start":{"line":9,"column":29},"end":{"line":11,"column":3}},"2":{"start":{"line":10,"column":4},"end":{"line":10,"column":84}},"3":{"start":{"line":10,"column":32},"end":{"line":10,"column":83}},"4":{"start":{"line":13,"column":2},"end":{"line":20,"column":27}},"5":{"start":{"line":14,"column":4},"end":{"line":18,"column":5}},"6":{"start":{"line":15,"column":6},"end":{"line":15,"column":34}},"7":{"start":{"line":17,"column":6},"end":{"line":17,"column":31}},"8":{"start":{"line":19,"column":4},"end":{"line":19,"column":47}},"9":{"start":{"line":19,"column":19},"end":{"line":19,"column":44}}},"fnMap":{"0":{"name":"useDownloadKeepAwake","decl":{"start":{"line":8,"column":16},"end":{"line":8,"column":36}},"loc":{"start":{"line":8,"column":39},"end":{"line":21,"column":1}},"line":8},"1":{"name":"(anonymous_1)","decl":{"start":{"line":9,"column":45},"end":{"line":9,"column":46}},"loc":{"start":{"line":10,"column":4},"end":{"line":10,"column":84}},"line":10},"2":{"name":"(anonymous_2)","decl":{"start":{"line":10,"column":25},"end":{"line":10,"column":26}},"loc":{"start":{"line":10,"column":32},"end":{"line":10,"column":83}},"line":10},"3":{"name":"(anonymous_3)","decl":{"start":{"line":13,"column":12},"end":{"line":13,"column":13}},"loc":{"start":{"line":13,"column":18},"end":{"line":20,"column":3}},"line":13},"4":{"name":"(anonymous_4)","decl":{"start":{"line":19,"column":11},"end":{"line":19,"column":12}},"loc":{"start":{"line":19,"column":17},"end":{"line":19,"column":46}},"line":19}},"branchMap":{"0":{"loc":{"start":{"line":10,"column":32},"end":{"line":10,"column":83}},"type":"binary-expr","locations":[{"start":{"line":10,"column":32},"end":{"line":10,"column":53}},{"start":{"line":10,"column":57},"end":{"line":10,"column":83}}],"line":10},"1":{"loc":{"start":{"line":14,"column":4},"end":{"line":18,"column":5}},"type":"if","locations":[{"start":{"line":14,"column":4},"end":{"line":18,"column":5}},{"start":{"line":16,"column":11},"end":{"line":18,"column":5}}],"line":14}},"s":{"0":0,"1":0,"2":0,"3":0,"4":0,"5":0,"6":0,"7":0,"8":0,"9":0},"f":{"0":0,"1":0,"2":0,"3":0,"4":0},"b":{"0":[0,0],"1":[0,0]}}
,"/Users/ghenry/Documents/github/substreamer-rn/src/hooks/useDownloadStatus.ts": {"path":"/Users/ghenry/Documents/github/substreamer-rn/src/hooks/useDownloadStatus.ts","statementMap":{"0":{"start":{"line":29,"column":2},"end":{"line":51,"column":4}},"1":{"start":{"line":32,"column":8},"end":{"line":32,"column":31}},"2":{"start":{"line":32,"column":17},"end":{"line":32,"column":31}},"3":{"start":{"line":34,"column":8},"end":{"line":39,"column":9}},"4":{"start":{"line":35,"column":10},"end":{"line":35,"column":54}},"5":{"start":{"line":35,"column":36},"end":{"line":35,"column":54}},"6":{"start":{"line":36,"column":30},"end":{"line":36,"column":53}},"7":{"start":{"line":37,"column":10},"end":{"line":37,"column":46}},"8":{"start":{"line":37,"column":27},"end":{"line":37,"column":46}},"9":{"start":{"line":38,"column":10},"end":{"line":38,"column":24}},"10":{"start":{"line":42,"column":8},"end":{"line":42,"column":51}},"11":{"start":{"line":42,"column":33},"end":{"line":42,"column":51}},"12":{"start":{"line":43,"column":26},"end":{"line":43,"column":70}},"13":{"start":{"line":43,"column":54},"end":{"line":43,"column":69}},"14":{"start":{"line":44,"column":8},"end":{"line":46,"column":9}},"15":{"start":{"line":45,"column":10},"end":{"line":45,"column":79}},"16":{"start":{"line":47,"column":8},"end":{"line":47,"column":22}}},"fnMap":{"0":{"name":"useDownloadStatus","decl":{"start":{"line":25,"column":16},"end":{"line":25,"column":33}},"loc":{"start":{"line":28,"column":18},"end":{"line":52,"column":1}},"line":28},"1":{"name":"(anonymous_1)","decl":{"start":{"line":31,"column":6},"end":{"line":31,"column":7}},"loc":{"start":{"line":31,"column":46},"end":{"line":48,"column":7}},"line":31},"2":{"name":"(anonymous_2)","decl":{"start":{"line":43,"column":47},"end":{"line":43,"column":48}},"loc":{"start":{"line":43,"column":54},"end":{"line":43,"column":69}},"line":43}},"branchMap":{"0":{"loc":{"start":{"line":32,"column":8},"end":{"line":32,"column":31}},"type":"if","locations":[{"start":{"line":32,"column":8},"end":{"line":32,"column":31}},{"start":{},"end":{}}],"line":32},"1":{"loc":{"start":{"line":34,"column":8},"end":{"line":39,"column":9}},"type":"if","locations":[{"start":{"line":34,"column":8},"end":{"line":39,"column":9}},{"start":{},"end":{}}],"line":34},"2":{"loc":{"start":{"line":35,"column":10},"end":{"line":35,"column":54}},"type":"if","locations":[{"start":{"line":35,"column":10},"end":{"line":35,"column":54}},{"start":{},"end":{}}],"line":35},"3":{"loc":{"start":{"line":37,"column":10},"end":{"line":37,"column":46}},"type":"if","locations":[{"start":{"line":37,"column":10},"end":{"line":37,"column":46}},{"start":{},"end":{}}],"line":37},"4":{"loc":{"start":{"line":42,"column":8},"end":{"line":42,"column":51}},"type":"if","locations":[{"start":{"line":42,"column":8},"end":{"line":42,"column":51}},{"start":{},"end":{}}],"line":42},"5":{"loc":{"start":{"line":44,"column":8},"end":{"line":46,"column":9}},"type":"if","locations":[{"start":{"line":44,"column":8},"end":{"line":46,"column":9}},{"start":{},"end":{}}],"line":44},"6":{"loc":{"start":{"line":45,"column":17},"end":{"line":45,"column":78}},"type":"cond-expr","locations":[{"start":{"line":45,"column":54},"end":{"line":45,"column":67}},{"start":{"line":45,"column":70},"end":{"line":45,"column":78}}],"line":45}},"s":{"0":0,"1":0,"2":0,"3":0,"4":0,"5":0,"6":0,"7":0,"8":0,"9":0,"10":0,"11":0,"12":0,"13":0,"14":0,"15":0,"16":0},"f":{"0":0,"1":0,"2":0},"b":{"0":[0,0],"1":[0,0],"2":[0,0],"3":[0,0],"4":[0,0],"5":[0,0],"6":[0,0]}}
,"/Users/ghenry/Documents/github/substreamer-rn/src/hooks/useIsStarred.ts": {"path":"/Users/ghenry/Documents/github/substreamer-rn/src/hooks/useIsStarred.ts","statementMap":{"0":{"start":{"line":20,"column":2},"end":{"line":36,"column":4}},"1":{"start":{"line":23,"column":8},"end":{"line":23,"column":30}},"2":{"start":{"line":23,"column":17},"end":{"line":23,"column":30}},"3":{"start":{"line":24,"column":8},"end":{"line":24,"column":54}},"4":{"start":{"line":24,"column":31},"end":{"line":24,"column":54}},"5":{"start":{"line":25,"column":8},"end":{"line":32,"column":9}},"6":{"start":{"line":27,"column":12},"end":{"line":27,"column":58}},"7":{"start":{"line":27,"column":42},"end":{"line":27,"column":56}},"8":{"start":{"line":29,"column":12},"end":{"line":29,"column":61}},"9":{"start":{"line":29,"column":44},"end":{"line":29,"column":59}},"10":{"start":{"line":31,"column":12},"end":{"line":31,"column":64}},"11":{"start":{"line":31,"column":46},"end":{"line":31,"column":62}}},"fnMap":{"0":{"name":"useIsStarred","decl":{"start":{"line":19,"column":16},"end":{"line":19,"column":28}},"loc":{"start":{"line":19,"column":85},"end":{"line":37,"column":1}},"line":19},"1":{"name":"(anonymous_1)","decl":{"start":{"line":22,"column":6},"end":{"line":22,"column":7}},"loc":{"start":{"line":22,"column":29},"end":{"line":33,"column":7}},"line":22},"2":{"name":"(anonymous_2)","decl":{"start":{"line":27,"column":32},"end":{"line":27,"column":33}},"loc":{"start":{"line":27,"column":42},"end":{"line":27,"column":56}},"line":27},"3":{"name":"(anonymous_3)","decl":{"start":{"line":29,"column":33},"end":{"line":29,"column":34}},"loc":{"start":{"line":29,"column":44},"end":{"line":29,"column":59}},"line":29},"4":{"name":"(anonymous_4)","decl":{"start":{"line":31,"column":34},"end":{"line":31,"column":35}},"loc":{"start":{"line":31,"column":46},"end":{"line":31,"column":62}},"line":31}},"branchMap":{"0":{"loc":{"start":{"line":23,"column":8},"end":{"line":23,"column":30}},"type":"if","locations":[{"start":{"line":23,"column":8},"end":{"line":23,"column":30}},{"start":{},"end":{}}],"line":23},"1":{"loc":{"start":{"line":24,"column":8},"end":{"line":24,"column":54}},"type":"if","locations":[{"start":{"line":24,"column":8},"end":{"line":24,"column":54}},{"start":{},"end":{}}],"line":24},"2":{"loc":{"start":{"line":25,"column":8},"end":{"line":32,"column":9}},"type":"switch","locations":[{"start":{"line":26,"column":10},"end":{"line":27,"column":58}},{"start":{"line":28,"column":10},"end":{"line":29,"column":61}},{"start":{"line":30,"column":10},"end":{"line":31,"column":64}}],"line":25}},"s":{"0":0,"1":0,"2":0,"3":0,"4":0,"5":0,"6":0,"7":0,"8":0,"9":0,"10":0,"11":0},"f":{"0":0,"1":0,"2":0,"3":0,"4":0},"b":{"0":[0,0],"1":[0,0],"2":[0,0,0]}}
,"/Users/ghenry/Documents/github/substreamer-rn/src/hooks/usePlaybackAnalytics.ts": {"path":"/Users/ghenry/Documents/github/substreamer-rn/src/hooks/usePlaybackAnalytics.ts","statementMap":{"0":{"start":{"line":59,"column":55},"end":{"line":64,"column":1}},"1":{"start":{"line":66,"column":22},"end":{"line":66,"column":24}},"2":{"start":{"line":69,"column":12},"end":{"line":69,"column":24}},"3":{"start":{"line":70,"column":12},"end":{"line":70,"column":27}},"4":{"start":{"line":71,"column":12},"end":{"line":71,"column":53}},"5":{"start":{"line":72,"column":14},"end":{"line":72,"column":50}},"6":{"start":{"line":73,"column":2},"end":{"line":73,"column":28}},"7":{"start":{"line":77,"column":12},"end":{"line":77,"column":24}},"8":{"start":{"line":78,"column":2},"end":{"line":78,"column":25}},"9":{"start":{"line":79,"column":2},"end":{"line":79,"column":21}},"10":{"start":{"line":86,"column":2},"end":{"line":86,"column":64}},"11":{"start":{"line":86,"column":30},"end":{"line":86,"column":64}},"12":{"start":{"line":88,"column":17},"end":{"line":88,"column":34}},"13":{"start":{"line":89,"column":2},"end":{"line":91,"column":3}},"14":{"start":{"line":90,"column":4},"end":{"line":90,"column":35}},"15":{"start":{"line":93,"column":21},"end":{"line":93,"column":61}},"16":{"start":{"line":93,"column":55},"end":{"line":93,"column":60}},"17":{"start":{"line":95,"column":18},"end":{"line":95,"column":28}},"18":{"start":{"line":96,"column":16},"end":{"line":96,"column":17}},"19":{"start":{"line":97,"column":16},"end":{"line":97,"column":17}},"20":{"start":{"line":98,"column":15},"end":{"line":98,"column":16}},"21":{"start":{"line":100,"column":2},"end":{"line":108,"column":3}},"22":{"start":{"line":100,"column":15},"end":{"line":100,"column":16}},"23":{"start":{"line":101,"column":17},"end":{"line":101,"column":50}},"24":{"start":{"line":102,"column":4},"end":{"line":106,"column":5}},"25":{"start":{"line":103,"column":6},"end":{"line":103,"column":15}},"26":{"start":{"line":105,"column":6},"end":{"line":105,"column":17}},"27":{"start":{"line":107,"column":4},"end":{"line":107,"column":43}},"28":{"start":{"line":107,"column":26},"end":{"line":107,"column":43}},"29":{"start":{"line":111,"column":21},"end":{"line":111,"column":43}},"30":{"start":{"line":112,"column":2},"end":{"line":112,"column":14}},"31":{"start":{"line":113,"column":17},"end":{"line":113,"column":27}},"32":{"start":{"line":114,"column":2},"end":{"line":117,"column":3}},"33":{"start":{"line":115,"column":4},"end":{"line":115,"column":14}},"34":{"start":{"line":116,"column":4},"end":{"line":116,"column":24}},"35":{"start":{"line":119,"column":2},"end":{"line":125,"column":3}},"36":{"start":{"line":120,"column":4},"end":{"line":120,"column":36}},"37":{"start":{"line":121,"column":4},"end":{"line":124,"column":5}},"38":{"start":{"line":122,"column":6},"end":{"line":122,"column":16}},"39":{"start":{"line":123,"column":6},"end":{"line":123,"column":26}},"40":{"start":{"line":127,"column":2},"end":{"line":127,"column":30}},"41":{"start":{"line":135,"column":2},"end":{"line":313,"column":44}},"42":{"start":{"line":136,"column":23},"end":{"line":136,"column":42}},"43":{"start":{"line":137,"column":19},"end":{"line":139,"column":9}},"44":{"start":{"line":141,"column":21},"end":{"line":143,"column":17}},"45":{"start":{"line":142,"column":32},"end":{"line":142,"column":48}},"46":{"start":{"line":145,"column":23},"end":{"line":145,"column":38}},"47":{"start":{"line":147,"column":32},"end":{"line":147,"column":33}},"48":{"start":{"line":148,"column":25},"end":{"line":148,"column":50}},"49":{"start":{"line":149,"column":24},"end":{"line":149,"column":95}},"50":{"start":{"line":150,"column":23},"end":{"line":150,"column":72}},"51":{"start":{"line":151,"column":24},"end":{"line":151,"column":49}},"52":{"start":{"line":152,"column":24},"end":{"line":152,"column":53}},"53":{"start":{"line":153,"column":22},"end":{"line":153,"column":47}},"54":{"start":{"line":155,"column":4},"end":{"line":192,"column":5}},"55":{"start":{"line":156,"column":6},"end":{"line":158,"column":7}},"56":{"start":{"line":157,"column":8},"end":{"line":157,"column":49}},"57":{"start":{"line":160,"column":21},"end":{"line":160,"column":47}},"58":{"start":{"line":161,"column":6},"end":{"line":161,"column":68}},"59":{"start":{"line":163,"column":23},"end":{"line":163,"column":64}},"60":{"start":{"line":164,"column":23},"end":{"line":164,"column":48}},"61":{"start":{"line":165,"column":6},"end":{"line":173,"column":7}},"62":{"start":{"line":166,"column":8},"end":{"line":166,"column":25}},"63":{"start":{"line":168,"column":8},"end":{"line":172,"column":11}},"64":{"start":{"line":175,"column":24},"end":{"line":175,"column":49}},"65":{"start":{"line":176,"column":6},"end":{"line":180,"column":7}},"66":{"start":{"line":177,"column":8},"end":{"line":177,"column":26}},"67":{"start":{"line":179,"column":8},"end":{"line":179,"column":62}},"68":{"start":{"line":182,"column":20},"end":{"line":182,"column":64}},"69":{"start":{"line":183,"column":6},"end":{"line":185,"column":7}},"70":{"start":{"line":184,"column":8},"end":{"line":184,"column":66}},"71":{"start":{"line":187,"column":19},"end":{"line":187,"column":46}},"72":{"start":{"line":188,"column":6},"end":{"line":188,"column":26}},"73":{"start":{"line":190,"column":17},"end":{"line":190,"column":32}},"74":{"start":{"line":191,"column":6},"end":{"line":191,"column":54}},"75":{"start":{"line":195,"column":21},"end":{"line":197,"column":19}},"76":{"start":{"line":196,"column":22},"end":{"line":196,"column":39}},"77":{"start":{"line":200,"column":23},"end":{"line":203,"column":19}},"78":{"start":{"line":201,"column":33},"end":{"line":201,"column":50}},"79":{"start":{"line":202,"column":22},"end":{"line":202,"column":39}},"80":{"start":{"line":206,"column":22},"end":{"line":214,"column":18}},"81":{"start":{"line":207,"column":28},"end":{"line":212,"column":7}},"82":{"start":{"line":213,"column":22},"end":{"line":213,"column":39}},"83":{"start":{"line":217,"column":25},"end":{"line":219,"column":40}},"84":{"start":{"line":218,"column":32},"end":{"line":218,"column":48}},"85":{"start":{"line":219,"column":22},"end":{"line":219,"column":39}},"86":{"start":{"line":221,"column":27},"end":{"line":221,"column":76}},"87":{"start":{"line":221,"column":59},"end":{"line":221,"column":72}},"88":{"start":{"line":223,"column":4},"end":{"line":242,"column":5}},"89":{"start":{"line":224,"column":6},"end":{"line":227,"column":10}},"90":{"start":{"line":224,"column":48},"end":{"line":227,"column":7}},"91":{"start":{"line":229,"column":18},"end":{"line":229,"column":42}},"92":{"start":{"line":230,"column":25},"end":{"line":230,"column":83}},"93":{"start":{"line":230,"column":66},"end":{"line":230,"column":79}},"94":{"start":{"line":231,"column":6},"end":{"line":241,"column":8}},"95":{"start":{"line":232,"column":27},"end":{"line":235,"column":9}},"96":{"start":{"line":245,"column":25},"end":{"line":245,"column":41}},"97":{"start":{"line":246,"column":43},"end":{"line":246,"column":45}},"98":{"start":{"line":247,"column":16},"end":{"line":247,"column":26}},"99":{"start":{"line":248,"column":4},"end":{"line":251,"column":5}},"100":{"start":{"line":248,"column":17},"end":{"line":248,"column":33}},"101":{"start":{"line":249,"column":17},"end":{"line":249,"column":46}},"102":{"start":{"line":250,"column":6},"end":{"line":250,"column":70}},"103":{"start":{"line":254,"column":24},"end":{"line":254,"column":41}},"104":{"start":{"line":255,"column":25},"end":{"line":255,"column":50}},"105":{"start":{"line":256,"column":4},"end":{"line":259,"column":5}},"106":{"start":{"line":257,"column":17},"end":{"line":257,"column":32}},"107":{"start":{"line":258,"column":6},"end":{"line":258,"column":60}},"108":{"start":{"line":260,"column":41},"end":{"line":260,"column":43}},"109":{"start":{"line":262,"column":18},"end":{"line":262,"column":28}},"110":{"start":{"line":263,"column":21},"end":{"line":263,"column":35}},"111":{"start":{"line":264,"column":20},"end":{"line":264,"column":35}},"112":{"start":{"line":265,"column":4},"end":{"line":265,"column":56}},"113":{"start":{"line":266,"column":4},"end":{"line":266,"column":33}},"114":{"start":{"line":267,"column":22},"end":{"line":267,"column":39}},"115":{"start":{"line":268,"column":4},"end":{"line":268,"column":61}},"116":{"start":{"line":270,"column":4},"end":{"line":273,"column":5}},"117":{"start":{"line":270,"column":17},"end":{"line":270,"column":36}},"118":{"start":{"line":271,"column":17},"end":{"line":271,"column":37}},"119":{"start":{"line":272,"column":6},"end":{"line":272,"column":71}},"120":{"start":{"line":276,"column":19},"end":{"line":276,"column":20}},"121":{"start":{"line":277,"column":20},"end":{"line":277,"column":21}},"122":{"start":{"line":278,"column":4},"end":{"line":283,"column":5}},"123":{"start":{"line":278,"column":17},"end":{"line":278,"column":18}},"124":{"start":{"line":279,"column":6},"end":{"line":282,"column":7}},"125":{"start":{"line":280,"column":8},"end":{"line":280,"column":35}},"126":{"start":{"line":281,"column":8},"end":{"line":281,"column":21}},"127":{"start":{"line":286,"column":28},"end":{"line":288,"column":10}},"128":{"start":{"line":287,"column":53},"end":{"line":287,"column":69}},"129":{"start":{"line":289,"column":33},"end":{"line":289,"column":82}},"130":{"start":{"line":292,"column":23},"end":{"line":292,"column":37}},"131":{"start":{"line":294,"column":6},"end":{"line":294,"column":74}},"132":{"start":{"line":296,"column":4},"end":{"line":312,"column":6}}},"fnMap":{"0":{"name":"dateKey","decl":{"start":{"line":68,"column":9},"end":{"line":68,"column":16}},"loc":{"start":{"line":68,"column":37},"end":{"line":74,"column":1}},"line":68},"1":{"name":"startOfDay","decl":{"start":{"line":76,"column":9},"end":{"line":76,"column":19}},"loc":{"start":{"line":76,"column":40},"end":{"line":80,"column":1}},"line":76},"2":{"name":"computeStreaks","decl":{"start":{"line":82,"column":16},"end":{"line":82,"column":30}},"loc":{"start":{"line":85,"column":2},"end":{"line":128,"column":1}},"line":85},"3":{"name":"(anonymous_3)","decl":{"start":{"line":93,"column":45},"end":{"line":93,"column":46}},"loc":{"start":{"line":93,"column":55},"end":{"line":93,"column":60}},"line":93},"4":{"name":"usePlaybackAnalytics","decl":{"start":{"line":130,"column":16},"end":{"line":130,"column":36}},"loc":{"start":{"line":134,"column":21},"end":{"line":314,"column":1}},"line":134},"5":{"name":"(anonymous_5)","decl":{"start":{"line":135,"column":17},"end":{"line":135,"column":18}},"loc":{"start":{"line":135,"column":23},"end":{"line":313,"column":3}},"line":135},"6":{"name":"(anonymous_6)","decl":{"start":{"line":142,"column":25},"end":{"line":142,"column":26}},"loc":{"start":{"line":142,"column":32},"end":{"line":142,"column":48}},"line":142},"7":{"name":"(anonymous_7)","decl":{"start":{"line":196,"column":12},"end":{"line":196,"column":13}},"loc":{"start":{"line":196,"column":22},"end":{"line":196,"column":39}},"line":196},"8":{"name":"(anonymous_8)","decl":{"start":{"line":201,"column":11},"end":{"line":201,"column":12}},"loc":{"start":{"line":201,"column":33},"end":{"line":201,"column":50}},"line":201},"9":{"name":"(anonymous_9)","decl":{"start":{"line":202,"column":12},"end":{"line":202,"column":13}},"loc":{"start":{"line":202,"column":22},"end":{"line":202,"column":39}},"line":202},"10":{"name":"(anonymous_10)","decl":{"start":{"line":207,"column":11},"end":{"line":207,"column":12}},"loc":{"start":{"line":207,"column":28},"end":{"line":212,"column":7}},"line":207},"11":{"name":"(anonymous_11)","decl":{"start":{"line":213,"column":12},"end":{"line":213,"column":13}},"loc":{"start":{"line":213,"column":22},"end":{"line":213,"column":39}},"line":213},"12":{"name":"(anonymous_12)","decl":{"start":{"line":218,"column":11},"end":{"line":218,"column":12}},"loc":{"start":{"line":218,"column":32},"end":{"line":218,"column":48}},"line":218},"13":{"name":"(anonymous_13)","decl":{"start":{"line":219,"column":12},"end":{"line":219,"column":13}},"loc":{"start":{"line":219,"column":22},"end":{"line":219,"column":39}},"line":219},"14":{"name":"(anonymous_14)","decl":{"start":{"line":221,"column":47},"end":{"line":221,"column":48}},"loc":{"start":{"line":221,"column":59},"end":{"line":221,"column":72}},"line":221},"15":{"name":"(anonymous_15)","decl":{"start":{"line":224,"column":40},"end":{"line":224,"column":41}},"loc":{"start":{"line":224,"column":48},"end":{"line":227,"column":7}},"line":224},"16":{"name":"(anonymous_16)","decl":{"start":{"line":230,"column":54},"end":{"line":230,"column":55}},"loc":{"start":{"line":230,"column":66},"end":{"line":230,"column":79}},"line":230},"17":{"name":"(anonymous_17)","decl":{"start":{"line":232,"column":19},"end":{"line":232,"column":20}},"loc":{"start":{"line":232,"column":27},"end":{"line":235,"column":9}},"line":232},"18":{"name":"(anonymous_18)","decl":{"start":{"line":287,"column":46},"end":{"line":287,"column":47}},"loc":{"start":{"line":287,"column":53},"end":{"line":287,"column":69}},"line":287}},"branchMap":{"0":{"loc":{"start":{"line":86,"column":2},"end":{"line":86,"column":64}},"type":"if","locations":[{"start":{"line":86,"column":2},"end":{"line":86,"column":64}},{"start":{},"end":{}}],"line":86},"1":{"loc":{"start":{"line":102,"column":4},"end":{"line":106,"column":5}},"type":"if","locations":[{"start":{"line":102,"column":4},"end":{"line":106,"column":5}},{"start":{"line":104,"column":11},"end":{"line":106,"column":5}}],"line":102},"2":{"loc":{"start":{"line":107,"column":4},"end":{"line":107,"column":43}},"type":"if","locations":[{"start":{"line":107,"column":4},"end":{"line":107,"column":43}},{"start":{},"end":{}}],"line":107},"3":{"loc":{"start":{"line":119,"column":2},"end":{"line":125,"column":3}},"type":"if","locations":[{"start":{"line":119,"column":2},"end":{"line":125,"column":3}},{"start":{},"end":{}}],"line":119},"4":{"loc":{"start":{"line":137,"column":19},"end":{"line":139,"column":9}},"type":"cond-expr","locations":[{"start":{"line":138,"column":8},"end":{"line":138,"column":44}},{"start":{"line":139,"column":8},"end":{"line":139,"column":9}}],"line":137},"5":{"loc":{"start":{"line":141,"column":21},"end":{"line":143,"column":17}},"type":"cond-expr","locations":[{"start":{"line":142,"column":8},"end":{"line":142,"column":49}},{"start":{"line":143,"column":8},"end":{"line":143,"column":17}}],"line":141},"6":{"loc":{"start":{"line":156,"column":6},"end":{"line":158,"column":7}},"type":"if","locations":[{"start":{"line":156,"column":6},"end":{"line":158,"column":7}},{"start":{},"end":{}}],"line":156},"7":{"loc":{"start":{"line":160,"column":21},"end":{"line":160,"column":47}},"type":"binary-expr","locations":[{"start":{"line":160,"column":21},"end":{"line":160,"column":34}},{"start":{"line":160,"column":38},"end":{"line":160,"column":47}}],"line":160},"8":{"loc":{"start":{"line":161,"column":32},"end":{"line":161,"column":61}},"type":"binary-expr","locations":[{"start":{"line":161,"column":32},"end":{"line":161,"column":56}},{"start":{"line":161,"column":60},"end":{"line":161,"column":61}}],"line":161},"9":{"loc":{"start":{"line":163,"column":26},"end":{"line":163,"column":51}},"type":"binary-expr","locations":[{"start":{"line":163,"column":26},"end":{"line":163,"column":38}},{"start":{"line":163,"column":42},"end":{"line":163,"column":51}}],"line":163},"10":{"loc":{"start":{"line":165,"column":6},"end":{"line":173,"column":7}},"type":"if","locations":[{"start":{"line":165,"column":6},"end":{"line":173,"column":7}},{"start":{"line":167,"column":13},"end":{"line":173,"column":7}}],"line":165},"11":{"loc":{"start":{"line":170,"column":20},"end":{"line":170,"column":48}},"type":"binary-expr","locations":[{"start":{"line":170,"column":20},"end":{"line":170,"column":35}},{"start":{"line":170,"column":39},"end":{"line":170,"column":48}}],"line":170},"12":{"loc":{"start":{"line":176,"column":6},"end":{"line":180,"column":7}},"type":"if","locations":[{"start":{"line":176,"column":6},"end":{"line":180,"column":7}},{"start":{"line":178,"column":13},"end":{"line":180,"column":7}}],"line":176},"13":{"loc":{"start":{"line":182,"column":20},"end":{"line":182,"column":64}},"type":"binary-expr","locations":[{"start":{"line":182,"column":20},"end":{"line":182,"column":32}},{"start":{"line":182,"column":37},"end":{"line":182,"column":55}},{"start":{"line":182,"column":59},"end":{"line":182,"column":63}}],"line":182},"14":{"loc":{"start":{"line":183,"column":6},"end":{"line":185,"column":7}},"type":"if","locations":[{"start":{"line":183,"column":6},"end":{"line":185,"column":7}},{"start":{},"end":{}}],"line":183},"15":{"loc":{"start":{"line":184,"column":32},"end":{"line":184,"column":59}},"type":"binary-expr","locations":[{"start":{"line":184,"column":32},"end":{"line":184,"column":54}},{"start":{"line":184,"column":58},"end":{"line":184,"column":59}}],"line":184},"16":{"loc":{"start":{"line":191,"column":25},"end":{"line":191,"column":47}},"type":"binary-expr","locations":[{"start":{"line":191,"column":25},"end":{"line":191,"column":42}},{"start":{"line":191,"column":46},"end":{"line":191,"column":47}}],"line":191},"17":{"loc":{"start":{"line":223,"column":4},"end":{"line":242,"column":5}},"type":"if","locations":[{"start":{"line":223,"column":4},"end":{"line":242,"column":5}},{"start":{"line":228,"column":11},"end":{"line":242,"column":5}}],"line":223},"18":{"loc":{"start":{"line":226,"column":20},"end":{"line":226,"column":77}},"type":"cond-expr","locations":[{"start":{"line":226,"column":41},"end":{"line":226,"column":73}},{"start":{"line":226,"column":76},"end":{"line":226,"column":77}}],"line":226},"19":{"loc":{"start":{"line":234,"column":22},"end":{"line":234,"column":79}},"type":"cond-expr","locations":[{"start":{"line":234,"column":43},"end":{"line":234,"column":75}},{"start":{"line":234,"column":78},"end":{"line":234,"column":79}}],"line":234},"20":{"loc":{"start":{"line":239,"column":22},"end":{"line":239,"column":82}},"type":"cond-expr","locations":[{"start":{"line":239,"column":43},"end":{"line":239,"column":78}},{"start":{"line":239,"column":81},"end":{"line":239,"column":82}}],"line":239},"21":{"loc":{"start":{"line":245,"column":25},"end":{"line":245,"column":41}},"type":"binary-expr","locations":[{"start":{"line":245,"column":25},"end":{"line":245,"column":35}},{"start":{"line":245,"column":39},"end":{"line":245,"column":41}}],"line":245},"22":{"loc":{"start":{"line":250,"column":44},"end":{"line":250,"column":66}},"type":"binary-expr","locations":[{"start":{"line":250,"column":44},"end":{"line":250,"column":61}},{"start":{"line":250,"column":65},"end":{"line":250,"column":66}}],"line":250},"23":{"loc":{"start":{"line":258,"column":28},"end":{"line":258,"column":53}},"type":"binary-expr","locations":[{"start":{"line":258,"column":28},"end":{"line":258,"column":48}},{"start":{"line":258,"column":52},"end":{"line":258,"column":53}}],"line":258},"24":{"loc":{"start":{"line":272,"column":42},"end":{"line":272,"column":67}},"type":"binary-expr","locations":[{"start":{"line":272,"column":42},"end":{"line":272,"column":62}},{"start":{"line":272,"column":66},"end":{"line":272,"column":67}}],"line":272},"25":{"loc":{"start":{"line":279,"column":6},"end":{"line":282,"column":7}},"type":"if","locations":[{"start":{"line":279,"column":6},"end":{"line":282,"column":7}},{"start":{},"end":{}}],"line":279},"26":{"loc":{"start":{"line":286,"column":28},"end":{"line":288,"column":10}},"type":"cond-expr","locations":[{"start":{"line":287,"column":9},"end":{"line":287,"column":89}},{"start":{"line":288,"column":8},"end":{"line":288,"column":10}}],"line":286},"27":{"loc":{"start":{"line":287,"column":9},"end":{"line":287,"column":89}},"type":"cond-expr","locations":[{"start":{"line":287,"column":22},"end":{"line":287,"column":70}},{"start":{"line":287,"column":73},"end":{"line":287,"column":89}}],"line":287},"28":{"loc":{"start":{"line":294,"column":6},"end":{"line":294,"column":74}},"type":"cond-expr","locations":[{"start":{"line":294,"column":23},"end":{"line":294,"column":70}},{"start":{"line":294,"column":73},"end":{"line":294,"column":74}}],"line":294}},"s":{"0":2,"1":2,"2":7104,"3":7104,"4":7104,"5":7104,"6":7104,"7":246,"8":246,"9":246,"10":54,"11":4,"12":50,"13":50,"14":196,"15":50,"16":58,"17":50,"18":50,"19":50,"20":50,"21":50,"22":50,"23":54,"24":54,"25":50,"26":4,"27":54,"28":48,"29":50,"30":50,"31":50,"32":50,"33":24,"34":24,"35":50,"36":40,"37":40,"38":56,"39":56,"40":50,"41":36,"42":36,"43":36,"44":36,"45":18,"46":36,"47":36,"48":36,"49":36,"50":36,"51":36,"52":36,"53":36,"54":36,"55":140,"56":138,"57":140,"58":140,"59":140,"60":140,"61":140,"62":38,"63":102,"64":140,"65":140,"66":24,"67":116,"68":140,"69":140,"70":18,"71":140,"72":140,"73":140,"74":140,"75":36,"76":82,"77":36,"78":102,"79":68,"80":36,"81":102,"82":68,"83":36,"84":18,"85":14,"86":36,"87":18,"88":36,"89":34,"90":2,"91":2,"92":2,"93":6,"94":2,"95":10,"96":36,"97":36,"98":36,"99":36,"100":36,"101":2788,"102":2788,"103":36,"104":36,"105":36,"106":144,"107":144,"108":36,"109":36,"110":36,"111":36,"112":36,"113":36,"114":36,"115":36,"116":36,"117":36,"118":4032,"119":4032,"120":36,"121":36,"122":36,"123":36,"124":864,"125":36,"126":36,"127":36,"128":2,"129":36,"130":36,"131":36,"132":36},"f":{"0":7104,"1":246,"2":54,"3":58,"4":36,"5":36,"6":18,"7":82,"8":102,"9":68,"10":102,"11":68,"12":18,"13":14,"14":18,"15":2,"16":6,"17":10,"18":2},"b":{"0":[4,50],"1":[50,4],"2":[48,6],"3":[40,10],"4":[6,30],"5":[6,30],"6":[138,2],"7":[140,2],"8":[140,102],"9":[140,0],"10":[38,102],"11":[102,102],"12":[24,116],"13":[140,124,122],"14":[18,122],"15":[18,18],"16":[140,52],"17":[34,2],"18":[2,0],"19":[10,0],"20":[2,0],"21":[36,30],"22":[2788,2736],"23":[144,56],"24":[4032,3976],"25":[36,828],"26":[2,34],"27":[2,0],"28":[34,2]},"_coverageSchema":"1a1c01bbd47fc00a2c39e90264f33305004495a9","hash":"6343e2e482d848b72edea224114c90c39c6c5e91"}
,"/Users/ghenry/Documents/github/substreamer-rn/src/hooks/useRating.ts": {"path":"/Users/ghenry/Documents/github/substreamer-rn/src/hooks/useRating.ts","statementMap":{"0":{"start":{"line":18,"column":13},"end":{"line":18,"column":30}},"1":{"start":{"line":20,"column":17},"end":{"line":31,"column":3}},"2":{"start":{"line":23,"column":25},"end":{"line":23,"column":40}},"3":{"start":{"line":24,"column":8},"end":{"line":26,"column":9}},"4":{"start":{"line":25,"column":10},"end":{"line":25,"column":33}},"5":{"start":{"line":27,"column":8},"end":{"line":27,"column":18}},"6":{"start":{"line":33,"column":2},"end":{"line":38,"column":23}},"7":{"start":{"line":34,"column":21},"end":{"line":34,"column":57}},"8":{"start":{"line":35,"column":4},"end":{"line":37,"column":5}},"9":{"start":{"line":36,"column":6},"end":{"line":36,"column":50}},"10":{"start":{"line":40,"column":2},"end":{"line":40,"column":16}}},"fnMap":{"0":{"name":"useRating","decl":{"start":{"line":17,"column":16},"end":{"line":17,"column":25}},"loc":{"start":{"line":17,"column":69},"end":{"line":41,"column":1}},"line":17},"1":{"name":"(anonymous_1)","decl":{"start":{"line":22,"column":6},"end":{"line":22,"column":7}},"loc":{"start":{"line":22,"column":13},"end":{"line":28,"column":7}},"line":22},"2":{"name":"(anonymous_2)","decl":{"start":{"line":33,"column":12},"end":{"line":33,"column":13}},"loc":{"start":{"line":33,"column":18},"end":{"line":38,"column":3}},"line":33}},"branchMap":{"0":{"loc":{"start":{"line":18,"column":13},"end":{"line":18,"column":30}},"type":"binary-expr","locations":[{"start":{"line":18,"column":13},"end":{"line":18,"column":25}},{"start":{"line":18,"column":29},"end":{"line":18,"column":30}}],"line":18},"1":{"loc":{"start":{"line":24,"column":8},"end":{"line":26,"column":9}},"type":"if","locations":[{"start":{"line":24,"column":8},"end":{"line":26,"column":9}},{"start":{},"end":{}}],"line":24},"2":{"loc":{"start":{"line":24,"column":12},"end":{"line":24,"column":50}},"type":"binary-expr","locations":[{"start":{"line":24,"column":12},"end":{"line":24,"column":20}},{"start":{"line":24,"column":24},"end":{"line":24,"column":50}}],"line":24},"3":{"loc":{"start":{"line":35,"column":4},"end":{"line":37,"column":5}},"type":"if","locations":[{"start":{"line":35,"column":4},"end":{"line":37,"column":5}},{"start":{},"end":{}}],"line":35},"4":{"loc":{"start":{"line":35,"column":8},"end":{"line":35,"column":72}},"type":"binary-expr","locations":[{"start":{"line":35,"column":8},"end":{"line":35,"column":16}},{"start":{"line":35,"column":20},"end":{"line":35,"column":46}},{"start":{"line":35,"column":50},"end":{"line":35,"column":72}}],"line":35}},"s":{"0":0,"1":0,"2":0,"3":0,"4":0,"5":0,"6":0,"7":0,"8":0,"9":0,"10":0},"f":{"0":0,"1":0,"2":0},"b":{"0":[0,0],"1":[0,0],"2":[0,0],"3":[0,0],"4":[0,0,0]}}
,"/Users/ghenry/Documents/github/substreamer-rn/src/hooks/useTheme.ts": {"path":"/Users/ghenry/Documents/github/substreamer-rn/src/hooks/useTheme.ts","statementMap":{"0":{"start":{"line":15,"column":23},"end":{"line":15,"column":39}},"1":{"start":{"line":16,"column":21},"end":{"line":16,"column":57}},"2":{"start":{"line":16,"column":39},"end":{"line":16,"column":56}},"3":{"start":{"line":17,"column":29},"end":{"line":17,"column":68}},"4":{"start":{"line":17,"column":47},"end":{"line":17,"column":67}},"5":{"start":{"line":18,"column":23},"end":{"line":18,"column":56}},"6":{"start":{"line":18,"column":41},"end":{"line":18,"column":55}},"7":{"start":{"line":19,"column":26},"end":{"line":19,"column":62}},"8":{"start":{"line":19,"column":44},"end":{"line":19,"column":61}},"9":{"start":{"line":21,"column":31},"end":{"line":24,"column":3}},"10":{"start":{"line":22,"column":11},"end":{"line":22,"column":95}},"11":{"start":{"line":26,"column":30},"end":{"line":29,"column":27}},"12":{"start":{"line":27,"column":23},"end":{"line":27,"column":41}},"13":{"start":{"line":28,"column":4},"end":{"line":28,"column":80}},"14":{"start":{"line":31,"column":2},"end":{"line":31,"column":90}}},"fnMap":{"0":{"name":"useTheme","decl":{"start":{"line":7,"column":16},"end":{"line":7,"column":24}},"loc":{"start":{"line":14,"column":2},"end":{"line":32,"column":1}},"line":14},"1":{"name":"(anonymous_1)","decl":{"start":{"line":16,"column":32},"end":{"line":16,"column":33}},"loc":{"start":{"line":16,"column":39},"end":{"line":16,"column":56}},"line":16},"2":{"name":"(anonymous_2)","decl":{"start":{"line":17,"column":40},"end":{"line":17,"column":41}},"loc":{"start":{"line":17,"column":47},"end":{"line":17,"column":67}},"line":17},"3":{"name":"(anonymous_3)","decl":{"start":{"line":18,"column":34},"end":{"line":18,"column":35}},"loc":{"start":{"line":18,"column":41},"end":{"line":18,"column":55}},"line":18},"4":{"name":"(anonymous_4)","decl":{"start":{"line":19,"column":37},"end":{"line":19,"column":38}},"loc":{"start":{"line":19,"column":44},"end":{"line":19,"column":61}},"line":19},"5":{"name":"(anonymous_5)","decl":{"start":{"line":22,"column":4},"end":{"line":22,"column":5}},"loc":{"start":{"line":22,"column":11},"end":{"line":22,"column":95}},"line":22},"6":{"name":"(anonymous_6)","decl":{"start":{"line":26,"column":38},"end":{"line":26,"column":39}},"loc":{"start":{"line":26,"column":44},"end":{"line":29,"column":3}},"line":26}},"branchMap":{"0":{"loc":{"start":{"line":22,"column":11},"end":{"line":22,"column":95}},"type":"cond-expr","locations":[{"start":{"line":22,"column":38},"end":{"line":22,"column":81}},{"start":{"line":22,"column":85},"end":{"line":22,"column":95}}],"line":22},"1":{"loc":{"start":{"line":22,"column":38},"end":{"line":22,"column":81}},"type":"cond-expr","locations":[{"start":{"line":22,"column":65},"end":{"line":22,"column":72}},{"start":{"line":22,"column":75},"end":{"line":22,"column":81}}],"line":22},"2":{"loc":{"start":{"line":28,"column":11},"end":{"line":28,"column":79}},"type":"cond-expr","locations":[{"start":{"line":28,"column":26},"end":{"line":28,"column":66}},{"start":{"line":28,"column":69},"end":{"line":28,"column":79}}],"line":28}},"s":{"0":0,"1":0,"2":0,"3":0,"4":0,"5":0,"6":0,"7":0,"8":0,"9":0,"10":0,"11":0,"12":0,"13":0,"14":0},"f":{"0":0,"1":0,"2":0,"3":0,"4":0,"5":0,"6":0},"b":{"0":[0,0],"1":[0,0],"2":[0,0]}}
,"/Users/ghenry/Documents/github/substreamer-rn/src/hooks/useTransitionComplete.ts": {"path":"/Users/ghenry/Documents/github/substreamer-rn/src/hooks/useTransitionComplete.ts","statementMap":{"0":{"start":{"line":11,"column":34},"end":{"line":11,"column":48}},"1":{"start":{"line":13,"column":2},"end":{"line":19,"column":9}},"2":{"start":{"line":14,"column":4},"end":{"line":14,"column":21}},"3":{"start":{"line":14,"column":14},"end":{"line":14,"column":21}},"4":{"start":{"line":15,"column":15},"end":{"line":17,"column":6}},"5":{"start":{"line":16,"column":6},"end":{"line":16,"column":24}},"6":{"start":{"line":18,"column":4},"end":{"line":18,"column":40}},"7":{"start":{"line":18,"column":17},"end":{"line":18,"column":39}},"8":{"start":{"line":21,"column":2},"end":{"line":21,"column":18}}},"fnMap":{"0":{"name":"useTransitionComplete","decl":{"start":{"line":10,"column":16},"end":{"line":10,"column":37}},"loc":{"start":{"line":10,"column":61},"end":{"line":22,"column":1}},"line":10},"1":{"name":"(anonymous_1)","decl":{"start":{"line":13,"column":12},"end":{"line":13,"column":13}},"loc":{"start":{"line":13,"column":18},"end":{"line":19,"column":3}},"line":13},"2":{"name":"(anonymous_2)","decl":{"start":{"line":15,"column":35},"end":{"line":15,"column":36}},"loc":{"start":{"line":15,"column":41},"end":{"line":17,"column":5}},"line":15},"3":{"name":"(anonymous_3)","decl":{"start":{"line":18,"column":11},"end":{"line":18,"column":12}},"loc":{"start":{"line":18,"column":17},"end":{"line":18,"column":39}},"line":18}},"branchMap":{"0":{"loc":{"start":{"line":10,"column":38},"end":{"line":10,"column":50}},"type":"default-arg","locations":[{"start":{"line":10,"column":45},"end":{"line":10,"column":50}}],"line":10},"1":{"loc":{"start":{"line":14,"column":4},"end":{"line":14,"column":21}},"type":"if","locations":[{"start":{"line":14,"column":4},"end":{"line":14,"column":21}},{"start":{},"end":{}}],"line":14}},"s":{"0":0,"1":0,"2":0,"3":0,"4":0,"5":0,"6":0,"7":0,"8":0},"f":{"0":0,"1":0,"2":0,"3":0},"b":{"0":[0],"1":[0,0]}}
,"/Users/ghenry/Documents/github/substreamer-rn/src/services/backupService.ts": {"path":"/Users/ghenry/Documents/github/substreamer-rn/src/services/backupService.ts","statementMap":{"0":{"start":{"line":42,"column":24},"end":{"line":42,"column":33}},"1":{"start":{"line":43,"column":20},"end":{"line":43,"column":21}},"2":{"start":{"line":44,"column":32},"end":{"line":44,"column":51}},"3":{"start":{"line":50,"column":18},"end":{"line":50,"column":64}},"4":{"start":{"line":53,"column":2},"end":{"line":55,"column":3}},"5":{"start":{"line":54,"column":4},"end":{"line":54,"column":23}},"6":{"start":{"line":58,"column":0},"end":{"line":58,"column":16}},"7":{"start":{"line":65,"column":2},"end":{"line":65,"column":78}},"8":{"start":{"line":69,"column":2},"end":{"line":69,"column":29}},"9":{"start":{"line":73,"column":2},"end":{"line":73,"column":32}},"10":{"start":{"line":77,"column":2},"end":{"line":77,"column":27}},"11":{"start":{"line":85,"column":2},"end":{"line":85,"column":18}},"12":{"start":{"line":86,"column":20},"end":{"line":86,"column":35}},"13":{"start":{"line":87,"column":15},"end":{"line":87,"column":36}},"14":{"start":{"line":89,"column":48},"end":{"line":89,"column":52}},"15":{"start":{"line":90,"column":43},"end":{"line":90,"column":47}},"16":{"start":{"line":92,"column":20},"end":{"line":92,"column":72}},"17":{"start":{"line":93,"column":2},"end":{"line":109,"column":3}},"18":{"start":{"line":94,"column":20},"end":{"line":94,"column":73}},"19":{"start":{"line":95,"column":21},"end":{"line":95,"column":65}},"20":{"start":{"line":96,"column":4},"end":{"line":108,"column":5}},"21":{"start":{"line":97,"column":24},"end":{"line":97,"column":84}},"22":{"start":{"line":98,"column":6},"end":{"line":100,"column":7}},"23":{"start":{"line":99,"column":8},"end":{"line":99,"column":62}},"24":{"start":{"line":99,"column":14},"end":{"line":99,"column":32}},"25":{"start":{"line":101,"column":6},"end":{"line":101,"column":29}},"26":{"start":{"line":102,"column":6},"end":{"line":102,"column":72}},"27":{"start":{"line":104,"column":6},"end":{"line":106,"column":7}},"28":{"start":{"line":105,"column":8},"end":{"line":105,"column":61}},"29":{"start":{"line":105,"column":14},"end":{"line":105,"column":31}},"30":{"start":{"line":107,"column":6},"end":{"line":107,"column":14}},"31":{"start":{"line":111,"column":20},"end":{"line":111,"column":58}},"32":{"start":{"line":112,"column":24},"end":{"line":112,"column":53}},"33":{"start":{"line":113,"column":2},"end":{"line":129,"column":3}},"34":{"start":{"line":114,"column":20},"end":{"line":114,"column":68}},"35":{"start":{"line":115,"column":21},"end":{"line":115,"column":60}},"36":{"start":{"line":116,"column":4},"end":{"line":128,"column":5}},"37":{"start":{"line":117,"column":24},"end":{"line":117,"column":84}},"38":{"start":{"line":118,"column":6},"end":{"line":120,"column":7}},"39":{"start":{"line":119,"column":8},"end":{"line":119,"column":62}},"40":{"start":{"line":119,"column":14},"end":{"line":119,"column":32}},"41":{"start":{"line":121,"column":6},"end":{"line":121,"column":29}},"42":{"start":{"line":122,"column":6},"end":{"line":122,"column":64}},"43":{"start":{"line":124,"column":6},"end":{"line":126,"column":7}},"44":{"start":{"line":125,"column":8},"end":{"line":125,"column":61}},"45":{"start":{"line":125,"column":14},"end":{"line":125,"column":31}},"46":{"start":{"line":127,"column":6},"end":{"line":127,"column":14}},"47":{"start":{"line":131,"column":2},"end":{"line":131,"column":42}},"48":{"start":{"line":131,"column":35},"end":{"line":131,"column":42}},"49":{"start":{"line":133,"column":27},"end":{"line":138,"column":3}},"50":{"start":{"line":140,"column":19},"end":{"line":140,"column":58}},"51":{"start":{"line":141,"column":2},"end":{"line":141,"column":39}},"52":{"start":{"line":143,"column":2},"end":{"line":143,"column":55}},"53":{"start":{"line":151,"column":2},"end":{"line":151,"column":18}},"54":{"start":{"line":154,"column":2},"end":{"line":158,"column":3}},"55":{"start":{"line":155,"column":4},"end":{"line":155,"column":56}},"56":{"start":{"line":157,"column":4},"end":{"line":157,"column":14}},"57":{"start":{"line":160,"column":33},"end":{"line":160,"column":35}},"58":{"start":{"line":162,"column":2},"end":{"line":189,"column":3}},"59":{"start":{"line":163,"column":4},"end":{"line":163,"column":47}},"60":{"start":{"line":163,"column":38},"end":{"line":163,"column":47}},"61":{"start":{"line":165,"column":21},"end":{"line":165,"column":46}},"62":{"start":{"line":166,"column":4},"end":{"line":188,"column":5}},"63":{"start":{"line":167,"column":18},"end":{"line":167,"column":39}},"64":{"start":{"line":168,"column":31},"end":{"line":168,"column":46}},"65":{"start":{"line":170,"column":6},"end":{"line":170,"column":39}},"66":{"start":{"line":170,"column":30},"end":{"line":170,"column":39}},"67":{"start":{"line":172,"column":19},"end":{"line":172,"column":52}},"68":{"start":{"line":174,"column":27},"end":{"line":174,"column":96}},"69":{"start":{"line":175,"column":22},"end":{"line":175,"column":90}},"70":{"start":{"line":176,"column":6},"end":{"line":176,"column":46}},"71":{"start":{"line":176,"column":37},"end":{"line":176,"column":46}},"72":{"start":{"line":178,"column":6},"end":{"line":185,"column":9}},"73":{"start":{"line":187,"column":6},"end":{"line":187,"column":15}},"74":{"start":{"line":191,"column":2},"end":{"line":191,"column":65}},"75":{"start":{"line":191,"column":25},"end":{"line":191,"column":63}},"76":{"start":{"line":192,"column":2},"end":{"line":192,"column":17}},"77":{"start":{"line":202,"column":22},"end":{"line":202,"column":23}},"78":{"start":{"line":203,"column":26},"end":{"line":203,"column":27}},"79":{"start":{"line":205,"column":2},"end":{"line":215,"column":3}},"80":{"start":{"line":206,"column":21},"end":{"line":206,"column":71}},"81":{"start":{"line":207,"column":4},"end":{"line":209,"column":5}},"82":{"start":{"line":208,"column":6},"end":{"line":208,"column":61}},"83":{"start":{"line":210,"column":17},"end":{"line":210,"column":55}},"84":{"start":{"line":211,"column":43},"end":{"line":211,"column":59}},"85":{"start":{"line":212,"column":4},"end":{"line":212,"column":71}},"86":{"start":{"line":213,"column":4},"end":{"line":213,"column":53}},"87":{"start":{"line":214,"column":4},"end":{"line":214,"column":37}},"88":{"start":{"line":217,"column":2},"end":{"line":226,"column":3}},"89":{"start":{"line":218,"column":21},"end":{"line":218,"column":66}},"90":{"start":{"line":219,"column":4},"end":{"line":221,"column":5}},"91":{"start":{"line":220,"column":6},"end":{"line":220,"column":66}},"92":{"start":{"line":222,"column":17},"end":{"line":222,"column":55}},"93":{"start":{"line":223,"column":52},"end":{"line":223,"column":68}},"94":{"start":{"line":224,"column":4},"end":{"line":224,"column":46}},"95":{"start":{"line":225,"column":4},"end":{"line":225,"column":54}},"96":{"start":{"line":228,"column":2},"end":{"line":228,"column":46}},"97":{"start":{"line":236,"column":14},"end":{"line":236,"column":33}},"98":{"start":{"line":237,"column":2},"end":{"line":237,"column":33}},"99":{"start":{"line":237,"column":26},"end":{"line":237,"column":33}},"100":{"start":{"line":239,"column":19},"end":{"line":239,"column":34}},"101":{"start":{"line":240,"column":2},"end":{"line":252,"column":3}},"102":{"start":{"line":241,"column":26},"end":{"line":245,"column":5}},"103":{"start":{"line":246,"column":4},"end":{"line":251,"column":5}},"104":{"start":{"line":247,"column":6},"end":{"line":250,"column":35}},"105":{"start":{"line":248,"column":18},"end":{"line":248,"column":43}},"106":{"start":{"line":249,"column":8},"end":{"line":249,"column":33}},"107":{"start":{"line":249,"column":22},"end":{"line":249,"column":33}},"108":{"start":{"line":268,"column":2},"end":{"line":268,"column":18}},"109":{"start":{"line":271,"column":2},"end":{"line":275,"column":3}},"110":{"start":{"line":272,"column":4},"end":{"line":272,"column":56}},"111":{"start":{"line":274,"column":4},"end":{"line":274,"column":11}},"112":{"start":{"line":277,"column":20},"end":{"line":277,"column":37}},"113":{"start":{"line":279,"column":2},"end":{"line":285,"column":3}},"114":{"start":{"line":280,"column":4},"end":{"line":284,"column":5}},"115":{"start":{"line":281,"column":6},"end":{"line":281,"column":77}},"116":{"start":{"line":281,"column":12},"end":{"line":281,"column":47}},"117":{"start":{"line":282,"column":11},"end":{"line":284,"column":5}},"118":{"start":{"line":283,"column":6},"end":{"line":283,"column":55}},"119":{"start":{"line":287,"column":2},"end":{"line":295,"column":3}},"120":{"start":{"line":288,"column":4},"end":{"line":288,"column":40}},"121":{"start":{"line":288,"column":31},"end":{"line":288,"column":40}},"122":{"start":{"line":289,"column":4},"end":{"line":289,"column":46}},"123":{"start":{"line":289,"column":37},"end":{"line":289,"column":46}},"124":{"start":{"line":291,"column":17},"end":{"line":291,"column":60}},"125":{"start":{"line":292,"column":4},"end":{"line":294,"column":5}},"126":{"start":{"line":293,"column":6},"end":{"line":293,"column":77}},"127":{"start":{"line":293,"column":12},"end":{"line":293,"column":47}},"128":{"start":{"line":303,"column":2},"end":{"line":303,"column":31}},"129":{"start":{"line":305,"column":48},"end":{"line":305,"column":70}},"130":{"start":{"line":307,"column":2},"end":{"line":307,"column":33}},"131":{"start":{"line":307,"column":26},"end":{"line":307,"column":33}},"132":{"start":{"line":309,"column":14},"end":{"line":309,"column":24}},"133":{"start":{"line":310,"column":2},"end":{"line":310,"column":79}},"134":{"start":{"line":310,"column":72},"end":{"line":310,"column":79}},"135":{"start":{"line":312,"column":2},"end":{"line":317,"column":3}},"136":{"start":{"line":313,"column":4},"end":{"line":313,"column":25}},"137":{"start":{"line":314,"column":4},"end":{"line":314,"column":25}}},"fnMap":{"0":{"name":"initBackupDir","decl":{"start":{"line":52,"column":16},"end":{"line":52,"column":29}},"loc":{"start":{"line":52,"column":32},"end":{"line":56,"column":1}},"line":52},"1":{"name":"makeTimestamp","decl":{"start":{"line":64,"column":9},"end":{"line":64,"column":22}},"loc":{"start":{"line":64,"column":33},"end":{"line":66,"column":1}},"line":64},"2":{"name":"metaFileName","decl":{"start":{"line":68,"column":9},"end":{"line":68,"column":21}},"loc":{"start":{"line":68,"column":44},"end":{"line":70,"column":1}},"line":68},"3":{"name":"scrobblesFileName","decl":{"start":{"line":72,"column":9},"end":{"line":72,"column":26}},"loc":{"start":{"line":72,"column":49},"end":{"line":74,"column":1}},"line":72},"4":{"name":"mbidFileName","decl":{"start":{"line":76,"column":9},"end":{"line":76,"column":21}},"loc":{"start":{"line":76,"column":44},"end":{"line":78,"column":1}},"line":76},"5":{"name":"createBackup","decl":{"start":{"line":84,"column":22},"end":{"line":84,"column":34}},"loc":{"start":{"line":84,"column":52},"end":{"line":144,"column":1}},"line":84},"6":{"name":"listBackups","decl":{"start":{"line":150,"column":22},"end":{"line":150,"column":33}},"loc":{"start":{"line":150,"column":60},"end":{"line":193,"column":1}},"line":150},"7":{"name":"(anonymous_7)","decl":{"start":{"line":191,"column":15},"end":{"line":191,"column":16}},"loc":{"start":{"line":191,"column":25},"end":{"line":191,"column":63}},"line":191},"8":{"name":"restoreBackup","decl":{"start":{"line":199,"column":22},"end":{"line":199,"column":35}},"loc":{"start":{"line":201,"column":65},"end":{"line":229,"column":1}},"line":201},"9":{"name":"pruneBackups","decl":{"start":{"line":235,"column":22},"end":{"line":235,"column":34}},"loc":{"start":{"line":235,"column":70},"end":{"line":253,"column":1}},"line":235},"10":{"name":"cleanUpOrphanedFiles","decl":{"start":{"line":267,"column":15},"end":{"line":267,"column":35}},"loc":{"start":{"line":267,"column":53},"end":{"line":296,"column":1}},"line":267},"11":{"name":"runAutoBackupIfNeeded","decl":{"start":{"line":302,"column":22},"end":{"line":302,"column":43}},"loc":{"start":{"line":302,"column":61},"end":{"line":318,"column":1}},"line":302}},"branchMap":{"0":{"loc":{"start":{"line":53,"column":2},"end":{"line":55,"column":3}},"type":"if","locations":[{"start":{"line":53,"column":2},"end":{"line":55,"column":3}},{"start":{},"end":{}}],"line":53},"1":{"loc":{"start":{"line":93,"column":2},"end":{"line":109,"column":3}},"type":"if","locations":[{"start":{"line":93,"column":2},"end":{"line":109,"column":3}},{"start":{},"end":{}}],"line":93},"2":{"loc":{"start":{"line":98,"column":6},"end":{"line":100,"column":7}},"type":"if","locations":[{"start":{"line":98,"column":6},"end":{"line":100,"column":7}},{"start":{},"end":{}}],"line":98},"3":{"loc":{"start":{"line":104,"column":6},"end":{"line":106,"column":7}},"type":"if","locations":[{"start":{"line":104,"column":6},"end":{"line":106,"column":7}},{"start":{},"end":{}}],"line":104},"4":{"loc":{"start":{"line":113,"column":2},"end":{"line":129,"column":3}},"type":"if","locations":[{"start":{"line":113,"column":2},"end":{"line":129,"column":3}},{"start":{},"end":{}}],"line":113},"5":{"loc":{"start":{"line":118,"column":6},"end":{"line":120,"column":7}},"type":"if","locations":[{"start":{"line":118,"column":6},"end":{"line":120,"column":7}},{"start":{},"end":{}}],"line":118},"6":{"loc":{"start":{"line":124,"column":6},"end":{"line":126,"column":7}},"type":"if","locations":[{"start":{"line":124,"column":6},"end":{"line":126,"column":7}},{"start":{},"end":{}}],"line":124},"7":{"loc":{"start":{"line":131,"column":2},"end":{"line":131,"column":42}},"type":"if","locations":[{"start":{"line":131,"column":2},"end":{"line":131,"column":42}},{"start":{},"end":{}}],"line":131},"8":{"loc":{"start":{"line":131,"column":6},"end":{"line":131,"column":33}},"type":"binary-expr","locations":[{"start":{"line":131,"column":6},"end":{"line":131,"column":20}},{"start":{"line":131,"column":24},"end":{"line":131,"column":33}}],"line":131},"9":{"loc":{"start":{"line":163,"column":4},"end":{"line":163,"column":47}},"type":"if","locations":[{"start":{"line":163,"column":4},"end":{"line":163,"column":47}},{"start":{},"end":{}}],"line":163},"10":{"loc":{"start":{"line":170,"column":6},"end":{"line":170,"column":39}},"type":"if","locations":[{"start":{"line":170,"column":6},"end":{"line":170,"column":39}},{"start":{},"end":{}}],"line":170},"11":{"loc":{"start":{"line":174,"column":27},"end":{"line":174,"column":96}},"type":"binary-expr","locations":[{"start":{"line":174,"column":27},"end":{"line":174,"column":41}},{"start":{"line":174,"column":45},"end":{"line":174,"column":96}}],"line":174},"12":{"loc":{"start":{"line":175,"column":22},"end":{"line":175,"column":90}},"type":"binary-expr","locations":[{"start":{"line":175,"column":22},"end":{"line":175,"column":40}},{"start":{"line":175,"column":44},"end":{"line":175,"column":90}}],"line":175},"13":{"loc":{"start":{"line":176,"column":6},"end":{"line":176,"column":46}},"type":"if","locations":[{"start":{"line":176,"column":6},"end":{"line":176,"column":46}},{"start":{},"end":{}}],"line":176},"14":{"loc":{"start":{"line":176,"column":10},"end":{"line":176,"column":35}},"type":"binary-expr","locations":[{"start":{"line":176,"column":10},"end":{"line":176,"column":23}},{"start":{"line":176,"column":27},"end":{"line":176,"column":35}}],"line":176},"15":{"loc":{"start":{"line":180,"column":23},"end":{"line":180,"column":53}},"type":"binary-expr","locations":[{"start":{"line":180,"column":23},"end":{"line":180,"column":48}},{"start":{"line":180,"column":52},"end":{"line":180,"column":53}}],"line":180},"16":{"loc":{"start":{"line":181,"column":27},"end":{"line":181,"column":57}},"type":"binary-expr","locations":[{"start":{"line":181,"column":27},"end":{"line":181,"column":52}},{"start":{"line":181,"column":56},"end":{"line":181,"column":57}}],"line":181},"17":{"loc":{"start":{"line":182,"column":27},"end":{"line":182,"column":61}},"type":"binary-expr","locations":[{"start":{"line":182,"column":27},"end":{"line":182,"column":56}},{"start":{"line":182,"column":60},"end":{"line":182,"column":61}}],"line":182},"18":{"loc":{"start":{"line":183,"column":31},"end":{"line":183,"column":65}},"type":"binary-expr","locations":[{"start":{"line":183,"column":31},"end":{"line":183,"column":60}},{"start":{"line":183,"column":64},"end":{"line":183,"column":65}}],"line":183},"19":{"loc":{"start":{"line":205,"column":2},"end":{"line":215,"column":3}},"type":"if","locations":[{"start":{"line":205,"column":2},"end":{"line":215,"column":3}},{"start":{},"end":{}}],"line":205},"20":{"loc":{"start":{"line":207,"column":4},"end":{"line":209,"column":5}},"type":"if","locations":[{"start":{"line":207,"column":4},"end":{"line":209,"column":5}},{"start":{},"end":{}}],"line":207},"21":{"loc":{"start":{"line":217,"column":2},"end":{"line":226,"column":3}},"type":"if","locations":[{"start":{"line":217,"column":2},"end":{"line":226,"column":3}},{"start":{},"end":{}}],"line":217},"22":{"loc":{"start":{"line":219,"column":4},"end":{"line":221,"column":5}},"type":"if","locations":[{"start":{"line":219,"column":4},"end":{"line":221,"column":5}},{"start":{},"end":{}}],"line":219},"23":{"loc":{"start":{"line":235,"column":35},"end":{"line":235,"column":53}},"type":"default-arg","locations":[{"start":{"line":235,"column":42},"end":{"line":235,"column":53}}],"line":235},"24":{"loc":{"start":{"line":237,"column":2},"end":{"line":237,"column":33}},"type":"if","locations":[{"start":{"line":237,"column":2},"end":{"line":237,"column":33}},{"start":{},"end":{}}],"line":237},"25":{"loc":{"start":{"line":249,"column":8},"end":{"line":249,"column":33}},"type":"if","locations":[{"start":{"line":249,"column":8},"end":{"line":249,"column":33}},{"start":{},"end":{}}],"line":249},"26":{"loc":{"start":{"line":280,"column":4},"end":{"line":284,"column":5}},"type":"if","locations":[{"start":{"line":280,"column":4},"end":{"line":284,"column":5}},{"start":{"line":282,"column":11},"end":{"line":284,"column":5}}],"line":280},"27":{"loc":{"start":{"line":282,"column":11},"end":{"line":284,"column":5}},"type":"if","locations":[{"start":{"line":282,"column":11},"end":{"line":284,"column":5}},{"start":{},"end":{}}],"line":282},"28":{"loc":{"start":{"line":288,"column":4},"end":{"line":288,"column":40}},"type":"if","locations":[{"start":{"line":288,"column":4},"end":{"line":288,"column":40}},{"start":{},"end":{}}],"line":288},"29":{"loc":{"start":{"line":289,"column":4},"end":{"line":289,"column":46}},"type":"if","locations":[{"start":{"line":289,"column":4},"end":{"line":289,"column":46}},{"start":{},"end":{}}],"line":289},"30":{"loc":{"start":{"line":292,"column":4},"end":{"line":294,"column":5}},"type":"if","locations":[{"start":{"line":292,"column":4},"end":{"line":294,"column":5}},{"start":{},"end":{}}],"line":292},"31":{"loc":{"start":{"line":292,"column":8},"end":{"line":292,"column":45}},"type":"binary-expr","locations":[{"start":{"line":292,"column":8},"end":{"line":292,"column":21}},{"start":{"line":292,"column":25},"end":{"line":292,"column":45}}],"line":292},"32":{"loc":{"start":{"line":307,"column":2},"end":{"line":307,"column":33}},"type":"if","locations":[{"start":{"line":307,"column":2},"end":{"line":307,"column":33}},{"start":{},"end":{}}],"line":307},"33":{"loc":{"start":{"line":310,"column":2},"end":{"line":310,"column":79}},"type":"if","locations":[{"start":{"line":310,"column":2},"end":{"line":310,"column":79}},{"start":{},"end":{}}],"line":310},"34":{"loc":{"start":{"line":310,"column":6},"end":{"line":310,"column":70}},"type":"binary-expr","locations":[{"start":{"line":310,"column":6},"end":{"line":310,"column":20}},{"start":{"line":310,"column":24},"end":{"line":310,"column":70}}],"line":310}},"s":{"0":0,"1":0,"2":0,"3":0,"4":0,"5":0,"6":0,"7":0,"8":0,"9":0,"10":0,"11":0,"12":0,"13":0,"14":0,"15":0,"16":0,"17":0,"18":0,"19":0,"20":0,"21":0,"22":0,"23":0,"24":0,"25":0,"26":0,"27":0,"28":0,"29":0,"30":0,"31":0,"32":0,"33":0,"34":0,"35":0,"36":0,"37":0,"38":0,"39":0,"40":0,"41":0,"42":0,"43":0,"44":0,"45":0,"46":0,"47":0,"48":0,"49":0,"50":0,"51":0,"52":0,"53":0,"54":0,"55":0,"56":0,"57":0,"58":0,"59":0,"60":0,"61":0,"62":0,"63":0,"64":0,"65":0,"66":0,"67":0,"68":0,"69":0,"70":0,"71":0,"72":0,"73":0,"74":0,"75":0,"76":0,"77":0,"78":0,"79":0,"80":0,"81":0,"82":0,"83":0,"84":0,"85":0,"86":0,"87":0,"88":0,"89":0,"90":0,"91":0,"92":0,"93":0,"94":0,"95":0,"96":0,"97":0,"98":0,"99":0,"100":0,"101":0,"102":0,"103":0,"104":0,"105":0,"106":0,"107":0,"108":0,"109":0,"110":0,"111":0,"112":0,"113":0,"114":0,"115":0,"116":0,"117":0,"118":0,"119":0,"120":0,"121":0,"122":0,"123":0,"124":0,"125":0,"126":0,"127":0,"128":0,"129":0,"130":0,"131":0,"132":0,"133":0,"134":0,"135":0,"136":0,"137":0},"f":{"0":0,"1":0,"2":0,"3":0,"4":0,"5":0,"6":0,"7":0,"8":0,"9":0,"10":0,"11":0},"b":{"0":[0,0],"1":[0,0],"2":[0,0],"3":[0,0],"4":[0,0],"5":[0,0],"6":[0,0],"7":[0,0],"8":[0,0],"9":[0,0],"10":[0,0],"11":[0,0],"12":[0,0],"13":[0,0],"14":[0,0],"15":[0,0],"16":[0,0],"17":[0,0],"18":[0,0],"19":[0,0],"20":[0,0],"21":[0,0],"22":[0,0],"23":[0],"24":[0,0],"25":[0,0],"26":[0,0],"27":[0,0],"28":[0,0],"29":[0,0],"30":[0,0],"31":[0,0],"32":[0,0],"33":[0,0],"34":[0,0]}}
,"/Users/ghenry/Documents/github/substreamer-rn/src/services/connectivityService.ts": {"path":"/Users/ghenry/Documents/github/substreamer-rn/src/services/connectivityService.ts","statementMap":{"0":{"start":{"line":6,"column":35},"end":{"line":6,"column":41}},"1":{"start":{"line":7,"column":37},"end":{"line":7,"column":42}},"2":{"start":{"line":8,"column":24},"end":{"line":8,"column":29}},"3":{"start":{"line":9,"column":31},"end":{"line":9,"column":36}},"4":{"start":{"line":11,"column":46},"end":{"line":11,"column":50}},"5":{"start":{"line":12,"column":54},"end":{"line":12,"column":58}},"6":{"start":{"line":13,"column":61},"end":{"line":13,"column":65}},"7":{"start":{"line":14,"column":19},"end":{"line":14,"column":23}},"8":{"start":{"line":15,"column":19},"end":{"line":15,"column":24}},"9":{"start":{"line":18,"column":2},"end":{"line":21,"column":3}},"10":{"start":{"line":19,"column":4},"end":{"line":19,"column":28}},"11":{"start":{"line":20,"column":4},"end":{"line":20,"column":21}},"12":{"start":{"line":25,"column":2},"end":{"line":28,"column":3}},"13":{"start":{"line":26,"column":4},"end":{"line":26,"column":35}},"14":{"start":{"line":27,"column":4},"end":{"line":27,"column":28}},"15":{"start":{"line":32,"column":2},"end":{"line":32,"column":19}},"16":{"start":{"line":33,"column":32},"end":{"line":33,"column":60}},"17":{"start":{"line":34,"column":19},"end":{"line":36,"column":34}},"18":{"start":{"line":37,"column":2},"end":{"line":39,"column":15}},"19":{"start":{"line":38,"column":4},"end":{"line":38,"column":17}},"20":{"start":{"line":43,"column":2},"end":{"line":49,"column":5}},"21":{"start":{"line":44,"column":18},"end":{"line":44,"column":73}},"22":{"start":{"line":44,"column":35},"end":{"line":44,"column":68}},"23":{"start":{"line":45,"column":4},"end":{"line":48,"column":6}},"24":{"start":{"line":46,"column":17},"end":{"line":46,"column":37}},"25":{"start":{"line":46,"column":38},"end":{"line":46,"column":51}},"26":{"start":{"line":47,"column":17},"end":{"line":47,"column":37}},"27":{"start":{"line":47,"column":38},"end":{"line":47,"column":50}},"28":{"start":{"line":53,"column":2},"end":{"line":53,"column":27}},"29":{"start":{"line":53,"column":20},"end":{"line":53,"column":27}},"30":{"start":{"line":55,"column":34},"end":{"line":55,"column":62}},"31":{"start":{"line":56,"column":2},"end":{"line":59,"column":3}},"32":{"start":{"line":57,"column":4},"end":{"line":57,"column":30}},"33":{"start":{"line":58,"column":4},"end":{"line":58,"column":11}},"34":{"start":{"line":61,"column":14},"end":{"line":61,"column":22}},"35":{"start":{"line":62,"column":2},"end":{"line":65,"column":3}},"36":{"start":{"line":63,"column":4},"end":{"line":63,"column":19}},"37":{"start":{"line":64,"column":4},"end":{"line":64,"column":11}},"38":{"start":{"line":67,"column":2},"end":{"line":67,"column":22}},"39":{"start":{"line":68,"column":2},"end":{"line":75,"column":3}},"40":{"start":{"line":69,"column":21},"end":{"line":69,"column":67}},"41":{"start":{"line":70,"column":4},"end":{"line":70,"column":49}},"42":{"start":{"line":72,"column":4},"end":{"line":72,"column":30}},"43":{"start":{"line":74,"column":4},"end":{"line":74,"column":25}},"44":{"start":{"line":79,"column":16},"end":{"line":79,"column":44}},"45":{"start":{"line":80,"column":23},"end":{"line":80,"column":46}},"46":{"start":{"line":82,"column":2},"end":{"line":82,"column":38}},"47":{"start":{"line":84,"column":2},"end":{"line":93,"column":3}},"48":{"start":{"line":85,"column":4},"end":{"line":85,"column":28}},"49":{"start":{"line":86,"column":4},"end":{"line":86,"column":40}},"50":{"start":{"line":87,"column":4},"end":{"line":89,"column":31}},"51":{"start":{"line":88,"column":6},"end":{"line":88,"column":60}},"52":{"start":{"line":90,"column":9},"end":{"line":93,"column":3}},"53":{"start":{"line":91,"column":4},"end":{"line":91,"column":28}},"54":{"start":{"line":92,"column":4},"end":{"line":92,"column":40}},"55":{"start":{"line":95,"column":2},"end":{"line":95,"column":23}},"56":{"start":{"line":96,"column":2},"end":{"line":96,"column":17}},"57":{"start":{"line":100,"column":20},"end":{"line":100,"column":53}},"58":{"start":{"line":101,"column":23},"end":{"line":101,"column":75}},"59":{"start":{"line":102,"column":1
[...]
,"/Users/ghenry/Documents/github/substreamer-rn/src/store/sslCertStore.ts": {"path":"/Users/ghenry/Documents/github/substreamer-rn/src/store/sslCertStore.ts","statementMap":{"0":{"start":{"line":26,"column":20},"end":{"line":26,"column":43}},"1":{"start":{"line":28,"column":28},"end":{"line":66,"column":1}},"2":{"start":{"line":30,"column":19},"end":{"line":57,"column":5}},"3":{"start":{"line":34,"column":8},"end":{"line":42,"column":11}},"4":{"start":{"line":34,"column":24},"end":{"line":42,"column":9}},"5":{"start":{"line":45,"column":8},"end":{"line":48,"column":10}},"6":{"start":{"line":46,"column":45},"end":{"line":46,"column":63}},"7":{"start":{"line":47,"column":10},"end":{"line":47,"column":40}},"8":{"start":{"line":51,"column":8},"end":{"line":51,"column":46}},"9":{"start":{"line":55,"column":8},"end":{"line":55,"column":60}},"10":{"start":{"line":60,"column":39},"end":{"line":60,"column":52}},"11":{"start":{"line":61,"column":30},"end":{"line":63,"column":7}}},"fnMap":{"0":{"name":"(anonymous_0)","decl":{"start":{"line":30,"column":4},"end":{"line":30,"column":5}},"loc":{"start":{"line":30,"column":19},"end":{"line":57,"column":5}},"line":30},"1":{"name":"(anonymous_1)","decl":{"start":{"line":33,"column":24},"end":{"line":33,"column":25}},"loc":{"start":{"line":34,"column":8},"end":{"line":42,"column":11}},"line":34},"2":{"name":"(anonymous_2)","decl":{"start":{"line":34,"column":12},"end":{"line":34,"column":13}},"loc":{"start":{"line":34,"column":24},"end":{"line":42,"column":9}},"line":34},"3":{"name":"(anonymous_3)","decl":{"start":{"line":44,"column":32},"end":{"line":44,"column":33}},"loc":{"start":{"line":45,"column":8},"end":{"line":48,"column":10}},"line":45},"4":{"name":"(anonymous_4)","decl":{"start":{"line":45,"column":12},"end":{"line":45,"column":13}},"loc":{"start":{"line":45,"column":23},"end":{"line":48,"column":9}},"line":45},"5":{"name":"(anonymous_5)","decl":{"start":{"line":50,"column":17},"end":{"line":50,"column":18}},"loc":{"start":{"line":50,"column":39},"end":{"line":52,"column":7}},"line":50},"6":{"name":"(anonymous_6)","decl":{"start":{"line":54,"column":29},"end":{"line":54,"column":30}},"loc":{"start":{"line":54,"column":51},"end":{"line":56,"column":7}},"line":54},"7":{"name":"(anonymous_7)","decl":{"start":{"line":60,"column":33},"end":{"line":60,"column":34}},"loc":{"start":{"line":60,"column":39},"end":{"line":60,"column":52}},"line":60},"8":{"name":"(anonymous_8)","decl":{"start":{"line":61,"column":18},"end":{"line":61,"column":19}},"loc":{"start":{"line":61,"column":30},"end":{"line":63,"column":7}},"line":61}},"branchMap":{"0":{"loc":{"start":{"line":55,"column":15},"end":{"line":55,"column":59}},"type":"binary-expr","locations":[{"start":{"line":55,"column":15},"end":{"line":55,"column":51}},{"start":{"line":55,"column":55},"end":{"line":55,"column":59}}],"line":55}},"s":{"0":0,"1":0,"2":0,"3":0,"4":0,"5":0,"6":0,"7":0,"8":0,"9":0,"10":0,"11":0},"f":{"0":0,"1":0,"2":0,"3":0,"4":0,"5":0,"6":0,"7":0,"8":0},"b":{"0":[0,0]}}
,"/Users/ghenry/Documents/github/substreamer-rn/src/store/storageLimitStore.ts": {"path":"/Users/ghenry/Documents/github/substreamer-rn/src/store/storageLimitStore.ts","statementMap":{"0":{"start":{"line":18,"column":20},"end":{"line":18,"column":47}},"1":{"start":{"line":20,"column":33},"end":{"line":40,"column":1}},"2":{"start":{"line":22,"column":14},"end":{"line":30,"column":5}},"3":{"start":{"line":27,"column":30},"end":{"line":27,"column":54}},"4":{"start":{"line":28,"column":33},"end":{"line":28,"column":60}},"5":{"start":{"line":29,"column":32},"end":{"line":29,"column":60}},"6":{"start":{"line":33,"column":39},"end":{"line":33,"column":52}},"7":{"start":{"line":34,"column":30},"end":{"line":37,"column":7}}},"fnMap":{"0":{"name":"(anonymous_0)","decl":{"start":{"line":22,"column":4},"end":{"line":22,"column":5}},"loc":{"start":{"line":22,"column":14},"end":{"line":30,"column":5}},"line":22},"1":{"name":"(anonymous_1)","decl":{"start":{"line":27,"column":20},"end":{"line":27,"column":21}},"loc":{"start":{"line":27,"column":30},"end":{"line":27,"column":54}},"line":27},"2":{"name":"(anonymous_2)","decl":{"start":{"line":28,"column":25},"end":{"line":28,"column":26}},"loc":{"start":{"line":28,"column":33},"end":{"line":28,"column":60}},"line":28},"3":{"name":"(anonymous_3)","decl":{"start":{"line":29,"column":22},"end":{"line":29,"column":23}},"loc":{"start":{"line":29,"column":32},"end":{"line":29,"column":60}},"line":29},"4":{"name":"(anonymous_4)","decl":{"start":{"line":33,"column":33},"end":{"line":33,"column":34}},"loc":{"start":{"line":33,"column":39},"end":{"line":33,"column":52}},"line":33},"5":{"name":"(anonymous_5)","decl":{"start":{"line":34,"column":18},"end":{"line":34,"column":19}},"loc":{"start":{"line":34,"column":30},"end":{"line":37,"column":7}},"line":34}},"branchMap":{},"s":{"0":4,"1":4,"2":4,"3":4,"4":4,"5":12,"6":4,"7":66},"f":{"0":4,"1":4,"2":4,"3":12,"4":4,"5":66},"b":{},"_coverageSchema":"1a1c01bbd47fc00a2c39e90264f33305004495a9","hash":"e756ccdcc05394d635198840b3a92a52175a5364"}
,"/Users/ghenry/Documents/github/substreamer-rn/src/store/themeStore.ts": {"path":"/Users/ghenry/Documents/github/substreamer-rn/src/store/themeStore.ts","statementMap":{"0":{"start":{"line":8,"column":37},"end":{"line":8,"column":46}},"1":{"start":{"line":17,"column":20},"end":{"line":17,"column":39}},"2":{"start":{"line":19,"column":26},"end":{"line":36,"column":1}},"3":{"start":{"line":21,"column":14},"end":{"line":26,"column":5}},"4":{"start":{"line":24,"column":47},"end":{"line":24,"column":71}},"5":{"start":{"line":25,"column":41},"end":{"line":25,"column":62}},"6":{"start":{"line":29,"column":39},"end":{"line":29,"column":52}},"7":{"start":{"line":30,"column":30},"end":{"line":33,"column":7}}},"fnMap":{"0":{"name":"(anonymous_0)","decl":{"start":{"line":21,"column":4},"end":{"line":21,"column":5}},"loc":{"start":{"line":21,"column":14},"end":{"line":26,"column":5}},"line":21},"1":{"name":"(anonymous_1)","decl":{"start":{"line":24,"column":26},"end":{"line":24,"column":27}},"loc":{"start":{"line":24,"column":47},"end":{"line":24,"column":71}},"line":24},"2":{"name":"(anonymous_2)","decl":{"start":{"line":25,"column":23},"end":{"line":25,"column":24}},"loc":{"start":{"line":25,"column":41},"end":{"line":25,"column":62}},"line":25},"3":{"name":"(anonymous_3)","decl":{"start":{"line":29,"column":33},"end":{"line":29,"column":34}},"loc":{"start":{"line":29,"column":39},"end":{"line":29,"column":52}},"line":29},"4":{"name":"(anonymous_4)","decl":{"start":{"line":30,"column":18},"end":{"line":30,"column":19}},"loc":{"start":{"line":30,"column":30},"end":{"line":33,"column":7}},"line":30}},"branchMap":{},"s":{"0":0,"1":0,"2":0,"3":0,"4":0,"5":0,"6":0,"7":0},"f":{"0":0,"1":0,"2":0,"3":0,"4":0},"b":{}}
,"/Users/ghenry/Documents/github/substreamer-rn/src/utils/colors.ts": {"path":"/Users/ghenry/Documents/github/substreamer-rn/src/utils/colors.ts","statementMap":{"0":{"start":{"line":22,"column":2},"end":{"line":22,"column":82}},"1":{"start":{"line":22,"column":60},"end":{"line":22,"column":82}},"2":{"start":{"line":23,"column":2},"end":{"line":23,"column":94}},"3":{"start":{"line":23,"column":68},"end":{"line":23,"column":94}},"4":{"start":{"line":24,"column":2},"end":{"line":24,"column":14}}},"fnMap":{"0":{"name":"getProminentColor","decl":{"start":{"line":21,"column":16},"end":{"line":21,"column":33}},"loc":{"start":{"line":21,"column":74},"end":{"line":25,"column":1}},"line":21}},"branchMap":{"0":{"loc":{"start":{"line":22,"column":2},"end":{"line":22,"column":82}},"type":"if","locations":[{"start":{"line":22,"column":2},"end":{"line":22,"column":82}},{"start":{},"end":{}}],"line":22},"1":{"loc":{"start":{"line":22,"column":6},"end":{"line":22,"column":58}},"type":"binary-expr","locations":[{"start":{"line":22,"column":6},"end":{"line":22,"column":20}},{"start":{"line":22,"column":24},"end":{"line":22,"column":58}}],"line":22},"2":{"loc":{"start":{"line":23,"column":2},"end":{"line":23,"column":94}},"type":"if","locations":[{"start":{"line":23,"column":2},"end":{"line":23,"column":94}},{"start":{},"end":{}}],"line":23},"3":{"loc":{"start":{"line":23,"column":6},"end":{"line":23,"column":66}},"type":"binary-expr","locations":[{"start":{"line":23,"column":6},"end":{"line":23,"column":24}},{"start":{"line":23,"column":28},"end":{"line":23,"column":66}}],"line":23}},"s":{"0":12,"1":2,"2":10,"3":2,"4":8},"f":{"0":12},"b":{"0":[2,10],"1":[12,4],"2":[2,8],"3":[10,2]},"_coverageSchema":"1a1c01bbd47fc00a2c39e90264f33305004495a9","hash":"f8aea046163372ecb521bb4aff492754ebe40fbb"}
,"/Users/ghenry/Documents/github/substreamer-rn/src/utils/formatters.ts": {"path":"/Users/ghenry/Documents/github/substreamer-rn/src/utils/formatters.ts","statementMap":{"0":{"start":{"line":10,"column":23},"end":{"line":10,"column":47}},"1":{"start":{"line":11,"column":2},"end":{"line":11,"column":51}},"2":{"start":{"line":11,"column":25},"end":{"line":11,"column":51}},"3":{"start":{"line":12,"column":16},"end":{"line":12,"column":45}},"4":{"start":{"line":13,"column":15},"end":{"line":13,"column":32}},"5":{"start":{"line":14,"column":2},"end":{"line":14,"column":54}},"6":{"start":{"line":22,"column":12},"end":{"line":22,"column":36}},"7":{"start":{"line":23,"column":12},"end":{"line":23,"column":36}},"8":{"start":{"line":24,"column":2},"end":{"line":24,"column":46}},"9":{"start":{"line":32,"column":2},"end":{"line":32,"column":45}},"10":{"start":{"line":36,"column":46},"end":{"line":43,"column":1}},"11":{"start":{"line":52,"column":13},"end":{"line":55,"column":36}},"12":{"start":{"line":58,"column":2},"end":{"line":58,"column":38}},"13":{"start":{"line":61,"column":2},"end":{"line":63,"column":3}},"14":{"start":{"line":62,"column":4},"end":{"line":62,"column":94}},"15":{"start":{"line":64,"column":2},"end":{"line":67,"column":5}},"16":{"start":{"line":65,"column":21},"end":{"line":65,"column":39}},"17":{"start":{"line":66,"column":4},"end":{"line":66,"column":82}},"18":{"start":{"line":68,"column":2},"end":{"line":71,"column":5}},"19":{"start":{"line":69,"column":21},"end":{"line":69,"column":39}},"20":{"start":{"line":70,"column":4},"end":{"line":70,"column":82}},"21":{"start":{"line":75,"column":2},"end":{"line":75,"column":47}},"22":{"start":{"line":76,"column":2},"end":{"line":76,"column":48}},"23":{"start":{"line":77,"column":2},"end":{"line":77,"column":35}},"24":{"start":{"line":85,"column":2},"end":{"line":85,"column":32}},"25":{"start":{"line":85,"column":19},"end":{"line":85,"column":32}},"26":{"start":{"line":86,"column":16},"end":{"line":86,"column":39}},"27":{"start":{"line":87,"column":12},"end":{"line":87,"column":84}},"28":{"start":{"line":88,"column":16},"end":{"line":88,"column":41}},"29":{"start":{"line":89,"column":2},"end":{"line":89,"column":76}},"30":{"start":{"line":97,"column":2},"end":{"line":97,"column":42}},"31":{"start":{"line":97,"column":27},"end":{"line":97,"column":42}},"32":{"start":{"line":98,"column":16},"end":{"line":98,"column":47}},"33":{"start":{"line":99,"column":12},"end":{"line":99,"column":93}},"34":{"start":{"line":100,"column":16},"end":{"line":100,"column":50}},"35":{"start":{"line":101,"column":2},"end":{"line":101,"column":76}}},"fnMap":{"0":{"name":"formatCompactDuration","decl":{"start":{"line":9,"column":16},"end":{"line":9,"column":37}},"loc":{"start":{"line":9,"column":63},"end":{"line":15,"column":1}},"line":9},"1":{"name":"formatTrackDuration","decl":{"start":{"line":21,"column":16},"end":{"line":21,"column":35}},"loc":{"start":{"line":21,"column":61},"end":{"line":25,"column":1}},"line":21},"2":{"name":"stripHtml","decl":{"start":{"line":31,"column":16},"end":{"line":31,"column":25}},"loc":{"start":{"line":31,"column":48},"end":{"line":33,"column":1}},"line":31},"3":{"name":"sanitizeBiographyText","decl":{"start":{"line":50,"column":16},"end":{"line":50,"column":37}},"loc":{"start":{"line":50,"column":60},"end":{"line":78,"column":1}},"line":50},"4":{"name":"(anonymous_4)","decl":{"start":{"line":64,"column":35},"end":{"line":64,"column":36}},"loc":{"start":{"line":64,"column":48},"end":{"line":67,"column":3}},"line":64},"5":{"name":"(anonymous_5)","decl":{"start":{"line":68,"column":43},"end":{"line":68,"column":44}},"loc":{"start":{"line":68,"column":56},"end":{"line":71,"column":3}},"line":68},"6":{"name":"formatBytes","decl":{"start":{"line":84,"column":16},"end":{"line":84,"column":27}},"loc":{"start":{"line":84,"column":51},"end":{"line":90,"column":1}},"line":84},"7":{"name":"formatSpeed","decl":{"start":{"line":96,"column":16},"end":{"line":96,"column":27}},"loc":{"start":{"line":96,"column":60},"end":{"line":102,"column":1}},"line":96}},"branchMap":{"0":{"loc":{"start":{"line":11,"column":2},"end":{"line":11,"column":51}},"type":"if","locations":[{"start":{"line":11,"column":2},"end":{"line":11,"column":51}},{"start":{},"end":{}}],"line":11},"1":{"loc":{"start":{"line":14,"column":9},"end":{"line":14,"column":53}},"type":"cond-expr","locations":[{"start":{"line":14,"column":20},"end":{"line":14,"column":39}},{"start":{"line":14,"column":42},"end":{"line":14,"column":53}}],"line":14},"2":{"loc":{"start":{"line":66,"column":11},"end":{"line":66,"column":81}},"type":"cond-expr","locations":[{"start":{"line":66,"column":46},"end":{"line":66,"column":75}},{"start":{"line":66,"column":78},"end":{"line":66,"column":81}}],"line":66},"3":{"loc":{"start":{"line":66,"column":11},"end":{"line":66,"column":43}},"type":"binary-expr","locations":[{"start":{"line":66,"column":11},"end":{"line":66,"column":25}},{"start":{"line":66,"column":29},"end":{"line":66,"column":43}}],"line":66},"4":{"loc":{"start":{"line":70,"column":11},"end":{"line":70,"column":81}},"type":"cond-expr","locations":[{"start":{"line":70,"column":46},"end":{"line":70,"column":75}},{"start":{"line":70,"column":78},"end":{"line":70,"column":81}}],"line":70},"5":{"loc":{"start":{"line":70,"column":11},"end":{"line":70,"column":43}},"type":"binary-expr","locations":[{"start":{"line":70,"column":11},"end":{"line":70,"column":25}},{"start":{"line":70,"column":29},"end":{"line":70,"column":43}}],"line":70},"6":{"loc":{"start":{"line":85,"column":2},"end":{"line":85,"column":32}},"type":"if","locations":[{"start":{"line":85,"column":2},"end":{"line":85,"column":32}},{"start":{},"end":{}}],"line":85},"7":{"loc":{"start":{"line":89,"column":12},"end":{"line":89,"column":61}},"type":"cond-expr","locations":[{"start":{"line":89,"column":25},"end":{"line":89,"column":41}},{"start":{"line":89,"column":44},"end":{"line":89,"column":61}}],"line":89},"8":{"loc":{"start":{"line":97,"column":2},"end":{"line":97,"column":42}},"type":"if","locations":[{"start":{"line":97,"column":2},"end":{"line":97,"column":42}},{"start":{},"end":{}}],"line":97},"9":{"loc":{"start":{"line":101,"column":12},"end":{"line":101,"column":61}},"type":"cond-expr","locations":[{"start":{"line":101,"column":25},"end":{"line":101,"column":41}},{"start":{"line":101,"column":44},"end":{"line":101,"column":61}}],"line":101}},"s":{"0":22,"1":22,"2":12,"3":10,"4":10,"5":10,"6":18,"7":18,"8":18,"9":14,"10":2,"11":34,"12":34,"13":34,"14":204,"15":34,"16":4,"17":4,"18":34,"19":4,"20":4,"21":34,"22":34,"23":34,"24":18,"25":2,"26":16,"27":16,"28":16,"29":16,"30":12,"31":4,"32":8,"33":8,"34":8,"35":8},"f":{"0":22,"1":18,"2":14,"3":34,"4":4,"5":4,"6":18,"7":12},"b":{"0":[12,10],"1":[4,6],"2":[2,2],"3":[4,2],"4":[2,2],"5":[4,2],"6":[2,16],"7":[8,8],"8":[4,8],"9":[4,4]},"_coverageSchema":"1a1c01bbd47fc00a2c39e90264f33305004495a9","hash":"a1f689db30ba05683bafd4b386ef334c65856f79"}
,"/Users/ghenry/Documents/github/substreamer-rn/src/utils/haptics.ts": {"path":"/Users/ghenry/Documents/github/substreamer-rn/src/utils/haptics.ts","statementMap":{"0":{"start":{"line":8,"column":35},"end":{"line":8,"column":62}},"1":{"start":{"line":13,"column":2},"end":{"line":17,"column":3}},"2":{"start":{"line":14,"column":4},"end":{"line":14,"column":37}},"3":{"start":{"line":23,"column":2},"end":{"line":27,"column":3}},"4":{"start":{"line":24,"column":4},"end":{"line":24,"column":42}},"5":{"start":{"line":31,"column":2},"end":{"line":35,"column":3}},"6":{"start":{"line":32,"column":4},"end":{"line":32,"column":35}}},"fnMap":{"0":{"name":"impactAsync","decl":{"start":{"line":10,"column":22},"end":{"line":10,"column":33}},"loc":{"start":{"line":12,"column":17},"end":{"line":18,"column":1}},"line":12},"1":{"name":"notificationAsync","decl":{"start":{"line":20,"column":22},"end":{"line":20,"column":39}},"loc":{"start":{"line":22,"column":17},"end":{"line":28,"column":1}},"line":22},"2":{"name":"selectionAsync","decl":{"start":{"line":30,"column":22},"end":{"line":30,"column":36}},"loc":{"start":{"line":30,"column":54},"end":{"line":36,"column":1}},"line":30}},"branchMap":{"0":{"loc":{"start":{"line":11,"column":2},"end":{"line":11,"column":73}},"type":"default-arg","locations":[{"start":{"line":11,"column":39},"end":{"line":11,"column":73}}],"line":11},"1":{"loc":{"start":{"line":21,"column":2},"end":{"line":21,"column":83}},"type":"default-arg","locations":[{"start":{"line":21,"column":43},"end":{"line":21,"column":83}}],"line":21}},"s":{"0":0,"1":0,"2":0,"3":0,"4":0,"5":0,"6":0},"f":{"0":0,"1":0,"2":0},"b":{"0":[0],"1":[0]}}
,"/Users/ghenry/Documents/github/substreamer-rn/src/utils/stringHelpers.ts": {"path":"/Users/ghenry/Documents/github/substreamer-rn/src/utils/stringHelpers.ts","statementMap":{"0":{"start":{"line":6,"column":13},"end":{"line":6,"column":41}},"1":{"start":{"line":7,"column":2},"end":{"line":7,"column":37}},"2":{"start":{"line":15,"column":2},"end":{"line":15,"column":59}},"3":{"start":{"line":15,"column":34},"end":{"line":15,"column":57}}},"fnMap":{"0":{"name":"getFirstLetter","decl":{"start":{"line":5,"column":16},"end":{"line":5,"column":30}},"loc":{"start":{"line":5,"column":53},"end":{"line":8,"column":1}},"line":5},"1":{"name":"minDelay","decl":{"start":{"line":14,"column":16},"end":{"line":14,"column":24}},"loc":{"start":{"line":14,"column":51},"end":{"line":16,"column":1}},"line":14},"2":{"name":"(anonymous_2)","decl":{"start":{"line":15,"column":21},"end":{"line":15,"column":22}},"loc":{"start":{"line":15,"column":34},"end":{"line":15,"column":57}},"line":15}},"branchMap":{"0":{"loc":{"start":{"line":7,"column":9},"end":{"line":7,"column":36}},"type":"cond-expr","locations":[{"start":{"line":7,"column":28},"end":{"line":7,"column":30}},{"start":{"line":7,"column":33},"end":{"line":7,"column":36}}],"line":7},"1":{"loc":{"start":{"line":14,"column":25},"end":{"line":14,"column":34}},"type":"default-arg","locations":[{"start":{"line":14,"column":30},"end":{"line":14,"column":34}}],"line":14}},"s":{"0":22,"1":22,"2":8,"3":8},"f":{"0":22,"1":8,"2":8},"b":{"0":[8,14],"1":[2]},"_coverageSchema":"1a1c01bbd47fc00a2c39e90264f33305004495a9","hash":"5b9d6f363ca5c4f1deeb5a1b4d4d3367c79001cf"}
}
