TN:
SF:src/hooks/useCachedCoverArt.ts
FN:18,resolveUri
FN:32,useCachedCoverArt
FN:36,(anonymous_2)
FN:41,(anonymous_3)
FN:46,(anonymous_4)
FN:53,(anonymous_5)
FN:58,(anonymous_6)
FN:61,(anonymous_7)
FNF:8
FNH:0
FNDA:0,resolveUri
FNDA:0,useCachedCoverArt
FNDA:0,(anonymous_2)
FNDA:0,(anonymous_3)
FNDA:0,(anonymous_4)
FNDA:0,(anonymous_5)
FNDA:0,(anonymous_6)
FNDA:0,(anonymous_7)
DA:22,0
DA:23,0
DA:24,0
DA:25,0
DA:36,0
DA:37,0
DA:41,0
DA:42,0
DA:46,0
DA:47,0
DA:48,0
DA:50,0
DA:51,0
DA:52,0
DA:54,0
DA:55,0
DA:56,0
DA:61,0
DA:64,0
LF:19
LH:0
BRDA:22,0,0,0
BRDA:22,0,1,0
BRDA:24,1,0,0
BRDA:24,1,1,0
BRDA:47,2,0,0
BRDA:47,2,1,0
BRDA:51,3,0,0
BRDA:51,3,1,0
BRDA:54,4,0,0
BRDA:54,4,1,0
BRDA:56,5,0,0
BRDA:56,5,1,0
BRF:12
BRH:0
end_of_record
TN:
SF:src/hooks/useColorExtraction.ts
FN:29,useColorExtraction
FN:38,(anonymous_1)
FN:53,(anonymous_2)
FN:54,(anonymous_3)
FN:56,(anonymous_4)
FN:71,(anonymous_5)
FN:78,(anonymous_6)
FNF:7
FNH:0
FNDA:0,useColorExtraction
FNDA:0,(anonymous_1)
FNDA:0,(anonymous_2)
FNDA:0,(anonymous_3)
FNDA:0,(anonymous_4)
FNDA:0,(anonymous_5)
FNDA:0,(anonymous_6)
DA:33,0
DA:34,0
DA:35,0
DA:38,0
DA:39,0
DA:40,0
DA:41,0
DA:43,0
DA:44,0
DA:45,0
DA:47,0
DA:48,0
DA:49,0
DA:50,0
DA:52,0
DA:53,0
DA:54,0
DA:55,0
DA:56,0
DA:57,0
DA:58,0
DA:59,0
DA:63,0
DA:64,0
DA:65,0
DA:67,0
DA:71,0
DA:72,0
DA:73,0
DA:78,0
DA:79,0
DA:80,0
DA:81,0
DA:83,0
DA:87,0
LF:35
LH:0
BRDA:39,0,0,0
BRDA:39,0,1,0
BRDA:43,1,0,0
BRDA:43,1,1,0
BRDA:48,2,0,0
BRDA:48,2,1,0
BRDA:57,3,0,0
BRDA:57,3,1,0
BRDA:63,4,0,0
BRDA:63,4,1,0
BRDA:65,5,0,0
BRDA:65,5,1,0
BRDA:67,6,0,0
BRDA:67,6,1,0
BRDA:79,7,0,0
BRDA:79,7,1,0
BRF:16
BRH:0
end_of_record
TN:
SF:src/hooks/useDownloadBackgroundNotification.ts
FN:18,(anonymous_0)
FN:27,useDownloadBackgroundNotification
FN:30,(anonymous_2)
FN:31,(anonymous_3)
FN:33,(anonymous_4)
FN:53,(anonymous_5)
FNF:6
FNH:0
FNDA:0,(anonymous_0)
FNDA:0,useDownloadBackgroundNotification
FNDA:0,(anonymous_2)
FNDA:0,(anonymous_3)
FNDA:0,(anonymous_4)
FNDA:0,(anonymous_5)
DA:7,0
DA:9,0
DA:10,0
DA:17,0
DA:18,0
DA:28,0
DA:30,0
DA:31,0
DA:32,0
DA:33,0
DA:35,0
DA:36,0
DA:37,0
DA:39,0
DA:47,0
DA:48,0
DA:49,0
DA:53,0
LF:18
LH:0
BRDA:9,0,0,0
BRDA:9,0,1,0
BRDA:33,1,0,0
BRDA:33,1,1,0
BRDA:35,2,0,0
BRDA:35,2,1,0
BRDA:35,3,0,0
BRDA:35,3,1,0
BRDA:37,4,0,0
BRDA:37,4,1,0
BRDA:43,5,0,0
BRDA:43,5,1,0
BRDA:47,6,0,0
BRDA:47,6,1,0
BRDA:47,7,0,0
BRDA:47,7,1,0
BRF:16
BRH:0
end_of_record
TN:
SF:src/hooks/useDownloadKeepAwake.ts
FN:8,useDownloadKeepAwake
FN:9,(anonymous_1)
FN:10,(anonymous_2)
FN:13,(anonymous_3)
FN:19,(anonymous_4)
FNF:5
FNH:0
FNDA:0,useDownloadKeepAwake
FNDA:0,(anonymous_1)
FNDA:0,(anonymous_2)
FNDA:0,(anonymous_3)
FNDA:0,(anonymous_4)
DA:6,0
DA:9,0
DA:10,0
DA:13,0
DA:14,0
DA:15,0
DA:17,0
DA:19,0
LF:8
LH:0
BRDA:10,0,0,0
BRDA:10,0,1,0
BRDA:14,1,0,0
BRDA:14,1,1,0
BRF:4
BRH:0
end_of_record
TN:
SF:src/hooks/useDownloadStatus.ts
FN:25,useDownloadStatus
FN:31,(anonymous_1)
FN:43,(anonymous_2)
FNF:3
FNH:0
FNDA:0,useDownloadStatus
FNDA:0,(anonymous_1)
FNDA:0,(anonymous_2)
DA:29,0
DA:32,0
DA:34,0
DA:35,0
DA:36,0
DA:37,0
DA:38,0
DA:42,0
DA:43,0
DA:44,0
DA:45,0
DA:47,0
LF:12
LH:0
BRDA:32,0,0,0
BRDA:32,0,1,0
BRDA:34,1,0,0
BRDA:34,1,1,0
BRDA:35,2,0,0
BRDA:35,2,1,0
BRDA:37,3,0,0
BRDA:37,3,1,0
BRDA:42,4,0,0
BRDA:42,4,1,0
BRDA:44,5,0,0
BRDA:44,5,1,0
BRDA:45,6,0,0
BRDA:45,6,1,0
BRF:14
BRH:0
end_of_record
TN:
SF:src/hooks/useIsStarred.ts
FN:19,useIsStarred
FN:22,(anonymous_1)
FN:27,(anonymous_2)
FN:29,(anonymous_3)
FN:31,(anonymous_4)
FNF:5
FNH:0
FNDA:0,useIsStarred
FNDA:0,(anonymous_1)
FNDA:0,(anonymous_2)
FNDA:0,(anonymous_3)
FNDA:0,(anonymous_4)
DA:20,0
DA:23,0
DA:24,0
DA:25,0
DA:27,0
DA:29,0
DA:31,0
LF:7
LH:0
BRDA:23,0,0,0
BRDA:23,0,1,0
BRDA:24,1,0,0
BRDA:24,1,1,0
BRDA:25,2,0,0
BRDA:25,2,1,0
BRDA:25,2,2,0
BRF:7
BRH:0
end_of_record
TN:
SF:src/hooks/usePlaybackAnalytics.ts
FN:68,dateKey
FN:76,startOfDay
FN:82,computeStreaks
FN:93,(anonymous_3)
FN:130,usePlaybackAnalytics
FN:135,(anonymous_5)
FN:142,(anonymous_6)
FN:196,(anonymous_7)
FN:201,(anonymous_8)
FN:202,(anonymous_9)
FN:207,(anonymous_10)
FN:213,(anonymous_11)
FN:218,(anonymous_12)
FN:219,(anonymous_13)
FN:221,(anonymous_14)
FN:224,(anonymous_15)
FN:230,(anonymous_16)
FN:232,(anonymous_17)
FN:287,(anonymous_18)
FNF:19
FNH:19
FNDA:7104,dateKey
FNDA:246,startOfDay
FNDA:54,computeStreaks
FNDA:58,(anonymous_3)
FNDA:36,usePlaybackAnalytics
FNDA:36,(anonymous_5)
FNDA:18,(anonymous_6)
FNDA:82,(anonymous_7)
FNDA:102,(anonymous_8)
FNDA:68,(anonymous_9)
FNDA:102,(anonymous_10)
FNDA:68,(anonymous_11)
FNDA:18,(anonymous_12)
FNDA:14,(anonymous_13)
FNDA:18,(anonymous_14)
FNDA:2,(anonymous_15)
FNDA:6,(anonymous_16)
FNDA:10,(anonymous_17)
FNDA:2,(anonymous_18)
DA:59,2
DA:66,2
DA:69,7104
DA:70,7104
DA:71,7104
DA:72,7104
DA:73,7104
DA:77,246
DA:78,246
DA:79,246
DA:86,54
DA:88,50
DA:89,50
DA:90,196
DA:93,58
DA:95,50
DA:96,50
DA:97,50
DA:98,50
DA:100,50
DA:101,54
DA:102,54
DA:103,50
DA:105,4
DA:107,54
DA:111,50
DA:112,50
DA:113,50
DA:114,50
DA:115,24
DA:116,24
DA:119,50
DA:120,40
DA:121,40
DA:122,56
DA:123,56
DA:127,50
DA:135,36
DA:136,36
DA:137,36
DA:141,36
DA:142,18
DA:145,36
DA:147,36
DA:148,36
DA:149,36
DA:150,36
DA:151,36
DA:152,36
DA:153,36
DA:155,36
DA:156,140
DA:157,138
DA:160,140
DA:161,140
DA:163,140
DA:164,140
DA:165,140
DA:166,38
DA:168,102
DA:175,140
DA:176,140
DA:177,24
DA:179,116
DA:182,140
DA:183,140
DA:184,18
DA:187,140
DA:188,140
DA:190,140
DA:191,140
DA:195,36
DA:196,82
DA:200,36
DA:201,102
DA:202,68
DA:206,36
DA:207,102
DA:213,68
DA:217,36
DA:218,18
DA:219,14
DA:221,36
DA:223,36
DA:224,34
DA:229,2
DA:230,6
DA:231,2
DA:232,10
DA:245,36
DA:246,36
DA:247,36
DA:248,36
DA:249,2788
DA:250,2788
DA:254,36
DA:255,36
DA:256,36
DA:257,144
DA:258,144
DA:260,36
DA:262,36
DA:263,36
DA:264,36
DA:265,36
DA:266,36
DA:267,36
DA:268,36
DA:270,36
DA:271,4032
DA:272,4032
DA:276,36
DA:277,36
DA:278,36
DA:279,864
DA:280,36
DA:281,36
DA:286,36
DA:287,2
DA:289,36
DA:292,36
DA:294,36
DA:296,36
LF:123
LH:123
BRDA:86,0,0,4
BRDA:86,0,1,50
BRDA:102,1,0,50
BRDA:102,1,1,4
BRDA:107,2,0,48
BRDA:107,2,1,6
BRDA:119,3,0,40
BRDA:119,3,1,10
BRDA:137,4,0,6
BRDA:137,4,1,30
BRDA:141,5,0,6
BRDA:141,5,1,30
BRDA:156,6,0,138
BRDA:156,6,1,2
BRDA:160,7,0,140
BRDA:160,7,1,2
BRDA:161,8,0,140
BRDA:161,8,1,102
BRDA:163,9,0,140
BRDA:163,9,1,0
BRDA:165,10,0,38
BRDA:165,10,1,102
BRDA:170,11,0,102
BRDA:170,11,1,102
BRDA:176,12,0,24
BRDA:176,12,1,116
BRDA:182,13,0,140
BRDA:182,13,1,124
BRDA:182,13,2,122
BRDA:183,14,0,18
BRDA:183,14,1,122
BRDA:184,15,0,18
BRDA:184,15,1,18
BRDA:191,16,0,140
BRDA:191,16,1,52
BRDA:223,17,0,34
BRDA:223,17,1,2
BRDA:226,18,0,2
BRDA:226,18,1,0
BRDA:234,19,0,10
BRDA:234,19,1,0
BRDA:239,20,0,2
BRDA:239,20,1,0
BRDA:245,21,0,36
BRDA:245,21,1,30
BRDA:250,22,0,2788
BRDA:250,22,1,2736
BRDA:258,23,0,144
BRDA:258,23,1,56
BRDA:272,24,0,4032
BRDA:272,24,1,3976
BRDA:279,25,0,36
BRDA:279,25,1,828
BRDA:286,26,0,2
BRDA:286,26,1,34
BRDA:287,27,0,2
BRDA:287,27,1,0
BRDA:294,28,0,34
BRDA:294,28,1,2
BRF:59
BRH:54
end_of_record
TN:
SF:src/hooks/useRating.ts
FN:17,useRating
FN:22,(anonymous_1)
FN:33,(anonymous_2)
FNF:3
FNH:0
FNDA:0,useRating
FNDA:0,(anonymous_1)
FNDA:0,(anonymous_2)
DA:18,0
DA:20,0
DA:23,0
DA:24,0
DA:25,0
DA:27,0
DA:33,0
DA:34,0
DA:35,0
DA:36,0
DA:40,0
LF:11
LH:0
BRDA:18,0,0,0
BRDA:18,0,1,0
BRDA:24,1,0,0
BRDA:24,1,1,0
BRDA:24,2,0,0
BRDA:24,2,1,0
BRDA:35,3,0,0
BRDA:35,3,1,0
BRDA:35,4,0,0
BRDA:35,4,1,0
BRDA:35,4,2,0
BRF:11
BRH:0
end_of_record
TN:
SF:src/hooks/useTheme.ts
FN:7,useTheme
FN:16,(anonymous_1)
FN:17,(anonymous_2)
FN:18,(anonymous_3)
FN:19,(anonymous_4)
FN:22,(anonymous_5)
FN:26,(anonymous_6)
FNF:7
FNH:0
FNDA:0,useTheme
FNDA:0,(anonymous_1)
FNDA:0,(anonymous_2)
FNDA:0,(anonymous_3)
FNDA:0,(anonymous_4)
FNDA:0,(anonymous_5)
FNDA:0,(anonymous_6)
DA:15,0
DA:16,0
DA:17,0
DA:18,0
DA:19,0
DA:21,0
DA:22,0
DA:26,0
DA:27,0
DA:28,0
DA:31,0
LF:11
LH:0
BRDA:22,0,0,0
BRDA:22,0,1,0
BRDA:22,1,0,0
BRDA:22,1,1,0
BRDA:28,2,0,0
BRDA:28,2,1,0
BRF:6
BRH:0
end_of_record
TN:
SF:src/hooks/useTransitionComplete.ts
FN:10,useTransitionComplete
FN:13,(anonymous_1)
FN:15,(anonymous_2)
FN:18,(anonymous_3)
FNF:4
FNH:0
FNDA:0,useTransitionComplete
FNDA:0,(anonymous_1)
FNDA:0,(anonymous_2)
FNDA:0,(anonymous_3)
DA:11,0
DA:13,0
DA:14,0
DA:15,0
DA:16,0
DA:18,0
DA:21,0
LF:7
LH:0
BRDA:10,0,0,0
BRDA:14,1,0,0
BRDA:14,1,1,0
BRF:3
BRH:0
end_of_record
TN:
SF:src/services/backupService.ts
FN:52,initBackupDir
FN:64,makeTimestamp
FN:68,metaFileName
FN:72,scrobblesFileName
FN:76,mbidFileName
FN:84,createBackup
FN:150,listBackups
FN:191,(anonymous_7)
FN:199,restoreBackup
FN:235,pruneBackups
FN:267,cleanUpOrphanedFiles
FN:302,runAutoBackupIfNeeded
FNF:12
FNH:0
FNDA:0,initBackupDir
FNDA:0,makeTimestamp
FNDA:0,metaFileName
FNDA:0,scrobblesFileName
FNDA:0,mbidFileName
FNDA:0,createBackup
FNDA:0,listBackups
FNDA:0,(anonymous_7)
FNDA:0,restoreBackup
FNDA:0,pruneBackups
FNDA:0,cleanUpOrphanedFiles
FNDA:0,runAutoBackupIfNeeded
DA:42,0
DA:43,0
DA:44,0
DA:50,0
DA:53,0
DA:54,0
DA:58,0
DA:65,0
DA:69,0
DA:73,0
DA:77,0
DA:85,0
DA:86,0
DA:87,0
DA:89,0
DA:90,0
DA:92,0
DA:93,0
DA:94,0
DA:95,0
DA:96,0
DA:97,0
DA:98,0
DA:99,0
DA:101,0
DA:102,0
DA:104,0
DA:105,0
DA:107,0
DA:111,0
DA:112,0
DA:113,0
DA:114,0
DA:115,0
DA:116,0
DA:117,0
DA:118,0
DA:119,0
DA:121,0
DA:122,0
DA:124,0
DA:125,0
DA:127,0
DA:131,0
DA:133,0
DA:140,0
DA:141,0
DA:143,0
DA:151,0
DA:154,0
DA:155,0
DA:157,0
DA:160,0
DA:162,0
DA:163,0
DA:165,0
DA:166,0
DA:167,0
DA:168,0
DA:170,0
DA:172,0
DA:174,0
DA:175,0
DA:176,0
DA:178,0
DA:187,0
DA:191,0
DA:192,0
DA:202,0
DA:203,0
DA:205,0
DA:206,0
DA:207,0
DA:208,0
DA:210,0
DA:211,0
DA:212,0
DA:213,0
DA:214,0
DA:217,0
DA:218,0
DA:219,0
DA:220,0
DA:222,0
DA:223,0
DA:224,0
DA:225,0
DA:228,0
DA:236,0
DA:237,0
DA:239,0
DA:240,0
DA:241,0
DA:246,0
DA:247,0
DA:248,0
DA:249,0
DA:268,0
DA:271,0
DA:272,0
DA:274,0
DA:277,0
DA:279,0
DA:280,0
DA:281,0
DA:282,0
DA:283,0
DA:287,0
DA:288,0
DA:289,0
DA:291,0
DA:292,0
DA:293,0
DA:303,0
DA:305,0
DA:307,0
DA:309,0
DA:310,0
DA:312,0
DA:313,0
DA:314,0
LF:121
LH:0
BRDA:53,0,0,0
BRDA:53,0,1,0
BRDA:93,1,0,0
BRDA:93,1,1,0
BRDA:98,2,0,0
BRDA:98,2,1,0
BRDA:104,3,0,0
BRDA:104,3,1,0
BRDA:113,4,0,0
BRDA:113,4,1,0
BRDA:118,5,0,0
BRDA:118,5,1,0
BRDA:124,6,0,0
BRDA:124,6,1,0
BRDA:131,7,0,0
BRDA:131,7,1,0
BRDA:131,8,0,0
BRDA:131,8,1,0
BRDA:163,9,0,0
BRDA:163,9,1,0
BRDA:170,10,0,0
BRDA:170,10,1,0
BRDA:174,11,0,0
BRDA:174,11,1,0
BRDA:175,12,0,0
BRDA:175,12,1,0
BRDA:176,13,0,0
BRDA:176,13,1,0
BRDA:176,14,0,0
BRDA:176,14,1,0
BRDA:180,15,0,0
BRDA:180,15,1,0
BRDA:181,16,0,0
BRDA:181,16,1,0
BRDA:182,17,0,0
BRDA:182,17,1,0
BRDA:183,18,0,0
BRDA:183,18,1,0
BRDA:205,19,0,0
BRDA:205,19,1,0
BRDA:207,20,0,0
BRDA:207,20,1,0
BRDA:217,21,0,0
BRDA:217,21,1,0
BRDA:219,22,0,0
BRDA:219,22,1,0
BRDA:235,23,0,0
BRDA:237,24,0,0
BRDA:237,24,1,0
BRDA:249,25,0,0
BRDA:249,25,1,0
BRDA:280,26,0,0
BRDA:280,26,1,0
BRDA:282,27,0,0
BRDA:282,27,1,0
BRDA:288,28,0,0
BRDA:288,28,1,0
BRDA:289,29,0,0
BRDA:289,29,1,0
BRDA:292,30,0,0
BRDA:292,30,1,0
BRDA:292,31,0,0
BRDA:292,31,1,0
BRDA:307,32,0,0
BRDA:307,32,1,0
BRDA:310,33,0,0
BRDA:310,33,1,0
BRDA:310,34,0,0
BRDA:310,34,1,0
BRF:69
BRH:0
end_of_record
TN:
SF:src/services/connectivityService.ts
FN:17,clearPingTimer
FN:24,clearReconnectedTimer
FN:31,schedulePing
FN:37,(anonymous_3)
FN:42,withTimeout
FN:43,(anonymous_5)
FN:44,(anonymous_6)
FN:46,(anonymous_7)
FN:47,(anonymous_8)
FN:52,pingServer
FN:78,handleServerResult
FN:87,(anonymous_11)
FN:99,handleNetInfoChange
FN:128,startMonitoring
FN:140,stopMonitoring
FNF:15
FNH:0
FNDA:0,clearPingTimer
FNDA:0,clearReconnectedTimer
FNDA:0,schedulePing
FNDA:0,(anonymous_3)
FNDA:0,withTimeout
FNDA:0,(anonymous_5)
FNDA:0,(anonymous_6)
FNDA:0,(anonymous_7)
FNDA:0,(anonymous_8)
FNDA:0,pingServer
FNDA:0,handleServerResult
FNDA:0,(anonymous_11)
FNDA:0,handleNetInfoChange
FNDA:0,startMonitoring
FNDA:0,stopMonitoring
DA:6,0
DA:7,0
DA:8,0
DA:9,0
DA:11,0
DA:12,0
DA:13,0
DA:14,0
DA:15,0
DA:18,0
DA:19,0
DA:20,0
DA:25,0
DA:26,0
DA:27,0
DA:32,0
DA:33,0
DA:34,0
DA:37,0
DA:38,0
DA:43,0
DA:44,0
DA:45,0
DA:46,0
DA:47,0
DA:53,0
DA:55,0
DA:56,0
DA:57,0
DA:58,0
DA:61,0
DA:62,0
DA:63,0
DA:64,0
DA:67,0
DA:68,0
DA:69,0
DA:70,0
DA:72,0
DA:74,0
DA:79,0
DA:80,0
DA:82,0
DA:84,0
DA:85,0
DA:86,0
DA:87,0
DA:88,0
DA:90,0
DA:91,0
DA:92,0
DA:95,0
DA:96,0
DA:100,0
DA:101,0
DA:102,0
DA:103,0
DA:105,0
DA:106,0
DA:108,0
DA:109,0
DA:110,0
DA:111,0
DA:112,0
DA:113,0
DA:116,0
DA:117,0
DA:118,0
DA:119,0
DA:123,0
DA:124,0
DA:129,0
DA:131,0
DA:132,0
DA:137,0
DA:141,0
DA:142,0
DA:143,0
DA:145,0
DA:146,0
DA:148,0
DA:149,0
DA:150,0
DA:151,0
DA:152,0
DA:153,0
DA:154,0
LF:87
LH:0
BRDA:18,0,0,0
BRDA:18,0,1,0
BRDA:25,1,0,0
BRDA:25,1,1,0
BRDA:34,2,0,0
BRDA:34,2,1,0
BRDA:53,3,0,0
BRDA:53,3,1,0
BRDA:56,4,0,0
BRDA:56,4,1,0
BRDA:62,5,0,0
BRDA:62,5,1,0
BRDA:84,6,0,0
BRDA:84,6,1,0
BRDA:84,7,0,0
BRDA:84,7,1,0
BRDA:84,7,2,0
BRDA:90,8,0,0
BRDA:90,8,1,0
BRDA:100,9,0,0
BRDA:100,9,1,0
BRDA:101,10,0,0
BRDA:101,10,1,0
BRDA:108,11,0,0
BRDA:108,11,1,0
BRDA:116,12,0,0
BRDA:116,12,1,0
BRDA:116,13,0,0
BRDA:116,13,1,0
BRDA:123,14,0,0
BRDA:123,14,1,0
BRDA:123,15,0,0
BRDA:123,15,1,0
BRDA:129,16,0,0
BRDA:129,16,1,0
BRDA:141,17,0,0
BRDA:141,17,1,0
BRF:37
BRH:0
end_of_record
TN:
SF:src/services/downloadSpeedTracker.ts
FN:29,pruneOldSamples
FN:36,(anonymous_1)
FN:53,getDownloadSpeed
FN:56,(anonymous_3)
FN:66,getActiveDownloadCount
FN:75,beginDownload
FN:85,clearDownload
FN:94,__resetForTesting
FNF:8
FNH:8
FNDA:34,pruneOldSamples
FNDA:36,(anonymous_1)
FNDA:10,getDownloadSpeed
FNDA:8,(anonymous_3)
FNDA:14,getActiveDownloadCount
FNDA:20,beginDownload
FNDA:20,clearDownload
FNDA:18,__resetForTesting
DA:12,2
DA:19,2
DA:20,2
DA:27,2
DA:30,34
DA:31,34
DA:32,2
DA:36,2
DA:37,36
DA:39,34
DA:40,34
DA:41,34
DA:43,34
DA:44,24
DA:45,24
DA:54,10
DA:55,10
DA:56,8
DA:57,4
DA:58,4
DA:59,4
DA:67,14
DA:76,20
DA:77,20
DA:86,20
DA:87,20
DA:95,18
DA:96,18
DA:97,18
LF:29
LH:29
BRDA:31,0,0,36
BRDA:31,0,1,34
BRDA:37,1,0,2
BRDA:37,1,1,34
BRDA:39,2,0,34
BRDA:39,2,1,20
BRDA:43,3,0,24
BRDA:43,3,1,10
BRDA:55,4,0,6
BRDA:55,4,1,4
BRDA:58,5,0,0
BRDA:58,5,1,4
BRF:12
BRH:11
end_of_record
TN:
SF:src/services/imageCacheService.ts
FN:87,uriCacheKey
FN:104,initImageCache
FN:113,(anonymous_2)
FN:129,deferredImageCacheInit
FN:134,ensureCacheDir
FN:151,recoverStalledImageDownloadsAsync
FN:208,getCachedImageUri
FN:238,evictUriCacheEntry
FN:248,resolveWaiters
FN:257,resolveAllWaiters
FN:269,cacheAllSizes
FN:274,(anonymous_11)
FN:278,(anonymous_12)
FN:300,processQueue
FN:312,(anonymous_14)
FN:324,processNext
FN:354,downloadAndCacheImage
FN:375,downloadSourceImage
FN:422,generateResizedVariant
FN:475,getImageCacheStats
FN:518,listCachedImagesAsync
FN:549,(anonymous_21)
FN:554,(anonymous_22)
FN:562,deleteCachedImage
FN:598,refreshCachedImage
FN:616,clearImageCache
FNF:26
FNH:0
FNDA:0,uriCacheKey
FNDA:0,initImageCache
FNDA:0,(anonymous_2)
FNDA:0,deferredImageCacheInit
FNDA:0,ensureCacheDir
FNDA:0,recoverStalledImageDownloadsAsync
FNDA:0,getCachedImageUri
FNDA:0,evictUriCacheEntry
FNDA:0,resolveWaiters
FNDA:0,resolveAllWaiters
FNDA:0,cacheAllSizes
FNDA:0,(anonymous_11)
FNDA:0,(anonymous_12)
FNDA:0,processQueue
FNDA:0,(anonymous_14)
FNDA:0,processNext
FNDA:0,downloadAndCacheImage
FNDA:0,downloadSourceImage
FNDA:0,generateResizedVariant
FNDA:0,getImageCacheStats
FNDA:0,listCachedImagesAsync
FNDA:0,(anonymous_21)
FNDA:0,(anonymous_22)
FNDA:0,deleteCachedImage
FNDA:0,refreshCachedImage
FNDA:0,clearImageCache
DA:39,0
DA:42,0
DA:45,0
DA:48,0
DA:51,0
DA:58,0
DA:64,0
DA:65,0
DA:66,0
DA:69,0
DA:72,0
DA:79,0
DA:85,0
DA:88,0
DA:105,0
DA:106,0
DA:107,0
DA:108,0
DA:110,0
DA:112,0
DA:113,0
DA:114,0
DA:115,0
DA:130,0
DA:135,0
DA:136,0
DA:152,0
DA:154,0
DA:156,0
DA:157,0
DA:159,0
DA:162,0
DA:163,0
DA:165,0
DA:166,0
DA:168,0
DA:169,0
DA:171,0
DA:172,0
DA:173,0
DA:174,0
DA:175,0
DA:176,0
DA:178,0
DA:182,0
DA:185,0
DA:186,0
DA:187,0
DA:188,0
DA:190,0
DA:195,0
DA:196,0
DA:212,0
DA:213,0
DA:215,0
DA:216,0
DA:218,0
DA:219,0
DA:220,0
DA:221,0
DA:223,0
DA:224,0
DA:225,0
DA:226,0
DA:227,0
DA:230,0
DA:231,0
DA:239,0
DA:240,0
DA:249,0
DA:250,0
DA:251,0
DA:252,0
DA:258,0
DA:259,0
DA:261,0
DA:270,0
DA:271,0
DA:273,0
DA:274,0
DA:276,0
DA:278,0
DA:279,0
DA:280,0
DA:281,0
DA:283,0
DA:284,0
DA:287,0
DA:288,0
DA:301,0
DA:302,0
DA:303,0
DA:304,0
DA:305,0
DA:306,0
DA:310,0
DA:312,0
DA:314,0
DA:317,0
DA:325,0
DA:326,0
DA:327,0
DA:328,0
DA:330,0
DA:331,0
DA:332,0
DA:336,0
DA:337,0
DA:338,0
DA:339,0
DA:341,0
DA:355,0
DA:356,0
DA:358,0
DA:359,0
DA:360,0
DA:361,0
DA:364,0
DA:365,0
DA:366,0
DA:379,0
DA:380,0
DA:381,0
DA:383,0
DA:384,0
DA:385,0
DA:386,0
DA:388,0
DA:389,0
DA:390,0
DA:391,0
DA:393,0
DA:394,0
DA:395,0
DA:397,0
DA:398,0
DA:399,0
DA:401,0
DA:403,0
DA:404,0
DA:406,0
DA:408,0
DA:409,0
DA:410,0
DA:411,0
DA:414,0
DA:428,0
DA:429,0
DA:430,0
DA:431,0
DA:432,0
DA:433,0
DA:434,0
DA:439,0
DA:440,0
DA:441,0
DA:443,0
DA:444,0
DA:445,0
DA:447,0
DA:449,0
DA:450,0
DA:452,0
DA:453,0
DA:454,0
DA:476,0
DA:477,0
DA:479,0
DA:480,0
DA:481,0
DA:482,0
DA:484,0
DA:487,0
DA:508,0
DA:519,0
DA:521,0
DA:522,0
DA:524,0
DA:527,0
DA:529,0
DA:530,0
DA:532,0
DA:533,0
DA:535,0
DA:536,0
DA:537,0
DA:538,0
DA:539,0
DA:540,0
DA:541,0
DA:542,0
DA:545,0
DA:548,0
DA:549,0
DA:550,0
DA:554,0
DA:555,0
DA:563,0
DA:564,0
DA:566,0
DA:567,0
DA:570,0
DA:571,0
DA:573,0
DA:574,0
DA:575,0
DA:576,0
DA:577,0
DA:578,0
DA:583,0
DA:584,0
DA:589,0
DA:590,0
DA:599,0
DA:600,0
DA:601,0
DA:602,0
DA:603,0
DA:604,0
DA:617,0
DA:618,0
DA:619,0
DA:620,0
DA:624,0
DA:625,0
DA:626,0
DA:627,0
DA:628,0
DA:629,0
DA:630,0
DA:631,0
LF:231
LH:0
BRDA:105,0,0,0
BRDA:105,0,1,0
BRDA:107,1,0,0
BRDA:107,1,1,0
BRDA:112,2,0,0
BRDA:112,2,1,0
BRDA:114,3,0,0
BRDA:114,3,1,0
BRDA:114,4,0,0
BRDA:114,4,1,0
BRDA:135,5,0,0
BRDA:135,5,1,0
BRDA:152,6,0,0
BRDA:152,6,1,0
BRDA:163,7,0,0
BRDA:163,7,1,0
BRDA:166,8,0,0
BRDA:166,8,1,0
BRDA:174,9,0,0
BRDA:174,9,1,0
BRDA:185,10,0,0
BRDA:185,10,1,0
BRDA:185,11,0,0
BRDA:185,11,1,0
BRDA:186,12,0,0
BRDA:186,12,1,0
BRDA:186,13,0,0
BRDA:186,13,1,0
BRDA:195,14,0,0
BRDA:195,14,1,0
BRDA:212,15,0,0
BRDA:212,15,1,0
BRDA:216,16,0,0
BRDA:216,16,1,0
BRDA:219,17,0,0
BRDA:219,17,1,0
BRDA:225,18,0,0
BRDA:225,18,1,0
BRDA:250,19,0,0
BRDA:250,19,1,0
BRDA:270,20,0,0
BRDA:270,20,1,0
BRDA:276,21,0,0
BRDA:276,21,1,0
BRDA:279,22,0,0
BRDA:279,22,1,0
BRDA:283,23,0,0
BRDA:283,23,1,0
BRDA:283,24,0,0
BRDA:283,24,1,0
BRDA:301,25,0,0
BRDA:301,25,1,0
BRDA:327,26,0,0
BRDA:327,26,1,0
BRDA:356,27,0,0
BRDA:356,27,1,0
BRDA:359,28,0,0
BRDA:359,28,1,0
BRDA:361,29,0,0
BRDA:361,29,1,0
BRDA:365,30,0,0
BRDA:365,30,1,0
BRDA:381,31,0,0
BRDA:381,31,1,0
BRDA:386,32,0,0
BRDA:386,32,1,0
BRDA:388,33,0,0
BRDA:388,33,1,0
BRDA:389,34,0,0
BRDA:389,34,1,0
BRDA:398,35,0,0
BRDA:398,35,1,0
BRDA:408,36,0,0
BRDA:408,36,1,0
BRDA:410,37,0,0
BRDA:410,37,1,0
BRDA:444,38,0,0
BRDA:444,38,1,0
BRDA:449,39,0,0
BRDA:449,39,1,0
BRDA:453,40,0,0
BRDA:453,40,1,0
BRDA:530,41,0,0
BRDA:530,41,1,0
BRDA:533,42,0,0
BRDA:533,42,1,0
BRDA:540,43,0,0
BRDA:540,43,1,0
BRDA:548,44,0,0
BRDA:548,44,1,0
BRDA:563,45,0,0
BRDA:563,45,1,0
BRDA:571,46,0,0
BRDA:571,46,1,0
BRDA:589,47,0,0
BRDA:589,47,1,0
BRDA:603,48,0,0
BRDA:603,48,1,0
BRF:98
BRH:0
end_of_record
TN:
SF:src/services/migrationService.ts
FN:36,(anonymous_0)
FN:86,(anonymous_1)
FN:156,getPendingTasks
FN:157,(anonymous_3)
FN:167,runMigrations
FN:181,(anonymous_5)
FNF:6
FNH:0
FNDA:0,(anonymous_0)
FNDA:0,(anonymous_1)
FNDA:0,getPendingTasks
FNDA:0,(anonymous_3)
FNDA:0,runMigrations
FNDA:0,(anonymous_5)
DA:32,0
DA:40,0
DA:53,0
DA:55,0
DA:57,0
DA:58,0
DA:60,0
DA:65,0
DA:66,0
DA:67,0
DA:68,0
DA:69,0
DA:70,0
DA:71,0
DA:73,0
DA:76,0
DA:89,0
DA:90,0
DA:95,0
DA:96,0
DA:99,0
DA:100,0
DA:101,0
DA:104,0
DA:106,0
DA:107,0
DA:109,0
DA:110,0
DA:111,0
DA:112,0
DA:113,0
DA:114,0
DA:115,0
DA:116,0
DA:118,0
DA:121,0
DA:157,0
DA:171,0
DA:172,0
DA:174,0
DA:175,0
DA:176,0
DA:178,0
DA:179,0
DA:180,0
DA:181,0
DA:182,0
DA:183,0
DA:186,0
DA:187,0
DA:189,0
LF:51
LH:0
BRDA:55,0,0,0
BRDA:55,0,1,0
BRDA:58,1,0,0
BRDA:58,1,1,0
BRDA:68,2,0,0
BRDA:68,2,1,0
BRDA:89,3,0,0
BRDA:89,3,1,0
BRDA:95,4,0,0
BRDA:95,4,1,0
BRDA:99,5,0,0
BRDA:99,5,1,0
BRDA:100,6,0,0
BRDA:100,6,1,0
BRDA:113,7,0,0
BRDA:113,7,1,0
BRF:16
BRH:0
end_of_record
TN:
SF:src/services/moreOptionsService.ts
FN:49,toggleStar
FN:55,(anonymous_1)
FN:59,(anonymous_2)
FN:61,(anonymous_3)
FN:63,(anonymous_4)
FN:105,addSongToQueue
FN:113,addAlbumToQueue
FN:127,addPlaylistToQueue
FN:140,removeItemFromQueue
FN:152,playMoreLikeThis
FN:177,playSimilarArtistsMix
FN:203,saveArtistTopSongsPlaylist
FN:218,(anonymous_12)
FNF:13
FNH:0
FNDA:0,toggleStar
FNDA:0,(anonymous_1)
FNDA:0,(anonymous_2)
FNDA:0,(anonymous_3)
FNDA:0,(anonymous_4)
FNDA:0,addSongToQueue
FNDA:0,addAlbumToQueue
FNDA:0,addPlaylistToQueue
FNDA:0,removeItemFromQueue
FNDA:0,playMoreLikeThis
FNDA:0,playSimilarArtistsMix
FNDA:0,saveArtistTopSongsPlaylist
FNDA:0,(anonymous_12)
DA:53,0
DA:55,0
DA:56,0
DA:57,0
DA:59,0
DA:61,0
DA:63,0
DA:67,0
DA:70,0
DA:72,0
DA:73,0
DA:75,0
DA:76,0
DA:77,0
DA:79,0
DA:80,0
DA:81,0
DA:83,0
DA:84,0
DA:85,0
DA:89,0
DA:92,0
DA:95,0
DA:106,0
DA:114,0
DA:115,0
DA:116,0
DA:117,0
DA:119,0
DA:120,0
DA:128,0
DA:129,0
DA:130,0
DA:131,0
DA:133,0
DA:134,0
DA:141,0
DA:153,0
DA:155,0
DA:156,0
DA:157,0
DA:158,0
DA:159,0
DA:162,0
DA:163,0
DA:165,0
DA:178,0
DA:180,0
DA:181,0
DA:182,0
DA:183,0
DA:184,0
DA:187,0
DA:188,0
DA:190,0
DA:204,0
DA:206,0
DA:207,0
DA:208,0
DA:209,0
DA:210,0
DA:213,0
DA:214,0
DA:215,0
DA:218,0
DA:219,0
DA:220,0
DA:221,0
DA:222,0
DA:225,0
DA:226,0
DA:228,0
LF:72
LH:0
BRDA:56,0,0,0
BRDA:56,0,1,0
BRDA:57,1,0,0
BRDA:57,1,1,0
BRDA:57,1,2,0
BRDA:73,2,0,0
BRDA:73,2,1,0
BRDA:73,2,2,0
BRDA:75,3,0,0
BRDA:75,3,1,0
BRDA:79,4,0,0
BRDA:79,4,1,0
BRDA:83,5,0,0
BRDA:83,5,1,0
BRDA:115,6,0,0
BRDA:115,6,1,0
BRDA:119,7,0,0
BRDA:119,7,1,0
BRDA:129,8,0,0
BRDA:129,8,1,0
BRDA:133,9,0,0
BRDA:133,9,1,0
BRDA:157,10,0,0
BRDA:157,10,1,0
BRDA:182,11,0,0
BRDA:182,11,1,0
BRDA:208,12,0,0
BRDA:208,12,1,0
BRDA:210,13,0,0
BRDA:210,13,1,0
BRDA:213,14,0,0
BRDA:213,14,1,0
BRDA:220,15,0,0
BRDA:220,15,1,0
BRF:34
BRH:0
end_of_record
TN:
SF:src/services/musicCacheService.ts
FN:68,getTrackFileExtension
FN:114,initMusicCache
FN:123,(anonymous_2)
FN:139,deferredMusicCacheInit
FN:162,recoverStalledDownloadsAsync
FN:187,(anonymous_5)
FN:199,forceRecoverDownloadsAsync
FN:205,ensureCacheDir
FN:217,populateTrackMapsAsync
FN:260,getLocalTrackUri
FN:266,isItemCached
FN:274,getTrackQueueStatus
FN:278,(anonymous_12)
FN:289,cacheTrackCoverArt
FN:295,(anonymous_14)
FN:305,enqueueAlbumDownload
FN:308,(anonymous_16)
FN:315,(anonymous_17)
FN:336,enqueuePlaylistDownload
FN:339,(anonymous_19)
FN:346,(anonymous_20)
FN:371,processQueue
FN:382,(anonymous_22)
FN:398,downloadItem
FN:408,(anonymous_24)
FN:413,(anonymous_25)
FN:428,(anonymous_26)
FN:487,(anonymous_27)
FN:492,(anonymous_28)
FN:534,downloadTrack
FN:584,retryDownload
FN:586,(anonymous_31)
FN:608,(anonymous_32)
FN:610,(anonymous_33)
FN:624,redownloadItem
FN:642,redownloadTrack
FN:649,(anonymous_36)
FN:698,deleteCachedItem
FN:722,removeCachedPlaylistTrack
FN:750,reorderCachedPlaylistTracks
FN:763,syncCachedPlaylistTracks
FN:788,(anonymous_41)
FN:790,(anonymous_42)
FN:791,(anonymous_43)
FN:793,(anonymous_44)
FN:821,syncCachedItemTracks
FN:828,(anonymous_46)
FN:830,(anonymous_47)
FN:831,(anonymous_48)
FN:835,(anonymous_49)
FN:863,cancelDownload
FN:865,(anonymous_51)
FN:886,clearDownloadQueue
FN:911,clearMusicCache
FN:941,getMusicCacheStats
FN:975,resumeIfSpaceAvailable
FN:990,enqueueStarredSongsDownload
FN:993,(anonymous_57)
FN:1014,deleteStarredSongsDownload
FN:1023,syncStarredSongsDownload
FN:1038,(anonymous_60)
FN:1043,(anonymous_61)
FNF:62
FNH:0
FNDA:0,getTrackFileExtension
FNDA:0,initMusicCache
FNDA:0,(anonymous_2)
FNDA:0,deferredMusicCacheInit
FNDA:0,recoverStalledDownloadsAsync
FNDA:0,(anonymous_5)
FNDA:0,forceRecoverDownloadsAsync
FNDA:0,ensureCacheDir
FNDA:0,populateTrackMapsAsync
FNDA:0,getLocalTrackUri
FNDA:0,isItemCached
FNDA:0,getTrackQueueStatus
FNDA:0,(anonymous_12)
FNDA:0,cacheTrackCoverArt
FNDA:0,(anonymous_14)
FNDA:0,enqueueAlbumDownload
FNDA:0,(anonymous_16)
FNDA:0,(anonymous_17)
FNDA:0,enqueuePlaylistDownload
FNDA:0,(anonymous_19)
FNDA:0,(anonymous_20)
FNDA:0,processQueue
FNDA:0,(anonymous_22)
FNDA:0,downloadItem
FNDA:0,(anonymous_24)
FNDA:0,(anonymous_25)
FNDA:0,(anonymous_26)
FNDA:0,(anonymous_27)
FNDA:0,(anonymous_28)
FNDA:0,downloadTrack
FNDA:0,retryDownload
FNDA:0,(anonymous_31)
FNDA:0,(anonymous_32)
FNDA:0,(anonymous_33)
FNDA:0,redownloadItem
FNDA:0,redownloadTrack
FNDA:0,(anonymous_36)
FNDA:0,deleteCachedItem
FNDA:0,removeCachedPlaylistTrack
FNDA:0,reorderCachedPlaylistTracks
FNDA:0,syncCachedPlaylistTracks
FNDA:0,(anonymous_41)
FNDA:0,(anonymous_42)
FNDA:0,(anonymous_43)
FNDA:0,(anonymous_44)
FNDA:0,syncCachedItemTracks
FNDA:0,(anonymous_46)
FNDA:0,(anonymous_47)
FNDA:0,(anonymous_48)
FNDA:0,(anonymous_49)
FNDA:0,cancelDownload
FNDA:0,(anonymous_51)
FNDA:0,clearDownloadQueue
FNDA:0,clearMusicCache
FNDA:0,getMusicCacheStats
FNDA:0,resumeIfSpaceAvailable
FNDA:0,enqueueStarredSongsDownload
FNDA:0,(anonymous_57)
FNDA:0,deleteStarredSongsDownload
FNDA:0,syncStarredSongsDownload
FNDA:0,(anonymous_60)
FNDA:0,(anonymous_61)
DA:44,0
DA:47,0
DA:50,0
DA:52,0
DA:69,0
DA:70,0
DA:71,0
DA:72,0
DA:73,0
DA:74,0
DA:76,0
DA:83,0
DA:84,0
DA:85,0
DA:86,0
DA:93,0
DA:99,0
DA:115,0
DA:116,0
DA:117,0
DA:118,0
DA:120,0
DA:122,0
DA:123,0
DA:124,0
DA:125,0
DA:140,0
DA:141,0
DA:163,0
DA:165,0
DA:166,0
DA:167,0
DA:169,0
DA:170,0
DA:171,0
DA:172,0
DA:173,0
DA:174,0
DA:175,0
DA:181,0
DA:187,0
DA:188,0
DA:200,0
DA:201,0
DA:202,0
DA:206,0
DA:207,0
DA:218,0
DA:219,0
DA:220,0
DA:223,0
DA:224,0
DA:226,0
DA:229,0
DA:230,0
DA:232,0
DA:233,0
DA:235,0
DA:236,0
DA:237,0
DA:238,0
DA:239,0
DA:240,0
DA:241,0
DA:243,0
DA:244,0
DA:261,0
DA:262,0
DA:267,0
DA:275,0
DA:276,0
DA:277,0
DA:278,0
DA:279,0
DA:282,0
DA:290,0
DA:291,0
DA:292,0
DA:293,0
DA:294,0
DA:295,0
DA:306,0
DA:307,0
DA:308,0
DA:310,0
DA:311,0
DA:312,0
DA:314,0
DA:315,0
DA:317,0
DA:319,0
DA:329,0
DA:337,0
DA:338,0
DA:339,0
DA:341,0
DA:342,0
DA:343,0
DA:345,0
DA:346,0
DA:348,0
DA:350,0
DA:359,0
DA:372,0
DA:373,0
DA:374,0
DA:376,0
DA:377,0
DA:378,0
DA:379,0
DA:381,0
DA:382,0
DA:383,0
DA:385,0
DA:386,0
DA:389,0
DA:390,0
DA:399,0
DA:400,0
DA:401,0
DA:403,0
DA:404,0
DA:405,0
DA:406,0
DA:408,0
DA:409,0
DA:410,0
DA:412,0
DA:413,0
DA:415,0
DA:417,0
DA:418,0
DA:419,0
DA:422,0
DA:423,0
DA:427,0
DA:428,0
DA:429,0
DA:430,0
DA:433,0
DA:435,0
DA:438,0
DA:439,0
DA:440,0
DA:441,0
DA:442,0
DA:443,0
DA:444,0
DA:452,0
DA:453,0
DA:454,0
DA:455,0
DA:458,0
DA:462,0
DA:463,0
DA:464,0
DA:465,0
DA:466,0
DA:467,0
DA:468,0
DA:469,0
DA:470,0
DA:472,0
DA:473,0
DA:479,0
DA:485,0
DA:487,0
DA:489,0
DA:491,0
DA:492,0
DA:494,0
DA:496,0
DA:497,0
DA:507,0
DA:509,0
DA:538,0
DA:540,0
DA:541,0
DA:543,0
DA:544,0
DA:545,0
DA:547,0
DA:548,0
DA:549,0
DA:550,0
DA:552,0
DA:553,0
DA:554,0
DA:556,0
DA:558,0
DA:560,0
DA:562,0
DA:571,0
DA:572,0
DA:573,0
DA:574,0
DA:576,0
DA:585,0
DA:586,0
DA:588,0
DA:590,0
DA:591,0
DA:592,0
DA:594,0
DA:595,0
DA:596,0
DA:599,0
DA:607,0
DA:608,0
DA:609,0
DA:610,0
DA:613,0
DA:614,0
DA:617,0
DA:625,0
DA:626,0
DA:628,0
DA:630,0
DA:631,0
DA:633,0
DA:646,0
DA:647,0
DA:649,0
DA:650,0
DA:652,0
DA:653,0
DA:654,0
DA:656,0
DA:657,0
DA:658,0
DA:660,0
DA:662,0
DA:663,0
DA:664,0
DA:666,0
DA:667,0
DA:670,0
DA:672,0
DA:673,0
DA:674,0
DA:675,0
DA:677,0
DA:683,0
DA:684,0
DA:687,0
DA:689,0
DA:699,0
DA:701,0
DA:702,0
DA:703,0
DA:704,0
DA:705,0
DA:709,0
DA:710,0
DA:711,0
DA:714,0
DA:715,0
DA:723,0
DA:724,0
DA:725,0
DA:727,0
DA:729,0
DA:730,0
DA:731,0
DA:733,0
DA:734,0
DA:735,0
DA:736,0
DA:737,0
DA:738,0
DA:739,0
DA:744,0
DA:755,0
DA:767,0
DA:768,0
DA:770,0
DA:772,0
DA:773,0
DA:774,0
DA:775,0
DA:776,0
DA:777,0
DA:778,0
DA:779,0
DA:780,0
DA:781,0
DA:782,0
DA:788,0
DA:789,0
DA:790,0
DA:791,0
DA:793,0
DA:794,0
DA:795,0
DA:797,0
DA:798,0
DA:825,0
DA:826,0
DA:827,0
DA:828,0
DA:830,0
DA:831,0
DA:833,0
DA:835,0
DA:836,0
DA:839,0
DA:840,0
DA:841,0
DA:844,0
DA:845,0
DA:847,0
DA:857,0
DA:864,0
DA:865,0
DA:867,0
DA:869,0
DA:871,0
DA:872,0
DA:873,0
DA:876,0
DA:877,0
DA:878,0
DA:887,0
DA:888,0
DA:889,0
DA:891,0
DA:892,0
DA:893,0
DA:894,0
DA:898,0
DA:899,0
DA:900,0
DA:903,0
DA:912,0
DA:913,0
DA:915,0
DA:917,0
DA:918,0
DA:919,0
DA:920,0
DA:921,0
DA:923,0
DA:942,0
DA:943,0
DA:945,0
DA:946,0
DA:947,0
DA:948,0
DA:949,0
DA:950,0
DA:951,0
DA:952,0
DA:953,0
DA:954,0
DA:955,0
DA:959,0
DA:960,0
DA:963,0
DA:976,0
DA:977,0
DA:991,0
DA:992,0
DA:993,0
DA:995,0
DA:996,0
DA:998,0
DA:999,0
DA:1001,0
DA:1010,0
DA:1015,0
DA:1024,0
DA:1025,0
DA:1027,0
DA:1028,0
DA:1029,0
DA:1031,0
DA:1034,0
DA:1038,0
DA:1039,0
DA:1040,0
DA:1043,0
DA:1045,0
DA:1048,0
DA:1049,0
DA:1050,0
LF:385
LH:0
BRDA:70,0,0,0
BRDA:70,0,1,0
BRDA:71,1,0,0
BRDA:71,1,1,0
BRDA:72,2,0,0
BRDA:72,2,1,0
BRDA:74,3,0,0
BRDA:74,3,1,0
BRDA:115,4,0,0
BRDA:115,4,1,0
BRDA:117,5,0,0
BRDA:117,5,1,0
BRDA:122,6,0,0
BRDA:122,6,1,0
BRDA:124,7,0,0
BRDA:124,7,1,0
BRDA:124,8,0,0
BRDA:124,8,1,0
BRDA:163,9,0,0
BRDA:163,9,1,0
BRDA:167,10,0,0
BRDA:167,10,1,0
BRDA:170,11,0,0
BRDA:170,11,1,0
BRDA:174,12,0,0
BRDA:174,12,1,0
BRDA:187,13,0,0
BRDA:187,13,1,0
BRDA:187,14,0,0
BRDA:187,14,1,0
BRDA:206,15,0,0
BRDA:206,15,1,0
BRDA:230,16,0,0
BRDA:230,16,1,0
BRDA:233,17,0,0
BRDA:233,17,1,0
BRDA:238,18,0,0
BRDA:238,18,1,0
BRDA:238,19,0,0
BRDA:238,19,1,0
BRDA:239,20,0,0
BRDA:239,20,1,0
BRDA:243,21,0,0
BRDA:243,21,1,0
BRDA:261,22,0,0
BRDA:261,22,1,0
BRDA:262,23,0,0
BRDA:262,23,1,0
BRDA:277,24,0,0
BRDA:277,24,1,0
BRDA:277,25,0,0
BRDA:277,25,1,0
BRDA:278,26,0,0
BRDA:278,26,1,0
BRDA:292,27,0,0
BRDA:292,27,1,0
BRDA:292,28,0,0
BRDA:292,28,1,0
BRDA:294,29,0,0
BRDA:294,29,1,0
BRDA:307,30,0,0
BRDA:307,30,1,0
BRDA:308,31,0,0
BRDA:308,31,1,0
BRDA:312,32,0,0
BRDA:312,32,1,0
BRDA:314,33,0,0
BRDA:314,33,1,0
BRDA:323,34,0,0
BRDA:323,34,1,0
BRDA:338,35,0,0
BRDA:338,35,1,0
BRDA:339,36,0,0
BRDA:339,36,1,0
BRDA:343,37,0,0
BRDA:343,37,1,0
BRDA:345,38,0,0
BRDA:345,38,1,0
BRDA:372,39,0,0
BRDA:372,39,1,0
BRDA:378,40,0,0
BRDA:378,40,1,0
BRDA:379,41,0,0
BRDA:379,41,1,0
BRDA:383,42,0,0
BRDA:383,42,1,0
BRDA:389,43,0,0
BRDA:389,43,1,0
BRDA:401,44,0,0
BRDA:401,44,1,0
BRDA:410,45,0,0
BRDA:410,45,1,0
BRDA:415,46,0,0
BRDA:415,46,1,0
BRDA:415,47,0,0
BRDA:415,47,1,0
BRDA:417,48,0,0
BRDA:417,48,1,0
BRDA:427,49,0,0
BRDA:427,49,1,0
BRDA:429,50,0,0
BRDA:429,50,1,0
BRDA:439,51,0,0
BRDA:439,51,1,0
BRDA:440,52,0,0
BRDA:440,52,1,0
BRDA:442,53,0,0
BRDA:442,53,1,0
BRDA:443,54,0,0
BRDA:443,54,1,0
BRDA:446,55,0,0
BRDA:446,55,1,0
BRDA:447,56,0,0
BRDA:447,56,1,0
BRDA:450,57,0,0
BRDA:450,57,1,0
BRDA:453,58,0,0
BRDA:453,58,1,0
BRDA:464,59,0,0
BRDA:464,59,1,0
BRDA:465,60,0,0
BRDA:465,60,1,0
BRDA:469,61,0,0
BRDA:469,61,1,0
BRDA:494,62,0,0
BRDA:494,62,1,0
BRDA:496,63,0,0
BRDA:496,63,1,0
BRDA:541,64,0,0
BRDA:541,64,1,0
BRDA:553,65,0,0
BRDA:553,65,1,0
BRDA:558,66,0,0
BRDA:558,66,1,0
BRDA:558,67,0,0
BRDA:558,67,1,0
BRDA:564,68,0,0
BRDA:564,68,1,0
BRDA:565,69,0,0
BRDA:565,69,1,0
BRDA:568,70,0,0
BRDA:568,70,1,0
BRDA:573,71,0,0
BRDA:573,71,1,0
BRDA:588,72,0,0
BRDA:588,72,1,0
BRDA:588,73,0,0
BRDA:588,73,1,0
BRDA:591,74,0,0
BRDA:591,74,1,0
BRDA:610,75,0,0
BRDA:610,75,1,0
BRDA:613,76,0,0
BRDA:613,76,1,0
BRDA:613,77,0,0
BRDA:613,77,1,0
BRDA:613,77,2,0
BRDA:626,78,0,0
BRDA:626,78,1,0
BRDA:630,79,0,0
BRDA:630,79,1,0
BRDA:647,80,0,0
BRDA:647,80,1,0
BRDA:650,81,0,0
BRDA:650,81,1,0
BRDA:654,82,0,0
BRDA:654,82,1,0
BRDA:657,83,0,0
BRDA:657,83,1,0
BRDA:664,84,0,0
BRDA:664,84,1,0
BRDA:667,85,0,0
BRDA:667,85,1,0
BRDA:669,86,0,0
BRDA:669,86,1,0
BRDA:675,87,0,0
BRDA:675,87,1,0
BRDA:675,88,0,0
BRDA:675,88,1,0
BRDA:699,89,0,0
BRDA:699,89,1,0
BRDA:702,90,0,0
BRDA:702,90,1,0
BRDA:710,91,0,0
BRDA:710,91,1,0
BRDA:724,92,0,0
BRDA:724,92,1,0
BRDA:724,93,0,0
BRDA:724,93,1,0
BRDA:725,94,0,0
BRDA:725,94,1,0
BRDA:725,95,0,0
BRDA:725,95,1,0
BRDA:731,96,0,0
BRDA:731,96,1,0
BRDA:733,97,0,0
BRDA:733,97,1,0
BRDA:736,98,0,0
BRDA:736,98,1,0
BRDA:738,99,0,0
BRDA:738,99,1,0
BRDA:768,100,0,0
BRDA:768,100,1,0
BRDA:768,101,0,0
BRDA:768,101,1,0
BRDA:773,102,0,0
BRDA:773,102,1,0
BRDA:776,103,0,0
BRDA:776,103,1,0
BRDA:776,104,0,0
BRDA:776,104,1,0
BRDA:779,105,0,0
BRDA:779,105,1,0
BRDA:781,106,0,0
BRDA:781,106,1,0
BRDA:827,107,0,0
BRDA:827,107,1,0
BRDA:828,108,0,0
BRDA:828,108,1,0
BRDA:836,109,0,0
BRDA:836,109,1,0
BRDA:841,110,0,0
BRDA:841,110,1,0
BRDA:867,111,0,0
BRDA:867,111,1,0
BRDA:872,112,0,0
BRDA:872,112,1,0
BRDA:891,113,0,0
BRDA:891,113,1,0
BRDA:893,114,0,0
BRDA:893,114,1,0
BRDA:951,115,0,0
BRDA:951,115,1,0
BRDA:976,116,0,0
BRDA:976,116,1,0
BRDA:992,117,0,0
BRDA:992,117,1,0
BRDA:993,118,0,0
BRDA:993,118,1,0
BRDA:996,119,0,0
BRDA:996,119,1,0
BRDA:1027,120,0,0
BRDA:1027,120,1,0
BRDA:1028,121,0,0
BRDA:1028,121,1,0
BRDA:1039,122,0,0
BRDA:1039,122,1,0
BRDA:1045,123,0,0
BRDA:1045,123,1,0
BRDA:1048,124,0,0
BRDA:1048,124,1,0
BRDA:1048,125,0,0
BRDA:1048,125,1,0
BRDA:1048,125,2,0
BRDA:1049,126,0,0
BRDA:1049,126,1,0
BRF:256
BRH:0
end_of_record
TN:
SF:src/services/musicbrainzService.ts
FN:62,searchArtistMBID
FN:95,searchArtists
FN:128,getArtistBiography
FNF:3
FNH:0
FNDA:0,searchArtistMBID
FNDA:0,searchArtists
FNDA:0,getArtistBiography
DA:13,0
DA:14,0
DA:15,0
DA:63,0
DA:64,0
DA:65,0
DA:67,0
DA:74,0
DA:76,0
DA:78,0
DA:79,0
DA:82,0
DA:84,0
DA:99,0
DA:100,0
DA:102,0
DA:109,0
DA:111,0
DA:113,0
DA:115,0
DA:129,0
DA:130,0
DA:132,0
DA:139,0
DA:141,0
DA:143,0
DA:145,0
LF:27
LH:0
BRDA:74,0,0,0
BRDA:74,0,1,0
BRDA:78,1,0,0
BRDA:78,1,1,0
BRDA:78,2,0,0
BRDA:78,2,1,0
BRDA:97,3,0,0
BRDA:109,4,0,0
BRDA:109,4,1,0
BRDA:113,5,0,0
BRDA:113,5,1,0
BRDA:139,6,0,0
BRDA:139,6,1,0
BRDA:143,7,0,0
BRDA:143,7,1,0
BRF:15
BRH:0
end_of_record
TN:
SF:src/services/playbackService.ts
FN:11,playbackService
FN:12,(anonymous_1)
FN:13,(anonymous_2)
FN:14,(anonymous_3)
FN:15,(anonymous_4)
FN:16,(anonymous_5)
FN:17,(anonymous_6)
FNF:7
FNH:0
FNDA:0,playbackService
FNDA:0,(anonymous_1)
FNDA:0,(anonymous_2)
FNDA:0,(anonymous_3)
FNDA:0,(anonymous_4)
FNDA:0,(anonymous_5)
FNDA:0,(anonymous_6)
DA:11,0
DA:12,0
DA:13,0
DA:14,0
DA:15,0
DA:16,0
DA:17,0
LF:7
LH:0
BRF:0
BRH:0
end_of_record
TN:
SF:src/services/playerService.ts
FN:40,mapRepeatMode
FN:52,mapState
FN:80,mimeFromUri
FN:86,childToTrack
FN:168,startProgressPolling
FN:170,(anonymous_5)
FN:194,stopProgressPolling
FN:213,recoverTranscodedStream
FN:220,(anonymous_8)
FN:226,(anonymous_9)
FN:261,initPlayer
FN:302,(anonymous_11)
FN:319,(anonymous_12)
FN:348,(anonymous_13)
FN:367,(anonymous_14)
FN:376,(anonymous_15)
FN:388,(anonymous_16)
FN:392,(anonymous_17)
FN:399,(anonymous_18)
FN:408,(anonymous_19)
FN:441,(anonymous_20)
FN:480,(anonymous_21)
FN:500,(anonymous_22)
FN:515,syncStoreFromNative
FN:523,(anonymous_24)
FN:556,resetScrobbleCoordination
FN:571,playTrack
FN:586,(anonymous_27)
FN:609,togglePlayPause
FN:619,skipToNext
FN:625,skipToPrevious
FN:639,seekTo
FN:681,skipToTrack
FN:688,retryPlayback
FN:699,clearQueue
FN:728,addToQueue
FN:753,removeFromQueue
FN:764,(anonymous_37)
FN:785,cycleRepeatMode
FN:800,cyclePlaybackRate
FN:813,shuffleQueue
FNF:41
FNH:0
FNDA:0,mapRepeatMode
FNDA:0,mapState
FNDA:0,mimeFromUri
FNDA:0,childToTrack
FNDA:0,startProgressPolling
FNDA:0,(anonymous_5)
FNDA:0,stopProgressPolling
FNDA:0,recoverTranscodedStream
FNDA:0,(anonymous_8)
FNDA:0,(anonymous_9)
FNDA:0,initPlayer
FNDA:0,(anonymous_11)
FNDA:0,(anonymous_12)
FNDA:0,(anonymous_13)
FNDA:0,(anonymous_14)
FNDA:0,(anonymous_15)
FNDA:0,(anonymous_16)
FNDA:0,(anonymous_17)
FNDA:0,(anonymous_18)
FNDA:0,(anonymous_19)
FNDA:0,(anonymous_20)
FNDA:0,(anonymous_21)
FNDA:0,(anonymous_22)
FNDA:0,syncStoreFromNative
FNDA:0,(anonymous_24)
FNDA:0,resetScrobbleCoordination
FNDA:0,playTrack
FNDA:0,(anonymous_27)
FNDA:0,togglePlayPause
FNDA:0,skipToNext
FNDA:0,skipToPrevious
FNDA:0,seekTo
FNDA:0,skipToTrack
FNDA:0,retryPlayback
FNDA:0,clearQueue
FNDA:0,addToQueue
FNDA:0,removeFromQueue
FNDA:0,(anonymous_37)
FNDA:0,cycleRepeatMode
FNDA:0,cyclePlaybackRate
FNDA:0,shuffleQueue
DA:41,0
DA:43,0
DA:45,0
DA:47,0
DA:53,0
DA:55,0
DA:57,0
DA:59,0
DA:61,0
DA:64,0
DA:66,0
DA:70,0
DA:81,0
DA:82,0
DA:87,0
DA:88,0
DA:89,0
DA:90,0
DA:106,0
DA:108,0
DA:110,0
DA:117,0
DA:124,0
DA:126,0
DA:132,0
DA:138,0
DA:144,0
DA:151,0
DA:153,0
DA:155,0
DA:161,0
DA:169,0
DA:170,0
DA:171,0
DA:172,0
DA:175,0
DA:177,0
DA:178,0
DA:182,0
DA:185,0
DA:186,0
DA:195,0
DA:196,0
DA:197,0
DA:214,0
DA:218,0
DA:220,0
DA:221,0
DA:223,0
DA:224,0
DA:226,0
DA:227,0
DA:229,0
DA:230,0
DA:231,0
DA:234,0
DA:237,0
DA:238,0
DA:240,0
DA:244,0
DA:247,0
DA:249,0
DA:262,0
DA:264,0
DA:265,0
DA:283,0
DA:296,0
DA:297,0
DA:298,0
DA:302,0
DA:303,0
DA:304,0
DA:306,0
DA:308,0
DA:309,0
DA:310,0
DA:311,0
DA:313,0
DA:315,0
DA:319,0
DA:321,0
DA:322,0
DA:323,0
DA:329,0
DA:330,0
DA:331,0
DA:332,0
DA:333,0
DA:334,0
DA:335,0
DA:336,0
DA:337,0
DA:338,0
DA:344,0
DA:345,0
DA:346,0
DA:348,0
DA:349,0
DA:350,0
DA:356,0
DA:360,0
DA:361,0
DA:367,0
DA:368,0
DA:376,0
DA:377,0
DA:378,0
DA:388,0
DA:389,0
DA:392,0
DA:393,0
DA:394,0
DA:395,0
DA:399,0
DA:400,0
DA:408,0
DA:409,0
DA:419,0
DA:424,0
DA:426,0
DA:430,0
DA:435,0
DA:436,0
DA:438,0
DA:441,0
DA:443,0
DA:447,0
DA:448,0
DA:449,0
DA:450,0
DA:455,0
DA:456,0
DA:460,0
DA:461,0
DA:464,0
DA:468,0
DA:472,0
DA:473,0
DA:476,0
DA:478,0
DA:479,0
DA:480,0
DA:481,0
DA:484,0
DA:486,0
DA:489,0
DA:493,0
DA:494,0
DA:500,0
DA:501,0
DA:502,0
DA:505,0
DA:507,0
DA:516,0
DA:517,0
DA:518,0
DA:520,0
DA:521,0
DA:522,0
DA:523,0
DA:524,0
DA:527,0
DA:529,0
DA:531,0
DA:532,0
DA:536,0
DA:538,0
DA:539,0
DA:541,0
DA:546,0
DA:548,0
DA:557,0
DA:558,0
DA:572,0
DA:573,0
DA:574,0
DA:575,0
DA:576,0
DA:577,0
DA:579,0
DA:580,0
DA:582,0
DA:583,0
DA:585,0
DA:586,0
DA:588,0
DA:589,0
DA:591,0
DA:592,0
DA:595,0
DA:596,0
DA:598,0
DA:602,0
DA:603,0
DA:604,0
DA:610,0
DA:611,0
DA:612,0
DA:614,0
DA:620,0
DA:621,0
DA:626,0
DA:627,0
DA:642,0
DA:646,0
DA:647,0
DA:648,0
DA:649,0
DA:650,0
DA:653,0
DA:656,0
DA:663,0
DA:664,0
DA:665,0
DA:667,0
DA:668,0
DA:669,0
DA:670,0
DA:671,0
DA:675,0
DA:676,0
DA:677,0
DA:682,0
DA:683,0
DA:684,0
DA:689,0
DA:690,0
DA:700,0
DA:701,0
DA:702,0
DA:703,0
DA:704,0
DA:705,0
DA:706,0
DA:707,0
DA:708,0
DA:710,0
DA:712,0
DA:713,0
DA:714,0
DA:715,0
DA:716,0
DA:717,0
DA:718,0
DA:729,0
DA:732,0
DA:733,0
DA:734,0
DA:737,0
DA:739,0
DA:740,0
DA:742,0
DA:743,0
DA:754,0
DA:757,0
DA:758,0
DA:759,0
DA:762,0
DA:764,0
DA:765,0
DA:771,0
DA:772,0
DA:773,0
DA:786,0
DA:788,0
DA:789,0
DA:790,0
DA:801,0
DA:802,0
DA:803,0
DA:804,0
DA:805,0
DA:806,0
DA:814,0
DA:816,0
DA:817,0
DA:818,0
DA:819,0
DA:820,0
DA:821,0
DA:822,0
DA:824,0
DA:825,0
DA:828,0
DA:829,0
DA:830,0
DA:831,0
DA:834,0
DA:835,0
DA:838,0
DA:839,0
DA:840,0
DA:842,0
DA:843,0
DA:844,0
LF:295
LH:0
BRDA:41,0,0,0
BRDA:41,0,1,0
BRDA:41,0,2,0
BRDA:53,1,0,0
BRDA:53,1,1,0
BRDA:53,1,2,0
BRDA:53,1,3,0
BRDA:53,1,4,0
BRDA:53,1,5,0
BRDA:53,1,6,0
BRDA:82,2,0,0
BRDA:82,2,1,0
BRDA:88,3,0,0
BRDA:88,3,1,0
BRDA:89,4,0,0
BRDA:89,4,1,0
BRDA:92,5,0,0
BRDA:92,5,1,0
BRDA:92,5,2,0
BRDA:94,6,0,0
BRDA:94,6,1,0
BRDA:95,7,0,0
BRDA:95,7,1,0
BRDA:96,8,0,0
BRDA:96,8,1,0
BRDA:96,8,2,0
BRDA:96,9,0,0
BRDA:96,9,1,0
BRDA:97,10,0,0
BRDA:97,10,1,0
BRDA:98,11,0,0
BRDA:98,11,1,0
BRDA:169,12,0,0
BRDA:169,12,1,0
BRDA:175,13,0,0
BRDA:175,13,1,0
BRDA:177,14,0,0
BRDA:177,14,1,0
BRDA:195,15,0,0
BRDA:195,15,1,0
BRDA:221,16,0,0
BRDA:221,16,1,0
BRDA:224,17,0,0
BRDA:224,17,1,0
BRDA:227,18,0,0
BRDA:227,18,1,0
BRDA:231,19,0,0
BRDA:231,19,1,0
BRDA:262,20,0,0
BRDA:262,20,1,0
BRDA:306,21,0,0
BRDA:306,21,1,0
BRDA:308,22,0,0
BRDA:308,22,1,0
BRDA:309,23,0,0
BRDA:309,23,1,0
BRDA:311,24,0,0
BRDA:311,24,1,0
BRDA:311,25,0,0
BRDA:311,25,1,0
BRDA:321,26,0,0
BRDA:321,26,1,0
BRDA:322,27,0,0
BRDA:322,27,1,0
BRDA:329,28,0,0
BRDA:329,28,1,0
BRDA:329,29,0,0
BRDA:329,29,1,0
BRDA:331,30,0,0
BRDA:331,30,1,0
BRDA:332,31,0,0
BRDA:332,31,1,0
BRDA:332,32,0,0
BRDA:332,32,1,0
BRDA:334,33,0,0
BRDA:334,33,1,0
BRDA:335,34,0,0
BRDA:335,34,1,0
BRDA:344,35,0,0
BRDA:344,35,1,0
BRDA:382,36,0,0
BRDA:382,36,1,0
BRDA:383,37,0,0
BRDA:383,37,1,0
BRDA:394,38,0,0
BRDA:394,38,1,0
BRDA:419,39,0,0
BRDA:419,39,1,0
BRDA:419,40,0,0
BRDA:419,40,1,0
BRDA:424,41,0,0
BRDA:424,41,1,0
BRDA:426,42,0,0
BRDA:426,42,1,0
BRDA:427,43,0,0
BRDA:427,43,1,0
BRDA:427,43,2,0
BRDA:435,44,0,0
BRDA:435,44,1,0
BRDA:443,45,0,0
BRDA:443,45,1,0
BRDA:447,46,0,0
BRDA:447,46,1,0
BRDA:447,47,0,0
BRDA:447,47,1,0
BRDA:455,48,0,0
BRDA:455,48,1,0
BRDA:455,49,0,0
BRDA:455,49,1,0
BRDA:455,49,2,0
BRDA:460,50,0,0
BRDA:460,50,1,0
BRDA:460,51,0,0
BRDA:460,51,1,0
BRDA:460,51,2,0
BRDA:461,52,0,0
BRDA:461,52,1,0
BRDA:479,53,0,0
BRDA:479,53,1,0
BRDA:479,54,0,0
BRDA:479,54,1,0
BRDA:480,55,0,0
BRDA:480,55,1,0
BRDA:481,56,0,0
BRDA:481,56,1,0
BRDA:493,57,0,0
BRDA:493,57,1,0
BRDA:501,58,0,0
BRDA:501,58,1,0
BRDA:522,59,0,0
BRDA:522,59,1,0
BRDA:523,60,0,0
BRDA:523,60,1,0
BRDA:524,61,0,0
BRDA:524,61,1,0
BRDA:529,62,0,0
BRDA:529,62,1,0
BRDA:531,63,0,0
BRDA:531,63,1,0
BRDA:541,64,0,0
BRDA:541,64,1,0
BRDA:542,65,0,0
BRDA:542,65,1,0
BRDA:542,65,2,0
BRDA:591,66,0,0
BRDA:591,66,1,0
BRDA:599,67,0,0
BRDA:599,67,1,0
BRDA:611,68,0,0
BRDA:611,68,1,0
BRDA:646,69,0,0
BRDA:646,69,1,0
BRDA:663,70,0,0
BRDA:663,70,1,0
BRDA:663,71,0,0
BRDA:663,71,1,0
BRDA:663,71,2,0
BRDA:665,72,0,0
BRDA:665,72,1,0
BRDA:667,73,0,0
BRDA:667,73,1,0
BRDA:729,74,0,0
BRDA:729,74,1,0
BRDA:732,75,0,0
BRDA:732,75,1,0
BRDA:754,76,0,0
BRDA:754,76,1,0
BRDA:754,77,0,0
BRDA:754,77,1,0
BRDA:757,78,0,0
BRDA:757,78,1,0
BRDA:772,79,0,0
BRDA:772,79,1,0
BRDA:772,80,0,0
BRDA:772,80,1,0
BRDA:788,81,0,0
BRDA:788,81,1,0
BRDA:788,82,0,0
BRDA:788,82,1,0
BRDA:814,83,0,0
BRDA:814,83,1,0
BRF:181
BRH:0
end_of_record
TN:
SF:src/services/scanService.ts
FN:15,startPolling
FN:17,(anonymous_1)
FN:31,stopPolling
FN:42,fetchScanStatus
FN:63,startScan
FNF:5
FNH:0
FNDA:0,startPolling
FNDA:0,(anonymous_1)
FNDA:0,stopPolling
FNDA:0,fetchScanStatus
FNDA:0,startScan
DA:7,0
DA:9,0
DA:16,0
DA:17,0
DA:18,0
DA:19,0
DA:20,0
DA:21,0
DA:22,0
DA:32,0
DA:33,0
DA:34,0
DA:43,0
DA:44,0
DA:45,0
DA:46,0
DA:47,0
DA:48,0
DA:49,0
DA:51,0
DA:54,0
DA:56,0
DA:64,0
DA:65,0
DA:66,0
DA:67,0
DA:68,0
DA:69,0
DA:70,0
DA:73,0
DA:75,0
LF:31
LH:0
BRDA:16,0,0,0
BRDA:16,0,1,0
BRDA:19,1,0,0
BRDA:19,1,1,0
BRDA:21,2,0,0
BRDA:21,2,1,0
BRDA:32,3,0,0
BRDA:32,3,1,0
BRDA:46,4,0,0
BRDA:46,4,1,0
BRDA:48,5,0,0
BRDA:48,5,1,0
BRDA:67,6,0,0
BRDA:67,6,1,0
BRDA:69,7,0,0
BRDA:69,7,1,0
BRF:16
BRH:0
end_of_record
TN:
SF:src/services/scrobbleService.ts
FN:37,initScrobbleService
FN:48,(anonymous_1)
FN:59,sendNowPlaying
FN:73,addCompletedScrobble
FN:92,processScrobbles
FN:104,(anonymous_5)
FNF:6
FNH:4
FNDA:0,initScrobbleService
FNDA:0,(anonymous_1)
FNDA:6,sendNowPlaying
FNDA:22,addCompletedScrobble
FNDA:14,processScrobbles
FNDA:2,(anonymous_5)
DA:20,2
DA:21,2
DA:22,2
DA:24,2
DA:38,0
DA:39,0
DA:42,0
DA:45,0
DA:48,0
DA:49,0
DA:50,0
DA:60,6
DA:61,6
DA:62,4
DA:63,4
DA:74,22
DA:75,14
DA:76,14
DA:93,14
DA:94,14
DA:96,14
DA:97,14
DA:98,14
DA:102,8
DA:103,8
DA:104,2
DA:106,8
DA:108,8
DA:110,10
DA:111,2
DA:112,2
DA:115,8
DA:117,8
DA:118,8
DA:119,4
DA:122,4
DA:123,4
DA:124,2
DA:127,2
DA:131,6
DA:132,6
DA:133,6
DA:134,6
DA:144,8
DA:145,6
DA:148,14
LF:46
LH:39
BRDA:38,0,0,0
BRDA:38,0,1,0
BRDA:49,1,0,0
BRDA:49,1,1,0
BRDA:49,2,0,0
BRDA:49,2,1,0
BRDA:61,3,0,2
BRDA:61,3,1,4
BRDA:74,4,0,8
BRDA:74,4,1,14
BRDA:74,5,0,22
BRDA:74,5,1,16
BRDA:93,6,0,0
BRDA:93,6,1,14
BRDA:98,7,0,6
BRDA:98,7,1,8
BRDA:110,8,0,2
BRDA:110,8,1,8
BRDA:131,9,0,6
BRDA:131,9,1,0
BRDA:144,10,0,6
BRDA:144,10,1,2
BRF:22
BRH:14
end_of_record
TN:
SF:src/services/sslTrustService.ts
FN:18,initSslTrustStore
FN:23,(anonymous_1)
FN:29,(anonymous_2)
FN:38,syncToNative
FN:52,trustCertificateForHost
FN:65,removeTrustForHost
FNF:6
FNH:0
FNDA:0,initSslTrustStore
FNDA:0,(anonymous_1)
FNDA:0,(anonymous_2)
FNDA:0,syncToNative
FNDA:0,trustCertificateForHost
FNDA:0,removeTrustForHost
DA:8,0
DA:19,0
DA:20,0
DA:23,0
DA:24,0
DA:29,0
DA:30,0
DA:39,0
DA:40,0
DA:41,0
DA:42,0
DA:44,0
DA:57,0
DA:59,0
DA:66,0
DA:67,0
LF:16
LH:0
BRDA:19,0,0,0
BRDA:19,0,1,0
BRF:2
BRH:0
end_of_record
TN:
SF:src/services/storageService.ts
FN:18,getFreeDiskSpace
FN:22,getTotalDiskSpace
FN:32,getCurrentCacheUsage
FN:42,getEffectiveBudget
FN:59,getStorageBreakdown
FN:85,checkStorageLimit
FNF:6
FNH:6
FNDA:10,getFreeDiskSpace
FNDA:10,getTotalDiskSpace
FNDA:16,getCurrentCacheUsage
FNDA:24,getEffectiveBudget
FNDA:10,getStorageBreakdown
FNDA:8,checkStorageLimit
DA:16,2
DA:19,10
DA:23,10
DA:33,16
DA:34,16
DA:35,16
DA:43,24
DA:44,24
DA:45,14
DA:47,10
DA:60,10
DA:61,10
DA:62,10
DA:63,10
DA:65,10
DA:69,10
DA:86,8
DA:87,8
DA:88,2
DA:89,2
DA:92,6
DA:93,6
DA:94,6
DA:95,6
LF:24
LH:24
BRDA:19,0,0,10
BRDA:19,0,1,0
BRDA:23,1,0,10
BRDA:23,1,1,0
BRDA:44,2,0,14
BRDA:44,2,1,10
BRDA:44,3,0,24
BRDA:44,3,1,16
BRDA:65,4,0,6
BRDA:65,4,1,4
BRDA:87,5,0,2
BRDA:87,5,1,6
BRF:12
BRH:10
end_of_record
TN:
SF:src/services/subsonicService.ts
FN:21,(anonymous_0)
FN:30,normalizeServerUrl
FN:47,login
FN:81,getApi
FN:101,clearApiCache
FN:111,ensureCoverArtAuth
FN:118,(anonymous_6)
FN:138,stripCoverArtSuffix
FN:146,getCoverArtUrl
FN:168,getStreamUrl
FN:212,getDownloadStreamUrl
FN:239,getRecentlyAddedAlbums
FN:246,getRecentlyPlayedAlbums
FN:253,getFrequentlyPlayedAlbums
FN:260,getRandomAlbums
FN:267,getAlbum
FN:282,searchAllAlbums
FN:297,getAlbumListAlphabetical
FN:315,getAllAlbumsAlphabetical
FN:333,getAllArtists
FN:338,(anonymous_20)
FN:344,getArtist
FN:355,getArtistInfo2
FN:371,getTopSongs
FN:386,getSimilarSongs
FN:401,getSimilarSongs2
FN:415,getAllPlaylists
FN:425,getPlaylist
FN:435,deletePlaylist
FN:451,updatePlaylistOrder
FN:469,createNewPlaylist
FN:486,addToPlaylist
FN:503,removeFromPlaylist
FN:517,fetchServerInfo
FN:540,(anonymous_34)
FN:567,getStarred2
FN:587,search3
FN:615,starAlbum
FN:624,unstarAlbum
FN:633,starArtist
FN:642,unstarArtist
FN:651,starSong
FN:660,unstarSong
FN:670,setRating
FN:690,getScanStatus
FN:710,startScan
FN:730,getShares
FN:741,createShare
FN:765,createShareMultiple
FN:780,(anonymous_49)
FN:799,(anonymous_50)
FN:813,updateShare
FN:831,deleteShare
FNF:53
FNH:10
FNDA:0,(anonymous_0)
FNDA:80,normalizeServerUrl
FNDA:16,login
FNDA:16,getApi
FNDA:80,clearApiCache
FNDA:32,ensureCoverArtAuth
FNDA:416,(anonymous_6)
FNDA:22,stripCoverArtSuffix
FNDA:12,getCoverArtUrl
FNDA:12,getStreamUrl
FNDA:10,getDownloadStreamUrl
FNDA:0,getRecentlyAddedAlbums
FNDA:0,getRecentlyPlayedAlbums
FNDA:0,getFrequentlyPlayedAlbums
FNDA:0,getRandomAlbums
FNDA:0,getAlbum
FNDA:0,searchAllAlbums
FNDA:0,getAlbumListAlphabetical
FNDA:0,getAllAlbumsAlphabetical
FNDA:0,getAllArtists
FNDA:0,(anonymous_20)
FNDA:0,getArtist
FNDA:0,getArtistInfo2
FNDA:0,getTopSongs
FNDA:0,getSimilarSongs
FNDA:0,getSimilarSongs2
FNDA:0,getAllPlaylists
FNDA:0,getPlaylist
FNDA:0,deletePlaylist
FNDA:0,updatePlaylistOrder
FNDA:0,createNewPlaylist
FNDA:0,addToPlaylist
FNDA:0,removeFromPlaylist
FNDA:0,fetchServerInfo
FNDA:0,(anonymous_34)
FNDA:0,getStarred2
FNDA:0,search3
FNDA:0,starAlbum
FNDA:0,unstarAlbum
FNDA:0,starArtist
FNDA:0,unstarArtist
FNDA:0,starSong
FNDA:0,unstarSong
FNDA:0,setRating
FNDA:0,getScanStatus
FNDA:0,startScan
FNDA:0,getShares
FNDA:0,createShare
FNDA:0,createShareMultiple
FNDA:0,(anonymous_49)
FNDA:0,(anonymous_50)
FNDA:0,updateShare
FNDA:0,deleteShare
DA:20,2
DA:22,0
DA:23,0
DA:28,2
DA:31,80
DA:32,80
DA:33,4
DA:35,80
DA:38,2
DA:39,2
DA:41,2
DA:42,2
DA:43,2
DA:52,16
DA:53,16
DA:60,16
DA:61,16
DA:63,12
DA:64,6
DA:66,6
DA:67,6
DA:71,6
DA:74,6
DA:76,4
DA:77,4
DA:82,16
DA:83,14
DA:84,14
DA:85,4
DA:87,10
DA:88,10
DA:89,2
DA:91,8
DA:97,8
DA:98,8
DA:102,80
DA:103,80
DA:104,80
DA:105,80
DA:106,80
DA:112,32
DA:113,32
DA:114,26
DA:115,26
DA:116,26
DA:117,26
DA:118,416
DA:120,26
DA:125,26
DA:126,26
DA:127,26
DA:136,2
DA:139,22
DA:140,22
DA:141,10
DA:142,10
DA:143,8
DA:147,12
DA:148,12
DA:149,8
DA:150,6
DA:151,6
DA:159,6
DA:160,6
DA:172,12
DA:173,12
DA:174,8
DA:175,8
DA:176,8
DA:187,8
DA:188,8
DA:189,2
DA:191,8
DA:192,2
DA:194,8
DA:195,2
DA:199,8
DA:200,2
DA:203,8
DA:213,10
DA:214,10
DA:215,6
DA:216,6
DA:217,6
DA:228,6
DA:229,6
DA:230,2
DA:232,6
DA:233,2
DA:236,6
DA:240,0
DA:241,0
DA:242,0
DA:243,0
DA:247,0
DA:248,0
DA:249,0
DA:250,0
DA:254,0
DA:255,0
DA:256,0
DA:257,0
DA:261,0
DA:262,0
DA:263,0
DA:264,0
DA:268,0
DA:269,0
DA:270,0
DA:271,0
DA:272,0
DA:274,0
DA:283,0
DA:284,0
DA:285,0
DA:291,0
DA:301,0
DA:302,0
DA:303,0
DA:308,0
DA:316,0
DA:317,0
DA:318,0
DA:320,0
DA:321,0
DA:322,0
DA:323,0
DA:324,0
DA:326,0
DA:334,0
DA:335,0
DA:336,0
DA:337,0
DA:338,0
DA:345,0
DA:346,0
DA:347,0
DA:348,0
DA:356,0
DA:357,0
DA:358,0
DA:359,0
DA:360,0
DA:363,0
DA:372,0
DA:373,0
DA:374,0
DA:375,0
DA:376,0
DA:378,0
DA:387,0
DA:388,0
DA:389,0
DA:390,0
DA:391,0
DA:393,0
DA:402,0
DA:403,0
DA:404,0
DA:405,0
DA:406,0
DA:408,0
DA:416,0
DA:417,0
DA:418,0
DA:419,0
DA:426,0
DA:427,0
DA:428,0
DA:429,0
DA:436,0
DA:437,0
DA:438,0
DA:439,0
DA:440,0
DA:442,0
DA:456,0
DA:457,0
DA:458,0
DA:459,0
DA:460,0
DA:462,0
DA:473,0
DA:474,0
DA:475,0
DA:476,0
DA:477,0
DA:479,0
DA:490,0
DA:491,0
DA:492,0
DA:493,0
DA:494,0
DA:496,0
DA:507,0
DA:508,0
DA:509,0
DA:510,0
DA:511,0
DA:513,0
DA:518,0
DA:519,0
DA:521,0
DA:522,0
DA:523,0
DA:525,0
DA:526,0
DA:529,0
DA:531,0
DA:535,0
DA:536,0
DA:537,0
DA:538,0
DA:539,0
DA:540,0
DA:550,0
DA:559,0
DA:572,0
DA:573,0
DA:574,0
DA:575,0
DA:576,0
DA:592,0
DA:593,0
DA:594,0
DA:600,0
DA:601,0
DA:616,0
DA:617,0
DA:618,0
DA:625,0
DA:626,0
DA:627,0
DA:634,0
DA:635,0
DA:636,0
DA:643,0
DA:644,0
DA:645,0
DA:652,0
DA:653,0
DA:654,0
DA:661,0
DA:662,0
DA:663,0
DA:671,0
DA:672,0
DA:673,0
DA:691,0
DA:692,0
DA:693,0
DA:694,0
DA:695,0
DA:702,0
DA:711,0
DA:712,0
DA:713,0
DA:714,0
DA:715,0
DA:722,0
DA:731,0
DA:732,0
DA:733,0
DA:734,0
DA:735,0
DA:737,0
DA:746,0
DA:747,0
DA:748,0
DA:749,0
DA:750,0
DA:751,0
DA:752,0
DA:753,0
DA:754,0
DA:756,0
DA:770,0
DA:771,0
DA:773,0
DA:774,0
DA:776,0
DA:777,0
DA:778,0
DA:779,0
DA:780,0
DA:782,0
DA:788,0
DA:796,0
DA:797,0
DA:799,0
DA:800,0
DA:802,0
DA:803,0
DA:804,0
DA:805,0
DA:806,0
DA:807,0
DA:809,0
DA:818,0
DA:819,0
DA:820,0
DA:821,0
DA:822,0
DA:823,0
DA:824,0
DA:825,0
DA:827,0
DA:832,0
DA:833,0
DA:834,0
DA:835,0
DA:836,0
DA:838,0
LF:313
LH:88
BRDA:32,0,0,4
BRDA:32,0,1,76
BRDA:32,1,0,80
BRDA:32,1,1,80
BRDA:63,2,0,6
BRDA:63,2,1,6
BRDA:66,3,0,6
BRDA:66,3,1,4
BRDA:66,4,0,2
BRDA:66,4,1,2
BRDA:71,5,0,2
BRDA:71,5,1,4
BRDA:71,6,0,6
BRDA:71,6,1,2
BRDA:74,7,0,6
BRDA:74,7,1,0
BRDA:76,8,0,2
BRDA:76,8,1,2
BRDA:82,9,0,2
BRDA:82,9,1,14
BRDA:84,10,0,4
BRDA:84,10,1,10
BRDA:84,11,0,14
BRDA:84,11,1,12
BRDA:84,11,2,10
BRDA:84,11,3,10
BRDA:88,12,0,2
BRDA:88,12,1,8
BRDA:88,13,0,10
BRDA:88,13,1,2
BRDA:113,14,0,6
BRDA:113,14,1,26
BRDA:113,15,0,32
BRDA:113,15,1,26
BRDA:113,15,2,26
BRDA:113,15,3,26
BRDA:115,16,0,0
BRDA:115,16,1,26
BRDA:115,17,0,26
BRDA:115,17,1,0
BRDA:115,17,2,0
BRDA:140,18,0,12
BRDA:140,18,1,10
BRDA:142,19,0,2
BRDA:142,19,1,8
BRDA:148,20,0,4
BRDA:148,20,1,8
BRDA:148,21,0,12
BRDA:148,21,1,10
BRDA:148,21,2,8
BRDA:148,21,3,8
BRDA:149,22,0,2
BRDA:149,22,1,6
BRDA:149,23,0,8
BRDA:149,23,1,6
BRDA:149,23,2,6
BRDA:159,24,0,2
BRDA:159,24,1,4
BRDA:159,25,0,6
BRDA:159,25,1,2
BRDA:173,26,0,4
BRDA:173,26,1,8
BRDA:173,27,0,12
BRDA:173,27,1,10
BRDA:173,27,2,8
BRDA:173,27,3,8
BRDA:174,28,0,0
BRDA:174,28,1,8
BRDA:174,29,0,8
BRDA:174,29,1,8
BRDA:174,29,2,8
BRDA:188,30,0,2
BRDA:188,30,1,6
BRDA:191,31,0,2
BRDA:191,31,1,6
BRDA:194,32,0,2
BRDA:194,32,1,6
BRDA:199,33,0,2
BRDA:199,33,1,6
BRDA:199,34,0,8
BRDA:199,34,1,4
BRDA:214,35,0,4
BRDA:214,35,1,6
BRDA:214,36,0,10
BRDA:214,36,1,8
BRDA:214,36,2,6
BRDA:214,36,3,6
BRDA:215,37,0,0
BRDA:215,37,1,6
BRDA:215,38,0,6
BRDA:215,38,1,6
BRDA:215,38,2,6
BRDA:229,39,0,2
BRDA:229,39,1,4
BRDA:232,40,0,2
BRDA:232,40,1,4
BRDA:241,41,0,0
BRDA:241,41,1,0
BRDA:242,42,0,0
BRDA:242,42,1,0
BRDA:243,43,0,0
BRDA:243,43,1,0
BRDA:248,44,0,0
BRDA:248,44,1,0
BRDA:249,45,0,0
BRDA:249,45,1,0
BRDA:250,46,0,0
BRDA:250,46,1,0
BRDA:255,47,0,0
BRDA:255,47,1,0
BRDA:256,48,0,0
BRDA:256,48,1,0
BRDA:257,49,0,0
BRDA:257,49,1,0
BRDA:262,50,0,0
BRDA:262,50,1,0
BRDA:263,51,0,0
BRDA:263,51,1,0
BRDA:264,52,0,0
BRDA:264,52,1,0
BRDA:269,53,0,0
BRDA:269,53,1,0
BRDA:272,54,0,0
BRDA:272,54,1,0
BRDA:284,55,0,0
BRDA:284,55,1,0
BRDA:291,56,0,0
BRDA:291,56,1,0
BRDA:302,57,0,0
BRDA:302,57,1,0
BRDA:308,58,0,0
BRDA:308,58,1,0
BRDA:323,59,0,0
BRDA:323,59,1,0
BRDA:335,60,0,0
BRDA:335,60,1,0
BRDA:337,61,0,0
BRDA:337,61,1,0
BRDA:338,62,0,0
BRDA:338,62,1,0
BRDA:346,63,0,0
BRDA:346,63,1,0
BRDA:348,64,0,0
BRDA:348,64,1,0
BRDA:357,65,0,0
BRDA:357,65,1,0
BRDA:360,66,0,0
BRDA:360,66,1,0
BRDA:371,67,0,0
BRDA:373,68,0,0
BRDA:373,68,1,0
BRDA:376,69,0,0
BRDA:376,69,1,0
BRDA:386,70,0,0
BRDA:388,71,0,0
BRDA:388,71,1,0
BRDA:391,72,0,0
BRDA:391,72,1,0
BRDA:401,73,0,0
BRDA:403,74,0,0
BRDA:403,74,1,0
BRDA:406,75,0,0
BRDA:406,75,1,0
BRDA:417,76,0,0
BRDA:417,76,1,0
BRDA:419,77,0,0
BRDA:419,77,1,0
BRDA:427,78,0,0
BRDA:427,78,1,0
BRDA:429,79,0,0
BRDA:429,79,1,0
BRDA:437,80,0,0
BRDA:437,80,1,0
BRDA:457,81,0,0
BRDA:457,81,1,0
BRDA:474,82,0,0
BRDA:474,82,1,0
BRDA:491,83,0,0
BRDA:491,83,1,0
BRDA:508,84,0,0
BRDA:508,84,1,0
BRDA:519,85,0,0
BRDA:519,85,1,0
BRDA:523,86,0,0
BRDA:523,86,1,0
BRDA:525,87,0,0
BRDA:525,87,1,0
BRDA:527,88,0,0
BRDA:527,88,1,0
BRDA:529,89,0,0
BRDA:529,89,1,0
BRDA:529,90,0,0
BRDA:529,90,1,0
BRDA:531,91,0,0
BRDA:531,91,1,0
BRDA:531,92,0,0
BRDA:531,92,1,0
BRDA:536,93,0,0
BRDA:536,93,1,0
BRDA:539,94,0,0
BRDA:539,94,1,0
BRDA:539,95,0,0
BRDA:539,95,1,0
BRDA:542,96,0,0
BRDA:542,96,1,0
BRDA:573,97,0,0
BRDA:573,97,1,0
BRDA:577,98,0,0
BRDA:577,98,1,0
BRDA:578,99,0,0
BRDA:578,99,1,0
BRDA:579,100,0,0
BRDA:579,100,1,0
BRDA:593,101,0,0
BRDA:593,101,1,0
BRDA:593,102,0,0
BRDA:593,102,1,0
BRDA:602,103,0,0
BRDA:602,103,1,0
BRDA:603,104,0,0
BRDA:603,104,1,0
BRDA:604,105,0,0
BRDA:604,105,1,0
BRDA:617,106,0,0
BRDA:617,106,1,0
BRDA:626,107,0,0
BRDA:626,107,1,0
BRDA:635,108,0,0
BRDA:635,108,1,0
BRDA:644,109,0,0
BRDA:644,109,1,0
BRDA:653,110,0,0
BRDA:653,110,1,0
BRDA:662,111,0,0
BRDA:662,111,1,0
BRDA:672,112,0,0
BRDA:672,112,1,0
BRDA:692,113,0,0
BRDA:692,113,1,0
BRDA:697,114,0,0
BRDA:697,114,1,0
BRDA:698,115,0,0
BRDA:698,115,1,0
BRDA:699,116,0,0
BRDA:699,116,1,0
BRDA:712,117,0,0
BRDA:712,117,1,0
BRDA:714,118,0,0
BRDA:714,118,1,0
BRDA:717,119,0,0
BRDA:717,119,1,0
BRDA:732,120,0,0
BRDA:732,120,1,0
BRDA:735,121,0,0
BRDA:735,121,1,0
BRDA:747,122,0,0
BRDA:747,122,1,0
BRDA:750,123,0,0
BRDA:750,123,1,0
BRDA:751,124,0,0
BRDA:751,124,1,0
BRDA:753,125,0,0
BRDA:753,125,1,0
BRDA:754,126,0,0
BRDA:754,126,1,0
BRDA:770,127,0,0
BRDA:770,127,1,0
BRDA:771,128,0,0
BRDA:771,128,1,0
BRDA:774,129,0,0
BRDA:774,129,1,0
BRDA:774,130,0,0
BRDA:774,130,1,0
BRDA:774,130,2,0
BRDA:774,130,3,0
BRDA:796,131,0,0
BRDA:796,131,1,0
BRDA:797,132,0,0
BRDA:797,132,1,0
BRDA:805,133,0,0
BRDA:805,133,1,0
BRDA:806,134,0,0
BRDA:806,134,1,0
BRDA:807,135,0,0
BRDA:807,135,1,0
BRDA:819,136,0,0
BRDA:819,136,1,0
BRDA:822,137,0,0
BRDA:822,137,1,0
BRDA:823,138,0,0
BRDA:823,138,1,0
BRDA:833,139,0,0
BRDA:833,139,1,0
BRF:293
BRH:90
end_of_record
TN:
SF:src/store/addToPlaylistStore.ts
FN:20,(anonymous_0)
FN:24,(anonymous_1)
FN:25,(anonymous_2)
FN:26,(anonymous_3)
FN:27,(anonymous_4)
FNF:5
FNH:0
FNDA:0,(anonymous_0)
FNDA:0,(anonymous_1)
FNDA:0,(anonymous_2)
FNDA:0,(anonymous_3)
FNDA:0,(anonymous_4)
DA:20,0
DA:24,0
DA:25,0
DA:26,0
DA:27,0
LF:5
LH:0
BRF:0
BRH:0
end_of_record
TN:
SF:src/store/albumDetailStore.ts
FN:31,(anonymous_0)
FN:34,(anonymous_1)
FN:48,(anonymous_2)
FN:52,(anonymous_3)
FN:53,(anonymous_4)
FNF:5
FNH:0
FNDA:0,(anonymous_0)
FNDA:0,(anonymous_1)
FNDA:0,(anonymous_2)
FNDA:0,(anonymous_3)
FNDA:0,(anonymous_4)
DA:27,0
DA:29,0
DA:31,0
DA:35,0
DA:36,0
DA:37,0
DA:38,0
DA:45,0
DA:48,0
DA:52,0
DA:53,0
LF:11
LH:0
BRDA:37,0,0,0
BRDA:37,0,1,0
BRF:2
BRH:0
end_of_record
TN:
SF:src/store/albumLibraryStore.ts
FN:40,(anonymous_0)
FN:46,(anonymous_1)
FN:65,(anonymous_2)
FN:84,(anonymous_3)
FN:89,(anonymous_4)
FN:97,(anonymous_5)
FN:107,(anonymous_6)
FN:108,(anonymous_7)
FN:117,(anonymous_8)
FNF:9
FNH:0
FNDA:0,(anonymous_0)
FNDA:0,(anonymous_1)
FNDA:0,(anonymous_2)
FNDA:0,(anonymous_3)
FNDA:0,(anonymous_4)
FNDA:0,(anonymous_5)
FNDA:0,(anonymous_6)
FNDA:0,(anonymous_7)
FNDA:0,(anonymous_8)
DA:36,0
DA:38,0
DA:40,0
DA:48,0
DA:50,0
DA:51,0
DA:52,0
DA:55,0
DA:58,0
DA:59,0
DA:63,0
DA:64,0
DA:65,0
DA:66,0
DA:71,0
DA:77,0
DA:85,0
DA:86,0
DA:87,0
DA:88,0
DA:89,0
DA:90,0
DA:94,0
DA:98,0
DA:107,0
DA:108,0
DA:117,0
DA:118,0
DA:119,0
LF:29
LH:0
BRDA:48,0,0,0
BRDA:48,0,1,0
BRDA:58,1,0,0
BRDA:58,1,1,0
BRDA:64,2,0,0
BRDA:64,2,1,0
BRDA:66,3,0,0
BRDA:66,3,1,0
BRDA:66,4,0,0
BRDA:66,4,1,0
BRDA:79,5,0,0
BRDA:79,5,1,0
BRDA:86,6,0,0
BRDA:86,6,1,0
BRDA:88,7,0,0
BRDA:88,7,1,0
BRDA:90,8,0,0
BRDA:90,8,1,0
BRDA:90,9,0,0
BRDA:90,9,1,0
BRDA:118,10,0,0
BRDA:118,10,1,0
BRF:22
BRH:0
end_of_record
TN:
SF:src/store/albumListsStore.ts
FN:43,(anonymous_0)
FN:49,(anonymous_1)
FN:50,(anonymous_2)
FN:51,(anonymous_3)
FN:52,(anonymous_4)
FN:54,(anonymous_5)
FN:64,(anonymous_6)
FN:74,(anonymous_7)
FN:84,(anonymous_8)
FN:94,(anonymous_9)
FN:117,(anonymous_10)
FN:118,(anonymous_11)
FNF:12
FNH:0
FNDA:0,(anonymous_0)
FNDA:0,(anonymous_1)
FNDA:0,(anonymous_2)
FNDA:0,(anonymous_3)
FNDA:0,(anonymous_4)
FNDA:0,(anonymous_5)
FNDA:0,(anonymous_6)
FNDA:0,(anonymous_7)
FNDA:0,(anonymous_8)
FNDA:0,(anonymous_9)
FNDA:0,(anonymous_10)
FNDA:0,(anonymous_11)
DA:15,0
DA:39,0
DA:41,0
DA:43,0
DA:49,0
DA:50,0
DA:51,0
DA:52,0
DA:55,0
DA:56,0
DA:57,0
DA:58,0
DA:60,0
DA:65,0
DA:66,0
DA:67,0
DA:68,0
DA:70,0
DA:75,0
DA:76,0
DA:77,0
DA:78,0
DA:80,0
DA:85,0
DA:86,0
DA:87,0
DA:88,0
DA:90,0
DA:95,0
DA:96,0
DA:98,0
DA:104,0
DA:117,0
DA:118,0
LF:34
LH:0
BRF:0
BRH:0
end_of_record
TN:
SF:src/store/artistDetailStore.ts
FN:46,(anonymous_0)
FN:49,(anonymous_1)
FN:111,(anonymous_2)
FN:115,(anonymous_3)
FN:116,(anonymous_4)
FNF:5
FNH:0
FNDA:0,(anonymous_0)
FNDA:0,(anonymous_1)
FNDA:0,(anonymous_2)
FNDA:0,(anonymous_3)
FNDA:0,(anonymous_4)
DA:42,0
DA:44,0
DA:46,0
DA:50,0
DA:52,0
DA:57,0
DA:60,0
DA:61,0
DA:62,0
DA:68,0
DA:69,0
DA:70,0
DA:71,0
DA:72,0
DA:73,0
DA:77,0
DA:78,0
DA:79,0
DA:82,0
DA:83,0
DA:84,0
DA:85,0
DA:92,0
DA:101,0
DA:108,0
DA:111,0
DA:115,0
DA:116,0
LF:28
LH:0
BRDA:57,0,0,0
BRDA:57,0,1,0
BRDA:70,1,0,0
BRDA:70,1,1,0
BRDA:71,2,0,0
BRDA:71,2,1,0
BRDA:71,3,0,0
BRDA:71,3,1,0
BRDA:73,4,0,0
BRDA:73,4,1,0
BRDA:73,4,2,0
BRDA:79,5,0,0
BRDA:79,5,1,0
BRDA:79,5,2,0
BRDA:83,6,0,0
BRDA:83,6,1,0
BRDA:85,7,0,0
BRDA:85,7,1,0
BRF:18
BRH:0
end_of_record
TN:
SF:src/store/artistLibraryStore.ts
FN:32,(anonymous_0)
FN:38,(anonymous_1)
FN:60,(anonymous_2)
FN:70,(anonymous_3)
FN:71,(anonymous_4)
FNF:5
FNH:0
FNDA:0,(anonymous_0)
FNDA:0,(anonymous_1)
FNDA:0,(anonymous_2)
FNDA:0,(anonymous_3)
FNDA:0,(anonymous_4)
DA:28,0
DA:30,0
DA:32,0
DA:40,0
DA:42,0
DA:43,0
DA:44,0
DA:45,0
DA:47,0
DA:53,0
DA:61,0
DA:70,0
DA:71,0
LF:13
LH:0
BRDA:40,0,0,0
BRDA:40,0,1,0
BRDA:55,1,0,0
BRDA:55,1,1,0
BRF:4
BRH:0
end_of_record
TN:
SF:src/store/authStore.ts
FN:29,clearPersistedData
FN:41,(anonymous_1)
FN:49,(anonymous_2)
FN:58,(anonymous_3)
FN:67,(anonymous_4)
FN:71,(anonymous_5)
FN:72,(anonymous_6)
FNF:7
FNH:3
FNDA:0,clearPersistedData
FNDA:2,(anonymous_1)
FNDA:0,(anonymous_2)
FNDA:0,(anonymous_3)
FNDA:0,(anonymous_4)
FNDA:2,(anonymous_5)
FNDA:26,(anonymous_6)
DA:23,2
DA:30,0
DA:31,0
DA:32,0
DA:33,0
DA:35,0
DA:39,2
DA:41,2
DA:50,0
DA:59,0
DA:67,0
DA:71,2
DA:72,26
LF:13
LH:5
BRDA:31,0,0,0
BRDA:31,0,1,0
BRF:2
BRH:0
end_of_record
TN:
SF:src/store/backupStore.ts
FN:18,(anonymous_0)
FN:22,(anonymous_1)
FN:23,(anonymous_2)
FN:27,(anonymous_3)
FN:28,(anonymous_4)
FNF:5
FNH:0
FNDA:0,(anonymous_0)
FNDA:0,(anonymous_1)
FNDA:0,(anonymous_2)
FNDA:0,(anonymous_3)
FNDA:0,(anonymous_4)
DA:14,0
DA:16,0
DA:18,0
DA:22,0
DA:23,0
DA:27,0
DA:28,0
LF:7
LH:0
BRF:0
BRH:0
end_of_record
TN:
SF:src/store/completedScrobbleStore.ts
FN:37,buildStats
FN:51,(anonymous_1)
FN:55,(anonymous_2)
FN:56,(anonymous_3)
FN:61,(anonymous_4)
FN:83,(anonymous_5)
FN:90,(anonymous_6)
FN:91,(anonymous_7)
FN:95,(anonymous_8)
FN:95,(anonymous_9)
FN:100,(anonymous_10)
FNF:11
FNH:11
FNDA:12,buildStats
FNDA:4,(anonymous_1)
FNDA:66,(anonymous_2)
FNDA:66,(anonymous_3)
FNDA:118,(anonymous_4)
FNDA:12,(anonymous_5)
FNDA:4,(anonymous_6)
FNDA:152,(anonymous_7)
FNDA:12,(anonymous_8)
FNDA:12,(anonymous_9)
FNDA:18,(anonymous_10)
DA:23,4
DA:38,12
DA:39,12
DA:40,12
DA:41,24
DA:42,24
DA:44,12
DA:47,4
DA:49,4
DA:51,4
DA:56,66
DA:57,66
DA:61,118
DA:63,10
DA:66,56
DA:68,56
DA:72,56
DA:84,12
DA:85,12
DA:90,4
DA:91,152
DA:95,12
DA:96,12
DA:98,12
DA:99,12
DA:100,12
DA:101,18
DA:102,10
DA:103,10
DA:105,12
DA:106,4
DA:107,4
DA:110,8
DA:114,2
LF:34
LH:34
BRDA:41,0,0,24
BRDA:41,0,1,0
BRDA:42,1,0,24
BRDA:42,1,1,0
BRDA:57,2,0,10
BRDA:57,2,1,56
BRDA:58,3,0,66
BRDA:58,3,1,64
BRDA:58,3,2,60
BRDA:58,3,3,58
BRDA:68,4,0,34
BRDA:68,4,1,22
BRDA:68,5,0,56
BRDA:68,5,1,54
BRDA:77,6,0,56
BRDA:77,6,1,10
BRDA:96,7,0,0
BRDA:96,7,1,12
BRDA:101,8,0,8
BRDA:101,8,1,10
BRDA:101,9,0,18
BRDA:101,9,1,16
BRDA:101,9,2,14
BRDA:101,9,3,12
BRDA:105,10,0,4
BRDA:105,10,1,8
BRDA:110,11,0,2
BRDA:110,11,1,6
BRDA:111,12,0,8
BRDA:111,12,1,6
BRF:30
BRH:27
end_of_record
TN:
SF:src/store/connectivityStore.ts
FN:17,(anonymous_0)
FN:23,(anonymous_1)
FN:24,(anonymous_2)
FN:25,(anonymous_3)
FN:26,(anonymous_4)
FNF:5
FNH:0
FNDA:0,(anonymous_0)
FNDA:0,(anonymous_1)
FNDA:0,(anonymous_2)
FNDA:0,(anonymous_3)
FNDA:0,(anonymous_4)
DA:17,0
DA:23,0
DA:24,0
DA:25,0
DA:26,0
LF:5
LH:0
BRF:0
BRH:0
end_of_record
TN:
SF:src/store/createShareStore.ts
FN:18,(anonymous_0)
FN:25,(anonymous_1)
FN:34,(anonymous_2)
FN:43,(anonymous_3)
FN:52,(anonymous_4)
FNF:5
FNH:0
FNDA:0,(anonymous_0)
FNDA:0,(anonymous_1)
FNDA:0,(anonymous_2)
FNDA:0,(anonymous_3)
FNDA:0,(anonymous_4)
DA:18,0
DA:26,0
DA:35,0
DA:44,0
DA:53,0
LF:5
LH:0
BRF:0
BRH:0
end_of_record
TN:
SF:src/store/editShareStore.ts
FN:13,(anonymous_0)
FN:17,(anonymous_1)
FN:18,(anonymous_2)
FNF:3
FNH:0
FNDA:0,(anonymous_0)
FNDA:0,(anonymous_1)
FNDA:0,(anonymous_2)
DA:13,0
DA:17,0
DA:18,0
LF:3
LH:0
BRF:0
BRH:0
end_of_record
TN:
SF:src/store/favoritesStore.ts
FN:47,(anonymous_0)
FN:56,(anonymous_1)
FN:81,(anonymous_2)
FN:82,(anonymous_3)
FN:84,(anonymous_4)
FN:97,(anonymous_5)
FN:98,(anonymous_6)
FNF:7
FNH:7
FNDA:2,(anonymous_0)
FNDA:16,(anonymous_1)
FNDA:14,(anonymous_2)
FNDA:14,(anonymous_3)
FNDA:18,(anonymous_4)
FNDA:2,(anonymous_5)
FNDA:60,(anonymous_6)
DA:43,2
DA:45,2
DA:47,2
DA:58,16
DA:60,14
DA:61,14
DA:62,14
DA:63,14
DA:65,8
DA:74,6
DA:82,14
DA:85,18
DA:97,2
DA:98,60
LF:14
LH:14
BRDA:58,0,0,2
BRDA:58,0,1,14
BRDA:76,1,0,4
BRDA:76,1,1,2
BRF:4
BRH:4
end_of_record
TN:
SF:src/store/filterBarStore.ts
FN:35,(anonymous_0)
FN:38,(anonymous_1)
FN:38,(anonymous_2)
FN:39,(anonymous_3)
FN:39,(anonymous_4)
FN:40,(anonymous_5)
FN:47,(anonymous_6)
FN:48,(anonymous_7)
FN:49,(anonymous_8)
FN:50,(anonymous_9)
FNF:10
FNH:1
FNDA:2,(anonymous_0)
FNDA:0,(anonymous_1)
FNDA:0,(anonymous_2)
FNDA:0,(anonymous_3)
FNDA:0,(anonymous_4)
FNDA:0,(anonymous_5)
FNDA:0,(anonymous_6)
FNDA:0,(anonymous_7)
FNDA:0,(anonymous_8)
FNDA:0,(anonymous_9)
DA:35,2
DA:38,0
DA:39,0
DA:40,0
DA:47,0
DA:48,0
DA:49,0
DA:50,0
LF:8
LH:1
BRF:0
BRH:0
end_of_record
TN:
SF:src/store/imageCacheStore.ts
FN:31,getImageCount
FN:39,(anonymous_1)
FN:44,(anonymous_2)
FN:45,(anonymous_3)
FN:50,(anonymous_4)
FN:51,(anonymous_5)
FN:56,(anonymous_6)
FN:58,(anonymous_7)
FN:65,(anonymous_8)
FN:69,(anonymous_9)
FN:70,(anonymous_10)
FNF:11
FNH:11
FNDA:12,getImageCount
FNDA:4,(anonymous_1)
FNDA:4,(anonymous_2)
FNDA:4,(anonymous_3)
FNDA:4,(anonymous_4)
FNDA:4,(anonymous_5)
FNDA:20,(anonymous_6)
FNDA:2,(anonymous_7)
FNDA:4,(anonymous_8)
FNDA:4,(anonymous_9)
FNDA:70,(anonymous_10)
DA:7,4
DA:32,12
DA:35,4
DA:37,4
DA:39,4
DA:45,4
DA:51,4
DA:56,20
DA:59,2
DA:65,4
DA:69,4
DA:70,70
LF:12
LH:12
BRF:0
BRH:0
end_of_record
TN:
SF:src/store/layoutPreferencesStore.ts
FN:36,(anonymous_0)
FN:46,(anonymous_1)
FN:47,(anonymous_2)
FN:48,(anonymous_3)
FN:49,(anonymous_4)
FN:50,(anonymous_5)
FN:51,(anonymous_6)
FN:52,(anonymous_7)
FN:53,(anonymous_8)
FN:55,(anonymous_9)
FN:59,(anonymous_10)
FN:60,(anonymous_11)
FNF:12
FNH:0
FNDA:0,(anonymous_0)
FNDA:0,(anonymous_1)
FNDA:0,(anonymous_2)
FNDA:0,(anonymous_3)
FNDA:0,(anonymous_4)
FNDA:0,(anonymous_5)
FNDA:0,(anonymous_6)
FNDA:0,(anonymous_7)
FNDA:0,(anonymous_8)
FNDA:0,(anonymous_9)
FNDA:0,(anonymous_10)
FNDA:0,(anonymous_11)
DA:32,0
DA:34,0
DA:36,0
DA:46,0
DA:47,0
DA:48,0
DA:49,0
DA:50,0
DA:51,0
DA:52,0
DA:54,0
DA:55,0
DA:59,0
DA:60,0
LF:14
LH:0
BRF:0
BRH:0
end_of_record
TN:
SF:src/store/mbidOverrideStore.ts
FN:24,(anonymous_0)
FN:27,(anonymous_1)
FN:28,(anonymous_2)
FN:35,(anonymous_3)
FN:36,(anonymous_4)
FN:41,(anonymous_5)
FN:45,(anonymous_6)
FN:46,(anonymous_7)
FNF:8
FNH:0
FNDA:0,(anonymous_0)
FNDA:0,(anonymous_1)
FNDA:0,(anonymous_2)
FNDA:0,(anonymous_3)
FNDA:0,(anonymous_4)
FNDA:0,(anonymous_5)
FNDA:0,(anonymous_6)
FNDA:0,(anonymous_7)
DA:20,0
DA:22,0
DA:24,0
DA:28,0
DA:36,0
DA:37,0
DA:38,0
DA:41,0
DA:45,0
DA:46,0
LF:10
LH:0
BRF:0
BRH:0
end_of_record
TN:
SF:src/store/mbidSearchStore.ts
FN:14,(anonymous_0)
FN:20,(anonymous_1)
FN:22,(anonymous_2)
FNF:3
FNH:0
FNDA:0,(anonymous_0)
FNDA:0,(anonymous_1)
FNDA:0,(anonymous_2)
DA:14,0
DA:21,0
DA:23,0
LF:3
LH:0
BRF:0
BRH:0
end_of_record
TN:
SF:src/store/migrationStore.ts
FN:18,(anonymous_0)
FN:20,(anonymous_1)
FNF:2
FNH:0
FNDA:0,(anonymous_0)
FNDA:0,(anonymous_1)
DA:18,0
DA:20,0
LF:2
LH:0
BRF:0
BRH:0
end_of_record
TN:
SF:src/store/moreOptionsStore.ts
FN:38,(anonymous_0)
FN:43,(anonymous_1)
FN:45,(anonymous_2)
FNF:3
FNH:0
FNDA:0,(anonymous_0)
FNDA:0,(anonymous_1)
FNDA:0,(anonymous_2)
DA:38,0
DA:43,0
DA:45,0
LF:3
LH:0
BRDA:43,0,0,0
BRF:1
BRH:0
end_of_record
TN:
SF:src/store/musicCacheStore.ts
FN:107,(anonymous_0)
FN:114,(anonymous_1)
FN:115,(anonymous_2)
FN:117,(anonymous_3)
FN:131,(anonymous_4)
FN:132,(anonymous_5)
FN:133,(anonymous_6)
FN:136,(anonymous_7)
FN:137,(anonymous_8)
FN:151,(anonymous_9)
FN:152,(anonymous_10)
FN:153,(anonymous_11)
FN:160,(anonymous_12)
FN:161,(anonymous_13)
FN:162,(anonymous_14)
FN:166,(anonymous_15)
FN:167,(anonymous_16)
FN:178,(anonymous_17)
FN:179,(anonymous_18)
FN:194,(anonymous_19)
FN:195,(anonymous_20)
FN:211,(anonymous_21)
FN:212,(anonymous_22)
FN:216,(anonymous_23)
FN:231,(anonymous_24)
FN:233,(anonymous_25)
FN:234,(anonymous_26)
FN:236,(anonymous_27)
FN:237,(anonymous_28)
FN:239,(anonymous_29)
FN:242,(anonymous_30)
FN:247,(anonymous_31)
FN:248,(anonymous_32)
FNF:33
FNH:33
FNDA:4,(anonymous_0)
FNDA:38,(anonymous_1)
FNDA:38,(anonymous_2)
FNDA:14,(anonymous_3)
FNDA:4,(anonymous_4)
FNDA:4,(anonymous_5)
FNDA:4,(anonymous_6)
FNDA:8,(anonymous_7)
FNDA:8,(anonymous_8)
FNDA:6,(anonymous_9)
FNDA:6,(anonymous_10)
FNDA:6,(anonymous_11)
FNDA:2,(anonymous_12)
FNDA:2,(anonymous_13)
FNDA:2,(anonymous_14)
FNDA:6,(anonymous_15)
FNDA:6,(anonymous_16)
FNDA:6,(anonymous_17)
FNDA:6,(anonymous_18)
FNDA:10,(anonymous_19)
FNDA:10,(anonymous_20)
FNDA:8,(anonymous_21)
FNDA:8,(anonymous_22)
FNDA:4,(anonymous_23)
FNDA:4,(anonymous_24)
FNDA:4,(anonymous_25)
FNDA:4,(anonymous_26)
FNDA:4,(anonymous_27)
FNDA:4,(anonymous_28)
FNDA:60,(anonymous_29)
FNDA:2,(anonymous_30)
FNDA:4,(anonymous_31)
FNDA:222,(anonymous_32)
DA:103,4
DA:105,4
DA:107,4
DA:115,38
DA:116,38
DA:117,14
DA:120,4
DA:122,34
DA:123,34
DA:132,4
DA:133,4
DA:137,8
DA:138,8
DA:139,8
DA:144,6
DA:146,2
DA:147,2
DA:148,2
DA:152,6
DA:154,6
DA:161,2
DA:162,2
DA:167,6
DA:168,6
DA:169,6
DA:170,4
DA:171,4
DA:179,6
DA:180,6
DA:181,6
DA:182,2
DA:183,2
DA:184,2
DA:185,2
DA:195,10
DA:196,10
DA:197,10
DA:198,8
DA:199,8
DA:203,6
DA:204,2
DA:205,2
DA:206,2
DA:212,8
DA:213,8
DA:214,8
DA:215,2
DA:216,4
DA:217,2
DA:231,4
DA:234,4
DA:237,4
DA:240,60
DA:243,2
DA:247,4
DA:248,222
LF:56
LH:56
BRDA:116,0,0,4
BRDA:116,0,1,34
BRDA:117,1,0,38
BRDA:117,1,1,36
BRDA:139,2,0,6
BRDA:139,2,1,2
BRDA:140,3,0,8
BRDA:140,3,1,6
BRDA:140,3,2,6
BRDA:140,3,3,6
BRDA:140,3,4,4
BRDA:154,4,0,4
BRDA:154,4,1,2
BRDA:169,5,0,2
BRDA:169,5,1,4
BRDA:181,6,0,4
BRDA:181,6,1,2
BRDA:181,7,0,6
BRDA:181,7,1,4
BRDA:181,7,2,4
BRDA:197,8,0,2
BRDA:197,8,1,8
BRDA:199,9,0,6
BRDA:199,9,1,2
BRDA:200,10,0,8
BRDA:200,10,1,6
BRDA:200,10,2,6
BRDA:200,10,3,6
BRDA:200,10,4,4
BRDA:214,11,0,6
BRDA:214,11,1,2
BRDA:214,12,0,8
BRDA:214,12,1,6
BRDA:214,12,2,4
BRF:34
BRH:34
end_of_record
TN:
SF:src/store/offlineModeStore.ts
FN:18,(anonymous_0)
FN:22,(anonymous_1)
FN:22,(anonymous_2)
FN:23,(anonymous_3)
FN:27,(anonymous_4)
FN:28,(anonymous_5)
FN:38,(anonymous_6)
FNF:7
FNH:2
FNDA:2,(anonymous_0)
FNDA:0,(anonymous_1)
FNDA:0,(anonymous_2)
FNDA:0,(anonymous_3)
FNDA:2,(anonymous_4)
FNDA:0,(anonymous_5)
FNDA:0,(anonymous_6)
DA:14,2
DA:16,2
DA:18,2
DA:22,0
DA:23,0
DA:27,2
DA:28,0
DA:38,2
DA:39,0
DA:40,0
DA:45,2
DA:46,0
LF:12
LH:6
BRDA:39,0,0,0
BRDA:39,0,1,0
BRDA:45,1,0,0
BRDA:45,1,1,2
BRF:4
BRH:1
end_of_record
TN:
SF:src/store/pendingScrobbleStore.ts
FN:28,(anonymous_0)
FN:31,(anonymous_1)
FN:32,(anonymous_2)
FN:42,(anonymous_3)
FN:43,(anonymous_4)
FN:44,(anonymous_5)
FN:49,(anonymous_6)
FN:50,(anonymous_7)
FNF:8
FNH:8
FNDA:4,(anonymous_0)
FNDA:34,(anonymous_1)
FNDA:34,(anonymous_2)
FNDA:14,(anonymous_3)
FNDA:14,(anonymous_4)
FNDA:18,(anonymous_5)
FNDA:4,(anonymous_6)
FNDA:94,(anonymous_7)
DA:24,4
DA:26,4
DA:28,4
DA:32,34
DA:33,34
DA:34,28
DA:43,14
DA:44,18
DA:49,4
DA:50,94
LF:10
LH:10
BRDA:33,0,0,6
BRDA:33,0,1,28
BRDA:33,1,0,34
BRDA:33,1,1,30
BRF:4
BRH:4
end_of_record
TN:
SF:src/store/playbackSettingsStore.ts
FN:46,(anonymous_0)
FN:55,(anonymous_1)
FN:56,(anonymous_2)
FN:57,(anonymous_3)
FN:58,(anonymous_4)
FN:59,(anonymous_5)
FN:60,(anonymous_6)
FN:61,(anonymous_7)
FN:65,(anonymous_8)
FN:66,(anonymous_9)
FNF:10
FNH:0
FNDA:0,(anonymous_0)
FNDA:0,(anonymous_1)
FNDA:0,(anonymous_2)
FNDA:0,(anonymous_3)
FNDA:0,(anonymous_4)
FNDA:0,(anonymous_5)
FNDA:0,(anonymous_6)
FNDA:0,(anonymous_7)
FNDA:0,(anonymous_8)
FNDA:0,(anonymous_9)
DA:13,0
DA:42,0
DA:44,0
DA:46,0
DA:55,0
DA:56,0
DA:57,0
DA:58,0
DA:59,0
DA:60,0
DA:61,0
DA:65,0
DA:66,0
LF:13
LH:0
BRF:0
BRH:0
end_of_record
TN:
SF:src/store/playbackToastStore.ts
FN:19,(anonymous_0)
FN:24,(anonymous_1)
FN:26,(anonymous_2)
FN:29,(anonymous_3)
FN:32,(anonymous_4)
FN:35,(anonymous_5)
FN:38,(anonymous_6)
FNF:7
FNH:7
FNDA:2,(anonymous_0)
FNDA:16,(anonymous_1)
FNDA:6,(anonymous_2)
FNDA:6,(anonymous_3)
FNDA:6,(anonymous_4)
FNDA:6,(anonymous_5)
FNDA:4,(anonymous_6)
DA:5,2
DA:19,2
DA:24,16
DA:27,6
DA:28,6
DA:29,6
DA:33,6
DA:34,6
DA:35,6
DA:38,4
LF:10
LH:10
BRF:0
BRH:0
end_of_record
TN:
SF:src/store/playerStore.ts
FN:53,(anonymous_0)
FN:65,(anonymous_1)
FN:66,(anonymous_2)
FN:67,(anonymous_3)
FN:68,(anonymous_4)
FN:69,(anonymous_5)
FN:74,(anonymous_6)
FN:75,(anonymous_7)
FN:76,(anonymous_8)
FNF:9
FNH:0
FNDA:0,(anonymous_0)
FNDA:0,(anonymous_1)
FNDA:0,(anonymous_2)
FNDA:0,(anonymous_3)
FNDA:0,(anonymous_4)
FNDA:0,(anonymous_5)
FNDA:0,(anonymous_6)
FNDA:0,(anonymous_7)
FNDA:0,(anonymous_8)
DA:53,0
DA:65,0
DA:66,0
DA:67,0
DA:69,0
DA:74,0
DA:75,0
DA:76,0
LF:8
LH:0
BRDA:65,0,0,0
BRDA:65,0,1,0
BRDA:71,1,0,0
BRDA:71,1,1,0
BRDA:71,2,0,0
BRDA:71,2,1,0
BRF:6
BRH:0
end_of_record
TN:
SF:src/store/playlistDetailStore.ts
FN:37,(anonymous_0)
FN:40,(anonymous_1)
FN:54,(anonymous_2)
FN:76,(anonymous_3)
FN:100,(anonymous_4)
FN:105,(anonymous_5)
FN:109,(anonymous_6)
FN:110,(anonymous_7)
FNF:8
FNH:8
FNDA:2,(anonymous_0)
FNDA:6,(anonymous_1)
FNDA:10,(anonymous_2)
FNDA:12,(anonymous_3)
FNDA:4,(anonymous_4)
FNDA:32,(anonymous_5)
FNDA:2,(anonymous_6)
FNDA:76,(anonymous_7)
DA:33,2
DA:35,2
DA:37,2
DA:41,6
DA:42,6
DA:43,6
DA:44,4
DA:51,6
DA:55,10
DA:56,10
DA:57,8
DA:58,8
DA:62,6
DA:63,2
DA:64,2
DA:65,2
DA:77,12
DA:78,12
DA:79,10
DA:80,10
DA:81,6
DA:82,6
DA:83,6
DA:84,6
DA:101,4
DA:102,4
DA:105,32
DA:109,2
DA:110,76
LF:29
LH:29
BRDA:43,0,0,4
BRDA:43,0,1,2
BRDA:56,1,0,2
BRDA:56,1,1,8
BRDA:57,2,0,8
BRDA:57,2,1,0
BRDA:58,3,0,6
BRDA:58,3,1,2
BRDA:59,4,0,8
BRDA:59,4,1,6
BRDA:59,4,2,6
BRDA:59,4,3,6
BRDA:59,4,4,4
BRDA:78,5,0,2
BRDA:78,5,1,10
BRDA:79,6,0,10
BRDA:79,6,1,0
BRDA:80,7,0,4
BRDA:80,7,1,6
BRDA:80,8,0,10
BRDA:80,8,1,8
BRDA:83,9,0,6
BRDA:83,9,1,0
BRDA:83,10,0,6
BRDA:83,10,1,2
BRF:25
BRH:22
end_of_record
TN:
SF:src/store/playlistLibraryStore.ts
FN:34,(anonymous_0)
FN:40,(anonymous_1)
FN:62,(anonymous_2)
FN:63,(anonymous_3)
FN:64,(anonymous_4)
FN:67,(anonymous_5)
FN:77,(anonymous_6)
FN:78,(anonymous_7)
FNF:8
FNH:0
FNDA:0,(anonymous_0)
FNDA:0,(anonymous_1)
FNDA:0,(anonymous_2)
FNDA:0,(anonymous_3)
FNDA:0,(anonymous_4)
FNDA:0,(anonymous_5)
FNDA:0,(anonymous_6)
FNDA:0,(anonymous_7)
DA:30,0
DA:32,0
DA:34,0
DA:42,0
DA:44,0
DA:45,0
DA:46,0
DA:47,0
DA:49,0
DA:55,0
DA:63,0
DA:64,0
DA:68,0
DA:77,0
DA:78,0
LF:15
LH:0
BRDA:42,0,0,0
BRDA:42,0,1,0
BRDA:57,1,0,0
BRDA:57,1,1,0
BRF:4
BRH:0
end_of_record
TN:
SF:src/store/processingOverlayStore.ts
FN:19,(anonymous_0)
FN:24,(anonymous_1)
FN:26,(anonymous_2)
FN:29,(anonymous_3)
FN:32,(anonymous_4)
FN:35,(anonymous_5)
FN:38,(anonymous_6)
FNF:7
FNH:7
FNDA:2,(anonymous_0)
FNDA:16,(anonymous_1)
FNDA:6,(anonymous_2)
FNDA:6,(anonymous_3)
FNDA:6,(anonymous_4)
FNDA:6,(anonymous_5)
FNDA:4,(anonymous_6)
DA:5,2
DA:19,2
DA:24,16
DA:27,6
DA:28,6
DA:29,6
DA:33,6
DA:34,6
DA:35,6
DA:38,4
LF:10
LH:10
BRF:0
BRH:0
end_of_record
TN:
SF:src/store/ratingStore.ts
FN:24,(anonymous_0)
FN:27,(anonymous_1)
FN:28,(anonymous_2)
FN:32,(anonymous_3)
FN:33,(anonymous_4)
FN:38,(anonymous_5)
FN:39,(anonymous_6)
FN:50,(anonymous_7)
FN:54,(anonymous_8)
FN:55,(anonymous_9)
FNF:10
FNH:10
FNDA:2,(anonymous_0)
FNDA:20,(anonymous_1)
FNDA:20,(anonymous_2)
FNDA:4,(anonymous_3)
FNDA:4,(anonymous_4)
FNDA:6,(anonymous_5)
FNDA:6,(anonymous_6)
FNDA:18,(anonymous_7)
FNDA:2,(anonymous_8)
FNDA:48,(anonymous_9)
DA:20,2
DA:22,2
DA:24,2
DA:28,20
DA:33,4
DA:34,4
DA:35,4
DA:39,6
DA:40,6
DA:41,6
DA:42,2
DA:50,18
DA:54,2
DA:55,48
LF:14
LH:14
BRDA:41,0,0,4
BRDA:41,0,1,2
BRDA:41,1,0,6
BRDA:41,1,1,4
BRF:4
BRH:4
end_of_record
TN:
SF:src/store/scanStatusStore.ts
FN:38,(anonymous_0)
FN:41,(anonymous_1)
FN:50,(anonymous_2)
FN:52,(anonymous_3)
FN:54,(anonymous_4)
FN:58,(anonymous_5)
FN:59,(anonymous_6)
FNF:7
FNH:0
FNDA:0,(anonymous_0)
FNDA:0,(anonymous_1)
FNDA:0,(anonymous_2)
FNDA:0,(anonymous_3)
FNDA:0,(anonymous_4)
FNDA:0,(anonymous_5)
FNDA:0,(anonymous_6)
DA:25,0
DA:27,0
DA:36,0
DA:38,0
DA:42,0
DA:50,0
DA:52,0
DA:54,0
DA:58,0
DA:59,0
LF:10
LH:0
BRF:0
BRH:0
end_of_record
TN:
SF:src/store/searchStore.ts
FN:30,performOfflineSearch
FN:39,(anonymous_1)
FN:48,(anonymous_2)
FN:54,(anonymous_3)
FN:137,(anonymous_4)
FN:145,(anonymous_5)
FN:147,(anonymous_6)
FN:173,(anonymous_7)
FN:174,(anonymous_8)
FN:175,(anonymous_9)
FN:177,(anonymous_10)
FNF:11
FNH:0
FNDA:0,performOfflineSearch
FNDA:0,(anonymous_1)
FNDA:0,(anonymous_2)
FNDA:0,(anonymous_3)
FNDA:0,(anonymous_4)
FNDA:0,(anonymous_5)
FNDA:0,(anonymous_6)
FNDA:0,(anonymous_7)
FNDA:0,(anonymous_8)
FNDA:0,(anonymous_9)
FNDA:0,(anonymous_10)
DA:24,0
DA:31,0
DA:32,0
DA:34,0
DA:36,0
DA:40,0
DA:45,0
DA:48,0
DA:54,0
DA:64,0
DA:65,0
DA:66,0
DA:67,0
DA:70,0
DA:71,0
DA:72,0
DA:75,0
DA:76,0
DA:79,0
DA:80,0
DA:81,0
DA:82,0
DA:83,0
DA:84,0
DA:88,0
DA:89,0
DA:102,0
DA:137,0
DA:145,0
DA:148,0
DA:149,0
DA:150,0
DA:151,0
DA:154,0
DA:155,0
DA:156,0
DA:157,0
DA:160,0
DA:161,0
DA:162,0
DA:163,0
DA:164,0
DA:166,0
DA:173,0
DA:174,0
DA:175,0
DA:178,0
LF:47
LH:0
BRDA:40,0,0,0
BRDA:40,0,1,0
BRDA:40,0,2,0
BRDA:40,0,3,0
BRDA:48,1,0,0
BRDA:48,1,1,0
BRDA:66,2,0,0
BRDA:66,2,1,0
BRDA:67,3,0,0
BRDA:67,3,1,0
BRDA:71,4,0,0
BRDA:71,4,1,0
BRDA:72,5,0,0
BRDA:72,5,1,0
BRDA:76,6,0,0
BRDA:76,6,1,0
BRDA:83,7,0,0
BRDA:83,7,1,0
BRDA:84,8,0,0
BRDA:84,8,1,0
BRDA:85,9,0,0
BRDA:85,9,1,0
BRDA:96,10,0,0
BRDA:96,10,1,0
BRDA:149,11,0,0
BRDA:149,11,1,0
BRDA:154,12,0,0
BRDA:154,12,1,0
BRDA:168,13,0,0
BRDA:168,13,1,0
BRF:30
BRH:0
end_of_record
TN:
SF:src/store/serverInfoStore.ts
FN:38,(anonymous_0)
FN:41,(anonymous_1)
FN:47,(anonymous_2)
FN:51,(anonymous_3)
FN:52,(anonymous_4)
FNF:5
FNH:0
FNDA:0,(anonymous_0)
FNDA:0,(anonymous_1)
FNDA:0,(anonymous_2)
FNDA:0,(anonymous_3)
FNDA:0,(anonymous_4)
DA:25,0
DA:27,0
DA:36,0
DA:38,0
DA:42,0
DA:47,0
DA:51,0
DA:52,0
LF:8
LH:0
BRDA:44,0,0,0
BRDA:44,0,1,0
BRF:2
BRH:0
end_of_record
TN:
SF:src/store/setRatingStore.ts
FN:18,(anonymous_0)
FN:27,(anonymous_1)
FN:30,(anonymous_2)
FNF:3
FNH:0
FNDA:0,(anonymous_0)
FNDA:0,(anonymous_1)
FNDA:0,(anonymous_2)
DA:18,0
DA:28,0
DA:31,0
LF:3
LH:0
BRDA:28,0,0,0
BRDA:28,0,1,0
BRDA:28,1,0,0
BRDA:28,1,1,0
BRF:4
BRH:0
end_of_record
TN:
SF:src/store/shareSettingsStore.ts
FN:14,(anonymous_0)
FN:16,(anonymous_1)
FN:20,(anonymous_2)
FN:21,(anonymous_3)
FN:31,getEffectiveShareBaseUrl
FN:39,rewriteShareUrl
FNF:6
FNH:6
FNDA:2,(anonymous_0)
FNDA:10,(anonymous_1)
FNDA:2,(anonymous_2)
FNDA:44,(anonymous_3)
FNDA:6,getEffectiveShareBaseUrl
FNDA:10,rewriteShareUrl
DA:12,2
DA:14,2
DA:16,10
DA:20,2
DA:21,44
DA:32,6
DA:40,10
DA:41,10
DA:43,8
DA:44,8
DA:46,6
DA:47,6
DA:48,6
DA:49,4
DA:51,2
LF:15
LH:15
BRDA:16,0,0,10
BRDA:16,0,1,4
BRDA:32,1,0,6
BRDA:32,1,1,4
BRDA:41,2,0,2
BRDA:41,2,1,8
BRDA:44,3,0,2
BRDA:44,3,1,6
BRF:8
BRH:8
end_of_record
TN:
SF:src/store/sharesStore.ts
FN:23,(anonymous_0)
FN:28,(anonymous_1)
FN:45,(anonymous_2)
FN:48,(anonymous_3)
FN:53,(anonymous_4)
FN:57,(anonymous_5)
FN:58,(anonymous_6)
FNF:7
FNH:0
FNDA:0,(anonymous_0)
FNDA:0,(anonymous_1)
FNDA:0,(anonymous_2)
FNDA:0,(anonymous_3)
FNDA:0,(anonymous_4)
FNDA:0,(anonymous_5)
FNDA:0,(anonymous_6)
DA:21,0
DA:23,0
DA:29,0
DA:30,0
DA:31,0
DA:32,0
DA:33,0
DA:35,0
DA:38,0
DA:46,0
DA:47,0
DA:48,0
DA:50,0
DA:53,0
DA:57,0
DA:58,0
LF:16
LH:0
BRDA:32,0,0,0
BRDA:32,0,1,0
BRDA:40,1,0,0
BRDA:40,1,1,0
BRDA:47,2,0,0
BRDA:47,2,1,0
BRF:6
BRH:0
end_of_record
TN:
SF:src/store/sqliteStorage.ts
FN:16,(anonymous_0)
FN:23,(anonymous_1)
FN:29,(anonymous_2)
FNF:3
FNH:0
FNDA:0,(anonymous_0)
FNDA:0,(anonymous_1)
FNDA:0,(anonymous_2)
DA:4,0
DA:7,0
DA:8,0
DA:9,0
DA:11,0
DA:15,0
DA:17,0
DA:21,0
DA:24,0
DA:30,0
LF:10
LH:0
BRDA:21,0,0,0
BRDA:21,0,1,0
BRF:2
BRH:0
end_of_record
TN:
SF:src/store/sslCertStore.ts
FN:30,(anonymous_0)
FN:33,(anonymous_1)
FN:34,(anonymous_2)
FN:44,(anonymous_3)
FN:45,(anonymous_4)
FN:50,(anonymous_5)
FN:54,(anonymous_6)
FN:60,(anonymous_7)
FN:61,(anonymous_8)
FNF:9
FNH:0
FNDA:0,(anonymous_0)
FNDA:0,(anonymous_1)
FNDA:0,(anonymous_2)
FNDA:0,(anonymous_3)
FNDA:0,(anonymous_4)
FNDA:0,(anonymous_5)
FNDA:0,(anonymous_6)
FNDA:0,(anonymous_7)
FNDA:0,(anonymous_8)
DA:26,0
DA:28,0
DA:30,0
DA:34,0
DA:45,0
DA:46,0
DA:47,0
DA:51,0
DA:55,0
DA:60,0
DA:61,0
LF:11
LH:0
BRDA:55,0,0,0
BRDA:55,0,1,0
BRF:2
BRH:0
end_of_record
TN:
SF:src/store/storageLimitStore.ts
FN:22,(anonymous_0)
FN:27,(anonymous_1)
FN:28,(anonymous_2)
FN:29,(anonymous_3)
FN:33,(anonymous_4)
FN:34,(anonymous_5)
FNF:6
FNH:6
FNDA:4,(anonymous_0)
FNDA:4,(anonymous_1)
FNDA:4,(anonymous_2)
FNDA:12,(anonymous_3)
FNDA:4,(anonymous_4)
FNDA:66,(anonymous_5)
DA:18,4
DA:20,4
DA:22,4
DA:27,4
DA:28,4
DA:29,12
DA:33,4
DA:34,66
LF:8
LH:8
BRF:0
BRH:0
end_of_record
TN:
SF:src/store/themeStore.ts
FN:21,(anonymous_0)
FN:24,(anonymous_1)
FN:25,(anonymous_2)
FN:29,(anonymous_3)
FN:30,(anonymous_4)
FNF:5
FNH:0
FNDA:0,(anonymous_0)
FNDA:0,(anonymous_1)
FNDA:0,(anonymous_2)
FNDA:0,(anonymous_3)
FNDA:0,(anonymous_4)
DA:8,0
DA:17,0
DA:19,0
DA:21,0
DA:24,0
DA:25,0
DA:29,0
DA:30,0
LF:8
LH:0
BRF:0
BRH:0
end_of_record
TN:
SF:src/utils/colors.ts
FN:21,getProminentColor
FNF:1
FNH:1
FNDA:12,getProminentColor
DA:22,12
DA:23,10
DA:24,8
LF:3
LH:3
BRDA:22,0,0,2
BRDA:22,0,1,10
BRDA:22,1,0,12
BRDA:22,1,1,4
BRDA:23,2,0,2
BRDA:23,2,1,8
BRDA:23,3,0,10
BRDA:23,3,1,2
BRF:8
BRH:8
end_of_record
TN:
SF:src/utils/formatters.ts
FN:9,formatCompactDuration
FN:21,formatTrackDuration
FN:31,stripHtml
FN:50,sanitizeBiographyText
FN:64,(anonymous_4)
FN:68,(anonymous_5)
FN:84,formatBytes
FN:96,formatSpeed
FNF:8
FNH:8
FNDA:22,formatCompactDuration
FNDA:18,formatTrackDuration
FNDA:14,stripHtml
FNDA:34,sanitizeBiographyText
FNDA:4,(anonymous_4)
FNDA:4,(anonymous_5)
FNDA:18,formatBytes
FNDA:12,formatSpeed
DA:10,22
DA:11,22
DA:12,10
DA:13,10
DA:14,10
DA:22,18
DA:23,18
DA:24,18
DA:32,14
DA:36,2
DA:52,34
DA:58,34
DA:61,34
DA:62,204
DA:64,34
DA:65,4
DA:66,4
DA:68,34
DA:69,4
DA:70,4
DA:75,34
DA:76,34
DA:77,34
DA:85,18
DA:86,16
DA:87,16
DA:88,16
DA:89,16
DA:97,12
DA:98,8
DA:99,8
DA:100,8
DA:101,8
LF:33
LH:33
BRDA:11,0,0,12
BRDA:11,0,1,10
BRDA:14,1,0,4
BRDA:14,1,1,6
BRDA:66,2,0,2
BRDA:66,2,1,2
BRDA:66,3,0,4
BRDA:66,3,1,2
BRDA:70,4,0,2
BRDA:70,4,1,2
BRDA:70,5,0,4
BRDA:70,5,1,2
BRDA:85,6,0,2
BRDA:85,6,1,16
BRDA:89,7,0,8
BRDA:89,7,1,8
BRDA:97,8,0,4
BRDA:97,8,1,8
BRDA:101,9,0,4
BRDA:101,9,1,4
BRF:20
BRH:20
end_of_record
TN:
SF:src/utils/haptics.ts
FN:10,impactAsync
FN:20,notificationAsync
FN:30,selectionAsync
FNF:3
FNH:0
FNDA:0,impactAsync
FNDA:0,notificationAsync
FNDA:0,selectionAsync
DA:8,0
DA:13,0
DA:14,0
DA:23,0
DA:24,0
DA:31,0
DA:32,0
LF:7
LH:0
BRDA:11,0,0,0
BRDA:21,1,0,0
BRF:2
BRH:0
end_of_record
TN:
SF:src/utils/stringHelpers.ts
FN:5,getFirstLetter
FN:14,minDelay
FN:15,(anonymous_2)
FNF:3
FNH:3
FNDA:22,getFirstLetter
FNDA:8,minDelay
FNDA:8,(anonymous_2)
DA:6,22
DA:7,22
DA:15,8
LF:3
LH:3
BRDA:7,0,0,8
BRDA:7,0,1,14
BRDA:14,1,0,2
BRF:3
BRH:3
end_of_record
